{"E:\\2024\\01\\laporan masyarakat\\server\\app.js": {"path":"E:\\2024\\01\\laporan masyarakat\\server\\app.js","statementMap":{"0":{"start":{"line":1,"column":16},"end":{"line":1,"column":34}},"1":{"start":{"line":2,"column":21},"end":{"line":2,"column":45}},"2":{"start":{"line":3,"column":12},"end":{"line":3,"column":21}},"3":{"start":{"line":4,"column":15},"end":{"line":4,"column":32}},"4":{"start":{"line":5,"column":13},"end":{"line":5,"column":28}},"5":{"start":{"line":7,"column":15},"end":{"line":7,"column":35}},"6":{"start":{"line":8,"column":22},"end":{"line":8,"column":59}},"7":{"start":{"line":9,"column":24},"end":{"line":9,"column":62}},"8":{"start":{"line":10,"column":17},"end":{"line":10,"column":53}},"9":{"start":{"line":13,"column":16},"end":{"line":13,"column":42}},"10":{"start":{"line":17,"column":0},"end":{"line":17,"column":30}},"11":{"start":{"line":19,"column":0},"end":{"line":19,"column":24}},"12":{"start":{"line":20,"column":0},"end":{"line":20,"column":49}},"13":{"start":{"line":23,"column":0},"end":{"line":32,"column":2}},"14":{"start":{"line":34,"column":0},"end":{"line":39,"column":2}},"15":{"start":{"line":40,"column":0},"end":{"line":40,"column":24}},"16":{"start":{"line":41,"column":0},"end":{"line":41,"column":31}},"17":{"start":{"line":44,"column":0},"end":{"line":44,"column":16}},"18":{"start":{"line":53,"column":0},"end":{"line":56,"column":3}},"19":{"start":{"line":54,"column":19},"end":{"line":54,"column":34}},"20":{"start":{"line":55,"column":2},"end":{"line":55,"column":67}},"21":{"start":{"line":58,"column":0},"end":{"line":58,"column":25}},"22":{"start":{"line":60,"column":0},"end":{"line":60,"column":21}}},"fnMap":{"0":{"name":"(anonymous_0)","decl":{"start":{"line":53,"column":13},"end":{"line":53,"column":14}},"loc":{"start":{"line":53,"column":33},"end":{"line":56,"column":1}},"line":53}},"branchMap":{},"s":{"0":6,"1":6,"2":6,"3":6,"4":6,"5":6,"6":6,"7":6,"8":6,"9":6,"10":6,"11":6,"12":6,"13":6,"14":6,"15":6,"16":6,"17":6,"18":6,"19":1,"20":1,"21":6,"22":6},"f":{"0":1},"b":{},"_coverageSchema":"1a1c01bbd47fc00a2c39e90264f33305004495a9","hash":"9466468d401ac91ee38efeda4da15a6192a8e6e6"}
,"E:\\2024\\01\\laporan masyarakat\\server\\authentication\\auth.js": {"path":"E:\\2024\\01\\laporan masyarakat\\server\\authentication\\auth.js","statementMap":{"0":{"start":{"line":1,"column":17},"end":{"line":1,"column":38}},"1":{"start":{"line":2,"column":22},"end":{"line":2,"column":60}},"2":{"start":{"line":4,"column":21},"end":{"line":4,"column":69}},"3":{"start":{"line":6,"column":15},"end":{"line":12,"column":1}},"4":{"start":{"line":7,"column":2},"end":{"line":11,"column":3}},"5":{"start":{"line":8,"column":4},"end":{"line":8,"column":11}},"6":{"start":{"line":10,"column":4},"end":{"line":10,"column":49}},"7":{"start":{"line":14,"column":16},"end":{"line":20,"column":1}},"8":{"start":{"line":15,"column":2},"end":{"line":19,"column":3}},"9":{"start":{"line":16,"column":4},"end":{"line":16,"column":11}},"10":{"start":{"line":18,"column":4},"end":{"line":18,"column":49}},"11":{"start":{"line":22,"column":0},"end":{"line":22,"column":51}}},"fnMap":{"0":{"name":"(anonymous_0)","decl":{"start":{"line":6,"column":15},"end":{"line":6,"column":16}},"loc":{"start":{"line":6,"column":35},"end":{"line":12,"column":1}},"line":6},"1":{"name":"(anonymous_1)","decl":{"start":{"line":14,"column":16},"end":{"line":14,"column":17}},"loc":{"start":{"line":14,"column":36},"end":{"line":20,"column":1}},"line":14}},"branchMap":{"0":{"loc":{"start":{"line":7,"column":2},"end":{"line":11,"column":3}},"type":"if","locations":[{"start":{"line":7,"column":2},"end":{"line":11,"column":3}},{"start":{"line":9,"column":9},"end":{"line":11,"column":3}}],"line":7},"1":{"loc":{"start":{"line":15,"column":2},"end":{"line":19,"column":3}},"type":"if","locations":[{"start":{"line":15,"column":2},"end":{"line":19,"column":3}},{"start":{"line":17,"column":9},"end":{"line":19,"column":3}}],"line":15}},"s":{"0":6,"1":6,"2":6,"3":6,"4":11,"5":11,"6":0,"7":6,"8":17,"9":17,"10":0,"11":6},"f":{"0":11,"1":17},"b":{"0":[11,0],"1":[17,0]},"_coverageSchema":"1a1c01bbd47fc00a2c39e90264f33305004495a9","hash":"d21b3dbe83369cd707cd0188612de322a7b2c459"}
,"E:\\2024\\01\\laporan masyarakat\\server\\authentication\\passport.js": {"path":"E:\\2024\\01\\laporan masyarakat\\server\\authentication\\passport.js","statementMap":{"0":{"start":{"line":1,"column":17},"end":{"line":1,"column":36}},"1":{"start":{"line":2,"column":21},"end":{"line":2,"column":44}},"2":{"start":{"line":3,"column":11},"end":{"line":3,"column":30}},"3":{"start":{"line":5,"column":19},"end":{"line":5,"column":42}},"4":{"start":{"line":7,"column":16},"end":{"line":12,"column":1}},"5":{"start":{"line":9,"column":4},"end":{"line":9,"column":37}},"6":{"start":{"line":14,"column":21},"end":{"line":37,"column":1}},"7":{"start":{"line":15,"column":2},"end":{"line":36,"column":3}},"8":{"start":{"line":16,"column":4},"end":{"line":25,"column":5}},"9":{"start":{"line":17,"column":19},"end":{"line":19,"column":22}},"10":{"start":{"line":20,"column":6},"end":{"line":20,"column":31}},"11":{"start":{"line":21,"column":6},"end":{"line":23,"column":7}},"12":{"start":{"line":22,"column":8},"end":{"line":22,"column":33}},"13":{"start":{"line":24,"column":6},"end":{"line":24,"column":30}},"14":{"start":{"line":26,"column":4},"end":{"line":33,"column":5}},"15":{"start":{"line":27,"column":20},"end":{"line":27,"column":79}},"16":{"start":{"line":28,"column":6},"end":{"line":28,"column":32}},"17":{"start":{"line":29,"column":6},"end":{"line":31,"column":7}},"18":{"start":{"line":30,"column":8},"end":{"line":30,"column":33}},"19":{"start":{"line":32,"column":6},"end":{"line":32,"column":31}},"20":{"start":{"line":35,"column":4},"end":{"line":35,"column":30}},"21":{"start":{"line":39,"column":0},"end":{"line":39,"column":50}},"22":{"start":{"line":41,"column":0},"end":{"line":41,"column":26}}},"fnMap":{"0":{"name":"(anonymous_0)","decl":{"start":{"line":8,"column":18},"end":{"line":8,"column":19}},"loc":{"start":{"line":8,"column":27},"end":{"line":10,"column":3}},"line":8},"1":{"name":"(anonymous_1)","decl":{"start":{"line":14,"column":21},"end":{"line":14,"column":22}},"loc":{"start":{"line":14,"column":46},"end":{"line":37,"column":1}},"line":14}},"branchMap":{"0":{"loc":{"start":{"line":16,"column":4},"end":{"line":25,"column":5}},"type":"if","locations":[{"start":{"line":16,"column":4},"end":{"line":25,"column":5}},{"start":{},"end":{}}],"line":16},"1":{"loc":{"start":{"line":21,"column":6},"end":{"line":23,"column":7}},"type":"if","locations":[{"start":{"line":21,"column":6},"end":{"line":23,"column":7}},{"start":{},"end":{}}],"line":21},"2":{"loc":{"start":{"line":26,"column":4},"end":{"line":33,"column":5}},"type":"if","locations":[{"start":{"line":26,"column":4},"end":{"line":33,"column":5}},{"start":{},"end":{}}],"line":26},"3":{"loc":{"start":{"line":29,"column":6},"end":{"line":31,"column":7}},"type":"if","locations":[{"start":{"line":29,"column":6},"end":{"line":31,"column":7}},{"start":{},"end":{}}],"line":29}},"s":{"0":6,"1":6,"2":6,"3":6,"4":6,"5":60,"6":6,"7":31,"8":31,"9":14,"10":14,"11":14,"12":0,"13":14,"14":17,"15":17,"16":17,"17":17,"18":0,"19":17,"20":0,"21":6,"22":6},"f":{"0":60,"1":31},"b":{"0":[14,17],"1":[0,14],"2":[17,0],"3":[0,17]},"_coverageSchema":"1a1c01bbd47fc00a2c39e90264f33305004495a9","hash":"907f9b197989a27e55aa5241170c02d7b158dddd"}
,"E:\\2024\\01\\laporan masyarakat\\server\\controllers\\AdminController.js": {"path":"E:\\2024\\01\\laporan masyarakat\\server\\controllers\\AdminController.js","statementMap":{"0":{"start":{"line":1,"column":11},"end":{"line":1,"column":30}},"1":{"start":{"line":2,"column":15},"end":{"line":2,"column":32}},"2":{"start":{"line":6,"column":4},"end":{"line":18,"column":5}},"3":{"start":{"line":7,"column":19},"end":{"line":9,"column":23}},"4":{"start":{"line":11,"column":6},"end":{"line":15,"column":9}},"5":{"start":{"line":17,"column":6},"end":{"line":17,"column":53}},"6":{"start":{"line":22,"column":4},"end":{"line":34,"column":5}},"7":{"start":{"line":23,"column":19},"end":{"line":23,"column":70}},"8":{"start":{"line":25,"column":6},"end":{"line":31,"column":9}},"9":{"start":{"line":33,"column":6},"end":{"line":33,"column":53}},"10":{"start":{"line":38,"column":4},"end":{"line":48,"column":5}},"11":{"start":{"line":39,"column":19},"end":{"line":39,"column":70}},"12":{"start":{"line":40,"column":6},"end":{"line":45,"column":9}},"13":{"start":{"line":47,"column":6},"end":{"line":47,"column":53}},"14":{"start":{"line":52,"column":4},"end":{"line":104,"column":5}},"15":{"start":{"line":53,"column":50},"end":{"line":53,"column":58}},"16":{"start":{"line":54,"column":21},"end":{"line":54,"column":23}},"17":{"start":{"line":56,"column":27},"end":{"line":58,"column":72}},"18":{"start":{"line":59,"column":25},"end":{"line":61,"column":69}},"19":{"start":{"line":63,"column":6},"end":{"line":65,"column":7}},"20":{"start":{"line":64,"column":8},"end":{"line":64,"column":60}},"21":{"start":{"line":67,"column":6},"end":{"line":69,"column":7}},"22":{"start":{"line":68,"column":8},"end":{"line":68,"column":66}},"23":{"start":{"line":71,"column":6},"end":{"line":76,"column":7}},"24":{"start":{"line":75,"column":8},"end":{"line":75,"column":62}},"25":{"start":{"line":78,"column":6},"end":{"line":101,"column":7}},"26":{"start":{"line":79,"column":8},"end":{"line":89,"column":13}},"27":{"start":{"line":90,"column":8},"end":{"line":90,"column":56}},"28":{"start":{"line":91,"column":8},"end":{"line":91,"column":38}},"29":{"start":{"line":93,"column":21},"end":{"line":93,"column":72}},"30":{"start":{"line":94,"column":8},"end":{"line":100,"column":11}},"31":{"start":{"line":103,"column":6},"end":{"line":103,"column":53}},"32":{"start":{"line":108,"column":4},"end":{"line":120,"column":5}},"33":{"start":{"line":109,"column":19},"end":{"line":111,"column":23}},"34":{"start":{"line":112,"column":6},"end":{"line":117,"column":9}},"35":{"start":{"line":119,"column":6},"end":{"line":119,"column":53}},"36":{"start":{"line":124,"column":4},"end":{"line":150,"column":5}},"37":{"start":{"line":125,"column":27},"end":{"line":125,"column":35}},"38":{"start":{"line":127,"column":26},"end":{"line":129,"column":35}},"39":{"start":{"line":130,"column":24},"end":{"line":130,"column":79}},"40":{"start":{"line":132,"column":6},"end":{"line":147,"column":7}},"41":{"start":{"line":133,"column":8},"end":{"line":138,"column":11}},"42":{"start":{"line":140,"column":8},"end":{"line":146,"column":11}},"43":{"start":{"line":149,"column":6},"end":{"line":149,"column":53}},"44":{"start":{"line":154,"column":4},"end":{"line":193,"column":5}},"45":{"start":{"line":155,"column":27},"end":{"line":155,"column":35}},"46":{"start":{"line":156,"column":26},"end":{"line":158,"column":35}},"47":{"start":{"line":159,"column":25},"end":{"line":159,"column":44}},"48":{"start":{"line":160,"column":27},"end":{"line":163,"column":7}},"49":{"start":{"line":165,"column":6},"end":{"line":190,"column":7}},"50":{"start":{"line":166,"column":8},"end":{"line":172,"column":11}},"51":{"start":{"line":173,"column":13},"end":{"line":190,"column":7}},"52":{"start":{"line":174,"column":8},"end":{"line":180,"column":11}},"53":{"start":{"line":182,"column":8},"end":{"line":187,"column":13}},"54":{"start":{"line":188,"column":8},"end":{"line":188,"column":58}},"55":{"start":{"line":189,"column":8},"end":{"line":189,"column":38}},"56":{"start":{"line":192,"column":6},"end":{"line":192,"column":53}},"57":{"start":{"line":197,"column":4},"end":{"line":216,"column":5}},"58":{"start":{"line":198,"column":20},"end":{"line":198,"column":39}},"59":{"start":{"line":199,"column":20},"end":{"line":199,"column":64}},"60":{"start":{"line":200,"column":20},"end":{"line":200,"column":63}},"61":{"start":{"line":202,"column":19},"end":{"line":204,"column":23}},"62":{"start":{"line":206,"column":6},"end":{"line":213,"column":9}},"63":{"start":{"line":215,"column":6},"end":{"line":215,"column":53}},"64":{"start":{"line":220,"column":4},"end":{"line":235,"column":5}},"65":{"start":{"line":221,"column":19},"end":{"line":223,"column":23}},"66":{"start":{"line":224,"column":19},"end":{"line":224,"column":62}},"67":{"start":{"line":226,"column":6},"end":{"line":232,"column":9}},"68":{"start":{"line":234,"column":6},"end":{"line":234,"column":53}},"69":{"start":{"line":239,"column":4},"end":{"line":255,"column":5}},"70":{"start":{"line":240,"column":19},"end":{"line":242,"column":8}},"71":{"start":{"line":243,"column":19},"end":{"line":245,"column":23}},"72":{"start":{"line":247,"column":6},"end":{"line":252,"column":9}},"73":{"start":{"line":254,"column":6},"end":{"line":254,"column":53}},"74":{"start":{"line":259,"column":4},"end":{"line":275,"column":5}},"75":{"start":{"line":260,"column":19},"end":{"line":262,"column":8}},"76":{"start":{"line":263,"column":19},"end":{"line":265,"column":23}},"77":{"start":{"line":267,"column":6},"end":{"line":272,"column":9}},"78":{"start":{"line":274,"column":6},"end":{"line":274,"column":53}},"79":{"start":{"line":279,"column":4},"end":{"line":339,"column":5}},"80":{"start":{"line":280,"column":45},"end":{"line":280,"column":53}},"81":{"start":{"line":281,"column":21},"end":{"line":281,"column":23}},"82":{"start":{"line":282,"column":19},"end":{"line":284,"column":23}},"83":{"start":{"line":286,"column":22},"end":{"line":288,"column":48}},"84":{"start":{"line":289,"column":25},"end":{"line":291,"column":69}},"85":{"start":{"line":293,"column":6},"end":{"line":295,"column":7}},"86":{"start":{"line":294,"column":8},"end":{"line":294,"column":55}},"87":{"start":{"line":297,"column":6},"end":{"line":299,"column":7}},"88":{"start":{"line":298,"column":8},"end":{"line":298,"column":52}},"89":{"start":{"line":301,"column":6},"end":{"line":303,"column":7}},"90":{"start":{"line":302,"column":8},"end":{"line":302,"column":66}},"91":{"start":{"line":305,"column":6},"end":{"line":310,"column":7}},"92":{"start":{"line":309,"column":8},"end":{"line":309,"column":62}},"93":{"start":{"line":312,"column":6},"end":{"line":336,"column":7}},"94":{"start":{"line":313,"column":21},"end":{"line":315,"column":10}},"95":{"start":{"line":317,"column":8},"end":{"line":323,"column":11}},"96":{"start":{"line":325,"column":8},"end":{"line":333,"column":13}},"97":{"start":{"line":334,"column":8},"end":{"line":334,"column":54}},"98":{"start":{"line":335,"column":8},"end":{"line":335,"column":42}},"99":{"start":{"line":338,"column":6},"end":{"line":338,"column":53}},"100":{"start":{"line":343,"column":4},"end":{"line":349,"column":5}},"101":{"start":{"line":344,"column":6},"end":{"line":344,"column":74}},"102":{"start":{"line":345,"column":6},"end":{"line":345,"column":53}},"103":{"start":{"line":346,"column":6},"end":{"line":346,"column":40}},"104":{"start":{"line":348,"column":6},"end":{"line":348,"column":53}},"105":{"start":{"line":353,"column":4},"end":{"line":368,"column":5}},"106":{"start":{"line":354,"column":19},"end":{"line":354,"column":73}},"107":{"start":{"line":355,"column":19},"end":{"line":357,"column":23}},"108":{"start":{"line":359,"column":6},"end":{"line":365,"column":9}},"109":{"start":{"line":367,"column":6},"end":{"line":367,"column":53}},"110":{"start":{"line":372,"column":4},"end":{"line":383,"column":5}},"111":{"start":{"line":373,"column":19},"end":{"line":375,"column":23}},"112":{"start":{"line":376,"column":6},"end":{"line":380,"column":9}},"113":{"start":{"line":382,"column":6},"end":{"line":382,"column":53}},"114":{"start":{"line":387,"column":4},"end":{"line":438,"column":5}},"115":{"start":{"line":388,"column":50},"end":{"line":388,"column":58}},"116":{"start":{"line":389,"column":21},"end":{"line":389,"column":23}},"117":{"start":{"line":391,"column":19},"end":{"line":393,"column":23}},"118":{"start":{"line":394,"column":27},"end":{"line":396,"column":8}},"119":{"start":{"line":397,"column":25},"end":{"line":399,"column":8}},"120":{"start":{"line":401,"column":6},"end":{"line":403,"column":7}},"121":{"start":{"line":402,"column":8},"end":{"line":402,"column":60}},"122":{"start":{"line":405,"column":6},"end":{"line":407,"column":7}},"123":{"start":{"line":406,"column":8},"end":{"line":406,"column":65}},"124":{"start":{"line":409,"column":6},"end":{"line":414,"column":7}},"125":{"start":{"line":413,"column":8},"end":{"line":413,"column":62}},"126":{"start":{"line":416,"column":6},"end":{"line":435,"column":7}},"127":{"start":{"line":417,"column":8},"end":{"line":425,"column":11}},"128":{"start":{"line":426,"column":8},"end":{"line":426,"column":53}},"129":{"start":{"line":427,"column":8},"end":{"line":427,"column":39}},"130":{"start":{"line":429,"column":8},"end":{"line":434,"column":11}},"131":{"start":{"line":437,"column":6},"end":{"line":437,"column":53}},"132":{"start":{"line":442,"column":4},"end":{"line":456,"column":5}},"133":{"start":{"line":443,"column":19},"end":{"line":445,"column":23}},"134":{"start":{"line":446,"column":19},"end":{"line":446,"column":74}},"135":{"start":{"line":448,"column":6},"end":{"line":453,"column":9}},"136":{"start":{"line":455,"column":6},"end":{"line":455,"column":53}},"137":{"start":{"line":460,"column":4},"end":{"line":477,"column":5}},"138":{"start":{"line":461,"column":19},"end":{"line":463,"column":44}},"139":{"start":{"line":464,"column":19},"end":{"line":466,"column":23}},"140":{"start":{"line":468,"column":6},"end":{"line":474,"column":9}},"141":{"start":{"line":476,"column":6},"end":{"line":476,"column":53}},"142":{"start":{"line":481,"column":4},"end":{"line":501,"column":5}},"143":{"start":{"line":482,"column":22},"end":{"line":484,"column":8}},"144":{"start":{"line":485,"column":23},"end":{"line":487,"column":8}},"145":{"start":{"line":488,"column":19},"end":{"line":490,"column":23}},"146":{"start":{"line":492,"column":6},"end":{"line":498,"column":9}},"147":{"start":{"line":500,"column":6},"end":{"line":500,"column":53}},"148":{"start":{"line":505,"column":4},"end":{"line":524,"column":5}},"149":{"start":{"line":506,"column":30},"end":{"line":506,"column":38}},"150":{"start":{"line":508,"column":6},"end":{"line":519,"column":11}},"151":{"start":{"line":516,"column":10},"end":{"line":518,"column":38}},"152":{"start":{"line":520,"column":6},"end":{"line":520,"column":57}},"153":{"start":{"line":521,"column":6},"end":{"line":521,"column":37}},"154":{"start":{"line":523,"column":6},"end":{"line":523,"column":53}},"155":{"start":{"line":528,"column":4},"end":{"line":534,"column":5}},"156":{"start":{"line":529,"column":6},"end":{"line":529,"column":72}},"157":{"start":{"line":530,"column":6},"end":{"line":530,"column":58}},"158":{"start":{"line":531,"column":6},"end":{"line":531,"column":37}},"159":{"start":{"line":533,"column":6},"end":{"line":533,"column":53}},"160":{"start":{"line":538,"column":4},"end":{"line":555,"column":5}},"161":{"start":{"line":539,"column":19},"end":{"line":542,"column":43}},"162":{"start":{"line":543,"column":19},"end":{"line":545,"column":23}},"163":{"start":{"line":547,"column":6},"end":{"line":552,"column":9}},"164":{"start":{"line":554,"column":6},"end":{"line":554,"column":53}},"165":{"start":{"line":559,"column":4},"end":{"line":588,"column":5}},"166":{"start":{"line":560,"column":19},"end":{"line":562,"column":23}},"167":{"start":{"line":564,"column":22},"end":{"line":566,"column":8}},"168":{"start":{"line":567,"column":23},"end":{"line":569,"column":8}},"169":{"start":{"line":570,"column":24},"end":{"line":572,"column":8}},"170":{"start":{"line":573,"column":24},"end":{"line":575,"column":8}},"171":{"start":{"line":577,"column":6},"end":{"line":585,"column":9}},"172":{"start":{"line":587,"column":6},"end":{"line":587,"column":53}},"173":{"start":{"line":592,"column":4},"end":{"line":609,"column":5}},"174":{"start":{"line":593,"column":19},"end":{"line":596,"column":48}},"175":{"start":{"line":597,"column":19},"end":{"line":599,"column":23}},"176":{"start":{"line":601,"column":6},"end":{"line":606,"column":9}},"177":{"start":{"line":608,"column":6},"end":{"line":608,"column":53}},"178":{"start":{"line":613,"column":4},"end":{"line":630,"column":5}},"179":{"start":{"line":614,"column":19},"end":{"line":617,"column":52}},"180":{"start":{"line":618,"column":24},"end":{"line":620,"column":44}},"181":{"start":{"line":621,"column":6},"end":{"line":627,"column":9}},"182":{"start":{"line":629,"column":6},"end":{"line":629,"column":53}},"183":{"start":{"line":634,"column":4},"end":{"line":639,"column":5}},"184":{"start":{"line":635,"column":6},"end":{"line":635,"column":28}},"185":{"start":{"line":636,"column":6},"end":{"line":636,"column":24}},"186":{"start":{"line":638,"column":6},"end":{"line":638,"column":53}},"187":{"start":{"line":643,"column":0},"end":{"line":643,"column":33}}},"fnMap":{"0":{"name":"(anonymous_0)","decl":{"start":{"line":5,"column":2},"end":{"line":5,"column":3}},"loc":{"start":{"line":5,"column":34},"end":{"line":19,"column":3}},"line":5},"1":{"name":"(anonymous_1)","decl":{"start":{"line":21,"column":2},"end":{"line":21,"column":3}},"loc":{"start":{"line":21,"column":33},"end":{"line":35,"column":3}},"line":21},"2":{"name":"(anonymous_2)","decl":{"start":{"line":37,"column":2},"end":{"line":37,"column":3}},"loc":{"start":{"line":37,"column":40},"end":{"line":49,"column":3}},"line":37},"3":{"name":"(anonymous_3)","decl":{"start":{"line":51,"column":2},"end":{"line":51,"column":3}},"loc":{"start":{"line":51,"column":41},"end":{"line":105,"column":3}},"line":51},"4":{"name":"(anonymous_4)","decl":{"start":{"line":107,"column":2},"end":{"line":107,"column":3}},"loc":{"start":{"line":107,"column":37},"end":{"line":121,"column":3}},"line":107},"5":{"name":"(anonymous_5)","decl":{"start":{"line":123,"column":2},"end":{"line":123,"column":3}},"loc":{"start":{"line":123,"column":38},"end":{"line":151,"column":3}},"line":123},"6":{"name":"(anonymous_6)","decl":{"start":{"line":153,"column":2},"end":{"line":153,"column":3}},"loc":{"start":{"line":153,"column":41},"end":{"line":194,"column":3}},"line":153},"7":{"name":"(anonymous_7)","decl":{"start":{"line":196,"column":2},"end":{"line":196,"column":3}},"loc":{"start":{"line":196,"column":35},"end":{"line":217,"column":3}},"line":196},"8":{"name":"(anonymous_8)","decl":{"start":{"line":219,"column":2},"end":{"line":219,"column":3}},"loc":{"start":{"line":219,"column":40},"end":{"line":236,"column":3}},"line":219},"9":{"name":"(anonymous_9)","decl":{"start":{"line":238,"column":2},"end":{"line":238,"column":3}},"loc":{"start":{"line":238,"column":42},"end":{"line":256,"column":3}},"line":238},"10":{"name":"(anonymous_10)","decl":{"start":{"line":258,"column":2},"end":{"line":258,"column":3}},"loc":{"start":{"line":258,"column":43},"end":{"line":276,"column":3}},"line":258},"11":{"name":"(anonymous_11)","decl":{"start":{"line":278,"column":2},"end":{"line":278,"column":3}},"loc":{"start":{"line":278,"column":44},"end":{"line":340,"column":3}},"line":278},"12":{"name":"(anonymous_12)","decl":{"start":{"line":342,"column":2},"end":{"line":342,"column":3}},"loc":{"start":{"line":342,"column":42},"end":{"line":350,"column":3}},"line":342},"13":{"name":"(anonymous_13)","decl":{"start":{"line":352,"column":2},"end":{"line":352,"column":3}},"loc":{"start":{"line":352,"column":37},"end":{"line":369,"column":3}},"line":352},"14":{"name":"(anonymous_14)","decl":{"start":{"line":371,"column":2},"end":{"line":371,"column":3}},"loc":{"start":{"line":371,"column":41},"end":{"line":384,"column":3}},"line":371},"15":{"name":"(anonymous_15)","decl":{"start":{"line":386,"column":2},"end":{"line":386,"column":3}},"loc":{"start":{"line":386,"column":42},"end":{"line":439,"column":3}},"line":386},"16":{"name":"(anonymous_16)","decl":{"start":{"line":441,"column":2},"end":{"line":441,"column":3}},"loc":{"start":{"line":441,"column":39},"end":{"line":457,"column":3}},"line":441},"17":{"name":"(anonymous_17)","decl":{"start":{"line":459,"column":2},"end":{"line":459,"column":3}},"loc":{"start":{"line":459,"column":36},"end":{"line":478,"column":3}},"line":459},"18":{"name":"(anonymous_18)","decl":{"start":{"line":480,"column":2},"end":{"line":480,"column":3}},"loc":{"start":{"line":480,"column":42},"end":{"line":502,"column":3}},"line":480},"19":{"name":"(anonymous_19)","decl":{"start":{"line":504,"column":2},"end":{"line":504,"column":3}},"loc":{"start":{"line":504,"column":31},"end":{"line":525,"column":3}},"line":504},"20":{"name":"(anonymous_20)","decl":{"start":{"line":515,"column":14},"end":{"line":515,"column":15}},"loc":{"start":{"line":515,"column":20},"end":{"line":519,"column":9}},"line":515},"21":{"name":"(anonymous_21)","decl":{"start":{"line":527,"column":2},"end":{"line":527,"column":3}},"loc":{"start":{"line":527,"column":38},"end":{"line":535,"column":3}},"line":527},"22":{"name":"(anonymous_22)","decl":{"start":{"line":537,"column":2},"end":{"line":537,"column":3}},"loc":{"start":{"line":537,"column":36},"end":{"line":556,"column":3}},"line":537},"23":{"name":"(anonymous_23)","decl":{"start":{"line":558,"column":2},"end":{"line":558,"column":3}},"loc":{"start":{"line":558,"column":42},"end":{"line":589,"column":3}},"line":558},"24":{"name":"(anonymous_24)","decl":{"start":{"line":591,"column":2},"end":{"line":591,"column":3}},"loc":{"start":{"line":591,"column":33},"end":{"line":610,"column":3}},"line":591},"25":{"name":"(anonymous_25)","decl":{"start":{"line":612,"column":2},"end":{"line":612,"column":3}},"loc":{"start":{"line":612,"column":39},"end":{"line":631,"column":3}},"line":612},"26":{"name":"(anonymous_26)","decl":{"start":{"line":633,"column":2},"end":{"line":633,"column":3}},"loc":{"start":{"line":633,"column":32},"end":{"line":640,"column":3}},"line":633}},"branchMap":{"0":{"loc":{"start":{"line":63,"column":6},"end":{"line":65,"column":7}},"type":"if","locations":[{"start":{"line":63,"column":6},"end":{"line":65,"column":7}},{"start":{},"end":{}}],"line":63},"1":{"loc":{"start":{"line":67,"column":6},"end":{"line":69,"column":7}},"type":"if","locations":[{"start":{"line":67,"column":6},"end":{"line":69,"column":7}},{"start":{},"end":{}}],"line":67},"2":{"loc":{"start":{"line":71,"column":6},"end":{"line":76,"column":7}},"type":"if","locations":[{"start":{"line":71,"column":6},"end":{"line":76,"column":7}},{"start":{},"end":{}}],"line":71},"3":{"loc":{"start":{"line":72,"column":8},"end":{"line":73,"column":47}},"type":"binary-expr","locations":[{"start":{"line":72,"column":8},"end":{"line":72,"column":46}},{"start":{"line":73,"column":8},"end":{"line":73,"column":47}}],"line":72},"4":{"loc":{"start":{"line":78,"column":6},"end":{"line":101,"column":7}},"type":"if","locations":[{"start":{"line":78,"column":6},"end":{"line":101,"column":7}},{"start":{"line":92,"column":13},"end":{"line":101,"column":7}}],"line":78},"5":{"loc":{"start":{"line":132,"column":6},"end":{"line":147,"column":7}},"type":"if","locations":[{"start":{"line":132,"column":6},"end":{"line":147,"column":7}},{"start":{"line":139,"column":13},"end":{"line":147,"column":7}}],"line":132},"6":{"loc":{"start":{"line":165,"column":6},"end":{"line":190,"column":7}},"type":"if","locations":[{"start":{"line":165,"column":6},"end":{"line":190,"column":7}},{"start":{"line":173,"column":13},"end":{"line":190,"column":7}}],"line":165},"7":{"loc":{"start":{"line":173,"column":13},"end":{"line":190,"column":7}},"type":"if","locations":[{"start":{"line":173,"column":13},"end":{"line":190,"column":7}},{"start":{"line":181,"column":13},"end":{"line":190,"column":7}}],"line":173},"8":{"loc":{"start":{"line":293,"column":6},"end":{"line":295,"column":7}},"type":"if","locations":[{"start":{"line":293,"column":6},"end":{"line":295,"column":7}},{"start":{},"end":{}}],"line":293},"9":{"loc":{"start":{"line":297,"column":6},"end":{"line":299,"column":7}},"type":"if","locations":[{"start":{"line":297,"column":6},"end":{"line":299,"column":7}},{"start":{},"end":{}}],"line":297},"10":{"loc":{"start":{"line":301,"column":6},"end":{"line":303,"column":7}},"type":"if","locations":[{"start":{"line":301,"column":6},"end":{"line":303,"column":7}},{"start":{},"end":{}}],"line":301},"11":{"loc":{"start":{"line":305,"column":6},"end":{"line":310,"column":7}},"type":"if","locations":[{"start":{"line":305,"column":6},"end":{"line":310,"column":7}},{"start":{},"end":{}}],"line":305},"12":{"loc":{"start":{"line":306,"column":8},"end":{"line":307,"column":47}},"type":"binary-expr","locations":[{"start":{"line":306,"column":8},"end":{"line":306,"column":46}},{"start":{"line":307,"column":8},"end":{"line":307,"column":47}}],"line":306},"13":{"loc":{"start":{"line":312,"column":6},"end":{"line":336,"column":7}},"type":"if","locations":[{"start":{"line":312,"column":6},"end":{"line":336,"column":7}},{"start":{"line":324,"column":13},"end":{"line":336,"column":7}}],"line":312},"14":{"loc":{"start":{"line":401,"column":6},"end":{"line":403,"column":7}},"type":"if","locations":[{"start":{"line":401,"column":6},"end":{"line":403,"column":7}},{"start":{},"end":{}}],"line":401},"15":{"loc":{"start":{"line":405,"column":6},"end":{"line":407,"column":7}},"type":"if","locations":[{"start":{"line":405,"column":6},"end":{"line":407,"column":7}},{"start":{},"end":{}}],"line":405},"16":{"loc":{"start":{"line":409,"column":6},"end":{"line":414,"column":7}},"type":"if","locations":[{"start":{"line":409,"column":6},"end":{"line":414,"column":7}},{"start":{},"end":{}}],"line":409},"17":{"loc":{"start":{"line":410,"column":8},"end":{"line":411,"column":47}},"type":"binary-expr","locations":[{"start":{"line":410,"column":8},"end":{"line":410,"column":46}},{"start":{"line":411,"column":8},"end":{"line":411,"column":47}}],"line":410},"18":{"loc":{"start":{"line":416,"column":6},"end":{"line":435,"column":7}},"type":"if","locations":[{"start":{"line":416,"column":6},"end":{"line":435,"column":7}},{"start":{"line":428,"column":13},"end":{"line":435,"column":7}}],"line":416}},"s":{"0":6,"1":6,"2":0,"3":0,"4":0,"5":0,"6":0,"7":0,"8":0,"9":0,"10":0,"11":0,"12":0,"13":0,"14":0,"15":0,"16":0,"17":0,"18":0,"19":0,"20":0,"21":0,"22":0,"23":0,"24":0,"25":0,"26":0,"27":0,"28":0,"29":0,"30":0,"31":0,"32":0,"33":0,"34":0,"35":0,"36":0,"37":0,"38":0,"39":0,"40":0,"41":0,"42":0,"43":0,"44":0,"45":0,"46":0,"47":0,"48":0,"49":0,"50":0,"51":0,"52":0,"53":0,"54":0,"55":0,"56":0,"57":0,"58":0,"59":0,"60":0,"61":0,"62":0,"63":0,"64":0,"65":0,"66":0,"67":0,"68":0,"69":0,"70":0,"71":0,"72":0,"73":0,"74":0,"75":0,"76":0,"77":0,"78":0,"79":0,"80":0,"81":0,"82":0,"83":0,"84":0,"85":0,"86":0,"87":0,"88":0,"89":0,"90":0,"91":0,"92":0,"93":0,"94":0,"95":0,"96":0,"97":0,"98":0,"99":0,"100":0,"101":0,"102":0,"103":0,"104":0,"105":0,"106":0,"107":0,"108":0,"109":0,"110":0,"111":0,"112":0,"113":0,"114":0,"115":0,"116":0,"117":0,"118":0,"119":0,"120":0,"121":0,"122":0,"123":0,"124":0,"125":0,"126":0,"127":0,"128":0,"129":0,"130":0,"131":0,"132":0,"133":0,"134":0,"135":0,"136":0,"137":0,"138":0,"139":0,"140":0,"141":0,"142":0,"143":0,"144":0,"145":0,"146":0,"147":0,"148":0,"149":0,"150":0,"151":0,"152":0,"153":0,"154":0,"155":0,"156":0,"157":0,"158":0,"159":0,"160":0,"161":0,"162":0,"163":0,"164":0,"165":0,"166":0,"167":0,"168":0,"169":0,"170":0,"171":0,"172":0,"173":0,"174":0,"175":0,"176":0,"177":0,"178":0,"179":0,"180":0,"181":0,"182":0,"183":0,"184":0,"185":0,"186":0,"187":6},"f":{"0":0,"1":0,"2":0,"3":0,"4":0,"5":0,"6":0,"7":0,"8":0,"9":0,"10":0,"11":0,"12":0,"13":0,"14":0,"15":0,"16":0,"17":0,"18":0,"19":0,"20":0,"21":0,"22":0,"23":0,"24":0,"25":0,"26":0},"b":{"0":[0,0],"1":[0,0],"2":[0,0],"3":[0,0],"4":[0,0],"5":[0,0],"6":[0,0],"7":[0,0],"8":[0,0],"9":[0,0],"10":[0,0],"11":[0,0],"12":[0,0],"13":[0,0],"14":[0,0],"15":[0,0],"16":[0,0],"17":[0,0],"18":[0,0]},"_coverageSchema":"1a1c01bbd47fc00a2c39e90264f33305004495a9","hash":"4c7712a83ce480fe6808129893687d63dc9580f3"}
,"E:\\2024\\01\\laporan masyarakat\\server\\controllers\\Controller.js": {"path":"E:\\2024\\01\\laporan masyarakat\\server\\controllers\\Controller.js","statementMap":{"0":{"start":{"line":1,"column":11},"end":{"line":1,"column":30}},"1":{"start":{"line":2,"column":15},"end":{"line":2,"column":32}},"2":{"start":{"line":3,"column":14},"end":{"line":3,"column":38}},"3":{"start":{"line":7,"column":4},"end":{"line":15,"column":5}},"4":{"start":{"line":8,"column":6},"end":{"line":8,"column":13}},"5":{"start":{"line":10,"column":6},"end":{"line":14,"column":7}},"6":{"start":{"line":11,"column":8},"end":{"line":11,"column":31}},"7":{"start":{"line":13,"column":8},"end":{"line":13,"column":26}},"8":{"start":{"line":19,"column":4},"end":{"line":27,"column":5}},"9":{"start":{"line":20,"column":6},"end":{"line":20,"column":13}},"10":{"start":{"line":22,"column":6},"end":{"line":26,"column":7}},"11":{"start":{"line":23,"column":8},"end":{"line":23,"column":30}},"12":{"start":{"line":25,"column":8},"end":{"line":25,"column":26}},"13":{"start":{"line":31,"column":4},"end":{"line":39,"column":5}},"14":{"start":{"line":32,"column":6},"end":{"line":32,"column":13}},"15":{"start":{"line":34,"column":6},"end":{"line":38,"column":7}},"16":{"start":{"line":35,"column":8},"end":{"line":35,"column":30}},"17":{"start":{"line":37,"column":8},"end":{"line":37,"column":31}},"18":{"start":{"line":43,"column":4},"end":{"line":51,"column":5}},"19":{"start":{"line":44,"column":6},"end":{"line":48,"column":9}},"20":{"start":{"line":50,"column":6},"end":{"line":50,"column":53}},"21":{"start":{"line":55,"column":4},"end":{"line":86,"column":5}},"22":{"start":{"line":56,"column":32},"end":{"line":56,"column":40}},"23":{"start":{"line":57,"column":21},"end":{"line":57,"column":23}},"24":{"start":{"line":59,"column":19},"end":{"line":59,"column":61}},"25":{"start":{"line":61,"column":6},"end":{"line":83,"column":7}},"26":{"start":{"line":62,"column":26},"end":{"line":62,"column":74}},"27":{"start":{"line":63,"column":8},"end":{"line":75,"column":9}},"28":{"start":{"line":64,"column":10},"end":{"line":64,"column":34}},"29":{"start":{"line":65,"column":10},"end":{"line":65,"column":36}},"30":{"start":{"line":66,"column":10},"end":{"line":66,"column":40}},"31":{"start":{"line":67,"column":10},"end":{"line":67,"column":32}},"32":{"start":{"line":69,"column":10},"end":{"line":69,"column":62}},"33":{"start":{"line":70,"column":10},"end":{"line":74,"column":13}},"34":{"start":{"line":77,"column":8},"end":{"line":77,"column":60}},"35":{"start":{"line":78,"column":8},"end":{"line":82,"column":11}},"36":{"start":{"line":85,"column":6},"end":{"line":85,"column":53}},"37":{"start":{"line":90,"column":4},"end":{"line":97,"column":5}},"38":{"start":{"line":91,"column":6},"end":{"line":94,"column":9}},"39":{"start":{"line":96,"column":6},"end":{"line":96,"column":53}},"40":{"start":{"line":101,"column":4},"end":{"line":131,"column":5}},"41":{"start":{"line":102,"column":37},"end":{"line":102,"column":45}},"42":{"start":{"line":103,"column":21},"end":{"line":103,"column":23}},"43":{"start":{"line":105,"column":19},"end":{"line":105,"column":68}},"44":{"start":{"line":106,"column":6},"end":{"line":128,"column":7}},"45":{"start":{"line":107,"column":26},"end":{"line":107,"column":74}},"46":{"start":{"line":108,"column":8},"end":{"line":120,"column":9}},"47":{"start":{"line":109,"column":10},"end":{"line":109,"column":34}},"48":{"start":{"line":110,"column":10},"end":{"line":110,"column":37}},"49":{"start":{"line":111,"column":10},"end":{"line":111,"column":40}},"50":{"start":{"line":112,"column":10},"end":{"line":112,"column":33}},"51":{"start":{"line":114,"column":10},"end":{"line":114,"column":67}},"52":{"start":{"line":115,"column":10},"end":{"line":119,"column":13}},"53":{"start":{"line":122,"column":8},"end":{"line":122,"column":65}},"54":{"start":{"line":123,"column":8},"end":{"line":127,"column":11}},"55":{"start":{"line":130,"column":6},"end":{"line":130,"column":53}},"56":{"start":{"line":135,"column":4},"end":{"line":142,"column":5}},"57":{"start":{"line":136,"column":6},"end":{"line":139,"column":9}},"58":{"start":{"line":141,"column":6},"end":{"line":141,"column":53}},"59":{"start":{"line":146,"column":4},"end":{"line":198,"column":5}},"60":{"start":{"line":147,"column":55},"end":{"line":147,"column":63}},"61":{"start":{"line":149,"column":21},"end":{"line":149,"column":23}},"62":{"start":{"line":151,"column":22},"end":{"line":153,"column":8}},"63":{"start":{"line":154,"column":25},"end":{"line":156,"column":8}},"64":{"start":{"line":158,"column":6},"end":{"line":160,"column":7}},"65":{"start":{"line":159,"column":8},"end":{"line":159,"column":56}},"66":{"start":{"line":162,"column":6},"end":{"line":164,"column":7}},"67":{"start":{"line":163,"column":8},"end":{"line":163,"column":52}},"68":{"start":{"line":166,"column":6},"end":{"line":168,"column":7}},"69":{"start":{"line":167,"column":8},"end":{"line":167,"column":66}},"70":{"start":{"line":170,"column":6},"end":{"line":175,"column":7}},"71":{"start":{"line":174,"column":8},"end":{"line":174,"column":62}},"72":{"start":{"line":177,"column":6},"end":{"line":195,"column":7}},"73":{"start":{"line":178,"column":8},"end":{"line":186,"column":11}},"74":{"start":{"line":187,"column":8},"end":{"line":187,"column":69}},"75":{"start":{"line":188,"column":8},"end":{"line":188,"column":26}},"76":{"start":{"line":190,"column":8},"end":{"line":194,"column":11}},"77":{"start":{"line":197,"column":6},"end":{"line":197,"column":53}},"78":{"start":{"line":202,"column":0},"end":{"line":202,"column":28}}},"fnMap":{"0":{"name":"(anonymous_0)","decl":{"start":{"line":6,"column":2},"end":{"line":6,"column":3}},"loc":{"start":{"line":6,"column":40},"end":{"line":16,"column":3}},"line":6},"1":{"name":"(anonymous_1)","decl":{"start":{"line":18,"column":2},"end":{"line":18,"column":3}},"loc":{"start":{"line":18,"column":41},"end":{"line":28,"column":3}},"line":18},"2":{"name":"(anonymous_2)","decl":{"start":{"line":30,"column":2},"end":{"line":30,"column":3}},"loc":{"start":{"line":30,"column":37},"end":{"line":40,"column":3}},"line":30},"3":{"name":"(anonymous_3)","decl":{"start":{"line":42,"column":2},"end":{"line":42,"column":3}},"loc":{"start":{"line":42,"column":28},"end":{"line":52,"column":3}},"line":42},"4":{"name":"(anonymous_4)","decl":{"start":{"line":54,"column":2},"end":{"line":54,"column":3}},"loc":{"start":{"line":54,"column":31},"end":{"line":87,"column":3}},"line":54},"5":{"name":"(anonymous_5)","decl":{"start":{"line":89,"column":2},"end":{"line":89,"column":3}},"loc":{"start":{"line":89,"column":41},"end":{"line":98,"column":3}},"line":89},"6":{"name":"(anonymous_6)","decl":{"start":{"line":100,"column":2},"end":{"line":100,"column":3}},"loc":{"start":{"line":100,"column":42},"end":{"line":132,"column":3}},"line":100},"7":{"name":"(anonymous_7)","decl":{"start":{"line":134,"column":2},"end":{"line":134,"column":3}},"loc":{"start":{"line":134,"column":37},"end":{"line":143,"column":3}},"line":134},"8":{"name":"(anonymous_8)","decl":{"start":{"line":145,"column":2},"end":{"line":145,"column":3}},"loc":{"start":{"line":145,"column":38},"end":{"line":199,"column":3}},"line":145}},"branchMap":{"0":{"loc":{"start":{"line":7,"column":4},"end":{"line":15,"column":5}},"type":"if","locations":[{"start":{"line":7,"column":4},"end":{"line":15,"column":5}},{"start":{"line":9,"column":11},"end":{"line":15,"column":5}}],"line":7},"1":{"loc":{"start":{"line":7,"column":8},"end":{"line":7,"column":54}},"type":"binary-expr","locations":[{"start":{"line":7,"column":8},"end":{"line":7,"column":24}},{"start":{"line":7,"column":28},"end":{"line":7,"column":54}}],"line":7},"2":{"loc":{"start":{"line":10,"column":6},"end":{"line":14,"column":7}},"type":"if","locations":[{"start":{"line":10,"column":6},"end":{"line":14,"column":7}},{"start":{"line":12,"column":13},"end":{"line":14,"column":7}}],"line":10},"3":{"loc":{"start":{"line":19,"column":4},"end":{"line":27,"column":5}},"type":"if","locations":[{"start":{"line":19,"column":4},"end":{"line":27,"column":5}},{"start":{"line":21,"column":11},"end":{"line":27,"column":5}}],"line":19},"4":{"loc":{"start":{"line":22,"column":6},"end":{"line":26,"column":7}},"type":"if","locations":[{"start":{"line":22,"column":6},"end":{"line":26,"column":7}},{"start":{"line":24,"column":13},"end":{"line":26,"column":7}}],"line":22},"5":{"loc":{"start":{"line":31,"column":4},"end":{"line":39,"column":5}},"type":"if","locations":[{"start":{"line":31,"column":4},"end":{"line":39,"column":5}},{"start":{"line":33,"column":11},"end":{"line":39,"column":5}}],"line":31},"6":{"loc":{"start":{"line":34,"column":6},"end":{"line":38,"column":7}},"type":"if","locations":[{"start":{"line":34,"column":6},"end":{"line":38,"column":7}},{"start":{"line":36,"column":13},"end":{"line":38,"column":7}}],"line":34},"7":{"loc":{"start":{"line":61,"column":6},"end":{"line":83,"column":7}},"type":"if","locations":[{"start":{"line":61,"column":6},"end":{"line":83,"column":7}},{"start":{"line":76,"column":13},"end":{"line":83,"column":7}}],"line":61},"8":{"loc":{"start":{"line":63,"column":8},"end":{"line":75,"column":9}},"type":"if","locations":[{"start":{"line":63,"column":8},"end":{"line":75,"column":9}},{"start":{"line":68,"column":15},"end":{"line":75,"column":9}}],"line":63},"9":{"loc":{"start":{"line":106,"column":6},"end":{"line":128,"column":7}},"type":"if","locations":[{"start":{"line":106,"column":6},"end":{"line":128,"column":7}},{"start":{"line":121,"column":13},"end":{"line":128,"column":7}}],"line":106},"10":{"loc":{"start":{"line":108,"column":8},"end":{"line":120,"column":9}},"type":"if","locations":[{"start":{"line":108,"column":8},"end":{"line":120,"column":9}},{"start":{"line":113,"column":15},"end":{"line":120,"column":9}}],"line":108},"11":{"loc":{"start":{"line":158,"column":6},"end":{"line":160,"column":7}},"type":"if","locations":[{"start":{"line":158,"column":6},"end":{"line":160,"column":7}},{"start":{},"end":{}}],"line":158},"12":{"loc":{"start":{"line":162,"column":6},"end":{"line":164,"column":7}},"type":"if","locations":[{"start":{"line":162,"column":6},"end":{"line":164,"column":7}},{"start":{},"end":{}}],"line":162},"13":{"loc":{"start":{"line":166,"column":6},"end":{"line":168,"column":7}},"type":"if","locations":[{"start":{"line":166,"column":6},"end":{"line":168,"column":7}},{"start":{},"end":{}}],"line":166},"14":{"loc":{"start":{"line":170,"column":6},"end":{"line":175,"column":7}},"type":"if","locations":[{"start":{"line":170,"column":6},"end":{"line":175,"column":7}},{"start":{},"end":{}}],"line":170},"15":{"loc":{"start":{"line":171,"column":8},"end":{"line":172,"column":47}},"type":"binary-expr","locations":[{"start":{"line":171,"column":8},"end":{"line":171,"column":46}},{"start":{"line":172,"column":8},"end":{"line":172,"column":47}}],"line":171},"16":{"loc":{"start":{"line":177,"column":6},"end":{"line":195,"column":7}},"type":"if","locations":[{"start":{"line":177,"column":6},"end":{"line":195,"column":7}},{"start":{"line":189,"column":13},"end":{"line":195,"column":7}}],"line":177}},"s":{"0":6,"1":6,"2":6,"3":0,"4":0,"5":0,"6":0,"7":0,"8":0,"9":0,"10":0,"11":0,"12":0,"13":0,"14":0,"15":0,"16":0,"17":0,"18":0,"19":0,"20":0,"21":0,"22":0,"23":0,"24":0,"25":0,"26":0,"27":0,"28":0,"29":0,"30":0,"31":0,"32":0,"33":0,"34":0,"35":0,"36":0,"37":0,"38":0,"39":0,"40":0,"41":0,"42":0,"43":0,"44":0,"45":0,"46":0,"47":0,"48":0,"49":0,"50":0,"51":0,"52":0,"53":0,"54":0,"55":0,"56":0,"57":0,"58":0,"59":0,"60":0,"61":0,"62":0,"63":0,"64":0,"65":0,"66":0,"67":0,"68":0,"69":0,"70":0,"71":0,"72":0,"73":0,"74":0,"75":0,"76":0,"77":0,"78":6},"f":{"0":0,"1":0,"2":0,"3":0,"4":0,"5":0,"6":0,"7":0,"8":0},"b":{"0":[0,0],"1":[0,0],"2":[0,0],"3":[0,0],"4":[0,0],"5":[0,0],"6":[0,0],"7":[0,0],"8":[0,0],"9":[0,0],"10":[0,0],"11":[0,0],"12":[0,0],"13":[0,0],"14":[0,0],"15":[0,0],"16":[0,0]},"_coverageSchema":"1a1c01bbd47fc00a2c39e90264f33305004495a9","hash":"c96e158d9bb60ba3164ba92ad7469e9631b21467"}
,"E:\\2024\\01\\laporan masyarakat\\server\\controllers\\UserController.js": {"path":"E:\\2024\\01\\laporan masyarakat\\server\\controllers\\UserController.js","statementMap":{"0":{"start":{"line":1,"column":11},"end":{"line":1,"column":30}},"1":{"start":{"line":2,"column":15},"end":{"line":2,"column":32}},"2":{"start":{"line":7,"column":4},"end":{"line":19,"column":5}},"3":{"start":{"line":8,"column":19},"end":{"line":10,"column":23}},"4":{"start":{"line":11,"column":6},"end":{"line":16,"column":9}},"5":{"start":{"line":18,"column":6},"end":{"line":18,"column":53}},"6":{"start":{"line":23,"column":4},"end":{"line":35,"column":5}},"7":{"start":{"line":24,"column":19},"end":{"line":24,"column":73}},"8":{"start":{"line":26,"column":6},"end":{"line":32,"column":9}},"9":{"start":{"line":34,"column":6},"end":{"line":34,"column":53}},"10":{"start":{"line":39,"column":4},"end":{"line":50,"column":5}},"11":{"start":{"line":40,"column":19},"end":{"line":40,"column":73}},"12":{"start":{"line":42,"column":6},"end":{"line":47,"column":9}},"13":{"start":{"line":49,"column":6},"end":{"line":49,"column":53}},"14":{"start":{"line":54,"column":4},"end":{"line":108,"column":5}},"15":{"start":{"line":55,"column":45},"end":{"line":55,"column":53}},"16":{"start":{"line":56,"column":21},"end":{"line":56,"column":23}},"17":{"start":{"line":58,"column":22},"end":{"line":60,"column":48}},"18":{"start":{"line":61,"column":25},"end":{"line":63,"column":69}},"19":{"start":{"line":65,"column":6},"end":{"line":67,"column":7}},"20":{"start":{"line":66,"column":8},"end":{"line":66,"column":55}},"21":{"start":{"line":69,"column":6},"end":{"line":71,"column":7}},"22":{"start":{"line":70,"column":8},"end":{"line":70,"column":52}},"23":{"start":{"line":73,"column":6},"end":{"line":75,"column":7}},"24":{"start":{"line":74,"column":8},"end":{"line":74,"column":66}},"25":{"start":{"line":77,"column":6},"end":{"line":82,"column":7}},"26":{"start":{"line":81,"column":8},"end":{"line":81,"column":62}},"27":{"start":{"line":84,"column":6},"end":{"line":105,"column":7}},"28":{"start":{"line":85,"column":8},"end":{"line":93,"column":13}},"29":{"start":{"line":94,"column":8},"end":{"line":94,"column":56}},"30":{"start":{"line":95,"column":8},"end":{"line":95,"column":37}},"31":{"start":{"line":97,"column":21},"end":{"line":97,"column":75}},"32":{"start":{"line":98,"column":8},"end":{"line":104,"column":11}},"33":{"start":{"line":107,"column":6},"end":{"line":107,"column":53}},"34":{"start":{"line":112,"column":4},"end":{"line":124,"column":5}},"35":{"start":{"line":113,"column":19},"end":{"line":115,"column":23}},"36":{"start":{"line":116,"column":6},"end":{"line":121,"column":9}},"37":{"start":{"line":123,"column":6},"end":{"line":123,"column":53}},"38":{"start":{"line":128,"column":4},"end":{"line":157,"column":5}},"39":{"start":{"line":129,"column":27},"end":{"line":129,"column":35}},"40":{"start":{"line":131,"column":19},"end":{"line":133,"column":23}},"41":{"start":{"line":134,"column":26},"end":{"line":136,"column":27}},"42":{"start":{"line":137,"column":24},"end":{"line":137,"column":79}},"43":{"start":{"line":139,"column":6},"end":{"line":154,"column":7}},"44":{"start":{"line":140,"column":8},"end":{"line":145,"column":11}},"45":{"start":{"line":147,"column":8},"end":{"line":153,"column":11}},"46":{"start":{"line":156,"column":6},"end":{"line":156,"column":53}},"47":{"start":{"line":161,"column":4},"end":{"line":203,"column":5}},"48":{"start":{"line":162,"column":27},"end":{"line":162,"column":35}},"49":{"start":{"line":164,"column":25},"end":{"line":164,"column":44}},"50":{"start":{"line":165,"column":19},"end":{"line":165,"column":73}},"51":{"start":{"line":166,"column":26},"end":{"line":168,"column":27}},"52":{"start":{"line":170,"column":27},"end":{"line":173,"column":7}},"53":{"start":{"line":175,"column":6},"end":{"line":200,"column":7}},"54":{"start":{"line":176,"column":8},"end":{"line":182,"column":11}},"55":{"start":{"line":183,"column":13},"end":{"line":200,"column":7}},"56":{"start":{"line":184,"column":8},"end":{"line":190,"column":11}},"57":{"start":{"line":192,"column":8},"end":{"line":197,"column":13}},"58":{"start":{"line":198,"column":8},"end":{"line":198,"column":58}},"59":{"start":{"line":199,"column":8},"end":{"line":199,"column":37}},"60":{"start":{"line":202,"column":6},"end":{"line":202,"column":53}},"61":{"start":{"line":207,"column":4},"end":{"line":218,"column":5}},"62":{"start":{"line":208,"column":19},"end":{"line":210,"column":23}},"63":{"start":{"line":211,"column":6},"end":{"line":215,"column":9}},"64":{"start":{"line":217,"column":6},"end":{"line":217,"column":53}},"65":{"start":{"line":222,"column":4},"end":{"line":260,"column":5}},"66":{"start":{"line":223,"column":30},"end":{"line":223,"column":38}},"67":{"start":{"line":224,"column":19},"end":{"line":224,"column":27}},"68":{"start":{"line":226,"column":19},"end":{"line":228,"column":23}},"69":{"start":{"line":230,"column":6},"end":{"line":245,"column":7}},"70":{"start":{"line":231,"column":8},"end":{"line":236,"column":11}},"71":{"start":{"line":238,"column":8},"end":{"line":244,"column":11}},"72":{"start":{"line":247,"column":6},"end":{"line":252,"column":9}},"73":{"start":{"line":259,"column":6},"end":{"line":259,"column":53}},"74":{"start":{"line":264,"column":4},"end":{"line":280,"column":5}},"75":{"start":{"line":265,"column":19},"end":{"line":267,"column":8}},"76":{"start":{"line":268,"column":23},"end":{"line":270,"column":23}},"77":{"start":{"line":272,"column":6},"end":{"line":277,"column":9}},"78":{"start":{"line":279,"column":6},"end":{"line":279,"column":53}},"79":{"start":{"line":284,"column":4},"end":{"line":317,"column":5}},"80":{"start":{"line":285,"column":26},"end":{"line":287,"column":8}},"81":{"start":{"line":288,"column":26},"end":{"line":290,"column":8}},"82":{"start":{"line":291,"column":23},"end":{"line":291,"column":77}},"83":{"start":{"line":293,"column":6},"end":{"line":314,"column":7}},"84":{"start":{"line":294,"column":26},"end":{"line":296,"column":10}},"85":{"start":{"line":297,"column":8},"end":{"line":305,"column":11}},"86":{"start":{"line":307,"column":8},"end":{"line":313,"column":11}},"87":{"start":{"line":316,"column":6},"end":{"line":316,"column":53}},"88":{"start":{"line":321,"column":4},"end":{"line":326,"column":5}},"89":{"start":{"line":322,"column":6},"end":{"line":322,"column":28}},"90":{"start":{"line":323,"column":6},"end":{"line":323,"column":24}},"91":{"start":{"line":325,"column":6},"end":{"line":325,"column":53}},"92":{"start":{"line":330,"column":0},"end":{"line":330,"column":32}}},"fnMap":{"0":{"name":"(anonymous_0)","decl":{"start":{"line":6,"column":2},"end":{"line":6,"column":3}},"loc":{"start":{"line":6,"column":34},"end":{"line":20,"column":3}},"line":6},"1":{"name":"(anonymous_1)","decl":{"start":{"line":22,"column":2},"end":{"line":22,"column":3}},"loc":{"start":{"line":22,"column":32},"end":{"line":36,"column":3}},"line":22},"2":{"name":"(anonymous_2)","decl":{"start":{"line":38,"column":2},"end":{"line":38,"column":3}},"loc":{"start":{"line":38,"column":39},"end":{"line":51,"column":3}},"line":38},"3":{"name":"(anonymous_3)","decl":{"start":{"line":53,"column":2},"end":{"line":53,"column":3}},"loc":{"start":{"line":53,"column":40},"end":{"line":109,"column":3}},"line":53},"4":{"name":"(anonymous_4)","decl":{"start":{"line":111,"column":2},"end":{"line":111,"column":3}},"loc":{"start":{"line":111,"column":37},"end":{"line":125,"column":3}},"line":111},"5":{"name":"(anonymous_5)","decl":{"start":{"line":127,"column":2},"end":{"line":127,"column":3}},"loc":{"start":{"line":127,"column":38},"end":{"line":158,"column":3}},"line":127},"6":{"name":"(anonymous_6)","decl":{"start":{"line":160,"column":2},"end":{"line":160,"column":3}},"loc":{"start":{"line":160,"column":41},"end":{"line":204,"column":3}},"line":160},"7":{"name":"(anonymous_7)","decl":{"start":{"line":206,"column":2},"end":{"line":206,"column":3}},"loc":{"start":{"line":206,"column":34},"end":{"line":219,"column":3}},"line":206},"8":{"name":"(anonymous_8)","decl":{"start":{"line":221,"column":2},"end":{"line":221,"column":3}},"loc":{"start":{"line":221,"column":35},"end":{"line":261,"column":3}},"line":221},"9":{"name":"(anonymous_9)","decl":{"start":{"line":263,"column":2},"end":{"line":263,"column":3}},"loc":{"start":{"line":263,"column":33},"end":{"line":281,"column":3}},"line":263},"10":{"name":"(anonymous_10)","decl":{"start":{"line":283,"column":2},"end":{"line":283,"column":3}},"loc":{"start":{"line":283,"column":39},"end":{"line":318,"column":3}},"line":283},"11":{"name":"(anonymous_11)","decl":{"start":{"line":320,"column":2},"end":{"line":320,"column":3}},"loc":{"start":{"line":320,"column":32},"end":{"line":327,"column":3}},"line":320}},"branchMap":{"0":{"loc":{"start":{"line":65,"column":6},"end":{"line":67,"column":7}},"type":"if","locations":[{"start":{"line":65,"column":6},"end":{"line":67,"column":7}},{"start":{},"end":{}}],"line":65},"1":{"loc":{"start":{"line":69,"column":6},"end":{"line":71,"column":7}},"type":"if","locations":[{"start":{"line":69,"column":6},"end":{"line":71,"column":7}},{"start":{},"end":{}}],"line":69},"2":{"loc":{"start":{"line":73,"column":6},"end":{"line":75,"column":7}},"type":"if","locations":[{"start":{"line":73,"column":6},"end":{"line":75,"column":7}},{"start":{},"end":{}}],"line":73},"3":{"loc":{"start":{"line":77,"column":6},"end":{"line":82,"column":7}},"type":"if","locations":[{"start":{"line":77,"column":6},"end":{"line":82,"column":7}},{"start":{},"end":{}}],"line":77},"4":{"loc":{"start":{"line":78,"column":8},"end":{"line":79,"column":47}},"type":"binary-expr","locations":[{"start":{"line":78,"column":8},"end":{"line":78,"column":46}},{"start":{"line":79,"column":8},"end":{"line":79,"column":47}}],"line":78},"5":{"loc":{"start":{"line":84,"column":6},"end":{"line":105,"column":7}},"type":"if","locations":[{"start":{"line":84,"column":6},"end":{"line":105,"column":7}},{"start":{"line":96,"column":13},"end":{"line":105,"column":7}}],"line":84},"6":{"loc":{"start":{"line":139,"column":6},"end":{"line":154,"column":7}},"type":"if","locations":[{"start":{"line":139,"column":6},"end":{"line":154,"column":7}},{"start":{"line":146,"column":13},"end":{"line":154,"column":7}}],"line":139},"7":{"loc":{"start":{"line":175,"column":6},"end":{"line":200,"column":7}},"type":"if","locations":[{"start":{"line":175,"column":6},"end":{"line":200,"column":7}},{"start":{"line":183,"column":13},"end":{"line":200,"column":7}}],"line":175},"8":{"loc":{"start":{"line":183,"column":13},"end":{"line":200,"column":7}},"type":"if","locations":[{"start":{"line":183,"column":13},"end":{"line":200,"column":7}},{"start":{"line":191,"column":13},"end":{"line":200,"column":7}}],"line":183},"9":{"loc":{"start":{"line":230,"column":6},"end":{"line":245,"column":7}},"type":"if","locations":[{"start":{"line":230,"column":6},"end":{"line":245,"column":7}},{"start":{"line":237,"column":13},"end":{"line":245,"column":7}}],"line":230},"10":{"loc":{"start":{"line":230,"column":10},"end":{"line":230,"column":29}},"type":"binary-expr","locations":[{"start":{"line":230,"column":10},"end":{"line":230,"column":15}},{"start":{"line":230,"column":19},"end":{"line":230,"column":29}}],"line":230},"11":{"loc":{"start":{"line":293,"column":6},"end":{"line":314,"column":7}},"type":"if","locations":[{"start":{"line":293,"column":6},"end":{"line":314,"column":7}},{"start":{"line":306,"column":13},"end":{"line":314,"column":7}}],"line":293}},"s":{"0":6,"1":6,"2":0,"3":0,"4":0,"5":0,"6":0,"7":0,"8":0,"9":0,"10":0,"11":0,"12":0,"13":0,"14":0,"15":0,"16":0,"17":0,"18":0,"19":0,"20":0,"21":0,"22":0,"23":0,"24":0,"25":0,"26":0,"27":0,"28":0,"29":0,"30":0,"31":0,"32":0,"33":0,"34":0,"35":0,"36":0,"37":0,"38":0,"39":0,"40":0,"41":0,"42":0,"43":0,"44":0,"45":0,"46":0,"47":0,"48":0,"49":0,"50":0,"51":0,"52":0,"53":0,"54":0,"55":0,"56":0,"57":0,"58":0,"59":0,"60":0,"61":0,"62":0,"63":0,"64":0,"65":0,"66":0,"67":0,"68":0,"69":0,"70":0,"71":0,"72":0,"73":0,"74":0,"75":0,"76":0,"77":0,"78":0,"79":0,"80":0,"81":0,"82":0,"83":0,"84":0,"85":0,"86":0,"87":0,"88":0,"89":0,"90":0,"91":0,"92":6},"f":{"0":0,"1":0,"2":0,"3":0,"4":0,"5":0,"6":0,"7":0,"8":0,"9":0,"10":0,"11":0},"b":{"0":[0,0],"1":[0,0],"2":[0,0],"3":[0,0],"4":[0,0],"5":[0,0],"6":[0,0],"7":[0,0],"8":[0,0],"9":[0,0],"10":[0,0],"11":[0,0]},"_coverageSchema":"1a1c01bbd47fc00a2c39e90264f33305004495a9","hash":"e87b7b14f4fabd3ef4c0578fb9bc6577fc3e0984"}
,"E:\\2024\\01\\laporan masyarakat\\server\\controllers\\adminAuth.js": {"path":"E:\\2024\\01\\laporan masyarakat\\server\\controllers\\adminAuth.js","statementMap":{"0":{"start":{"line":1,"column":11},"end":{"line":1,"column":30}},"1":{"start":{"line":2,"column":15},"end":{"line":2,"column":32}},"2":{"start":{"line":3,"column":22},"end":{"line":3,"column":60}},"3":{"start":{"line":4,"column":19},"end":{"line":4,"column":54}},"4":{"start":{"line":5,"column":20},"end":{"line":5,"column":56}},"5":{"start":{"line":6,"column":12},"end":{"line":6,"column":35}},"6":{"start":{"line":8,"column":19},"end":{"line":8,"column":42}},"7":{"start":{"line":9,"column":23},"end":{"line":9,"column":27}},"8":{"start":{"line":63,"column":14},"end":{"line":125,"column":1}},"9":{"start":{"line":64,"column":2},"end":{"line":124,"column":3}},"10":{"start":{"line":66,"column":17},"end":{"line":69,"column":5}},"11":{"start":{"line":71,"column":22},"end":{"line":71,"column":57}},"12":{"start":{"line":73,"column":21},"end":{"line":75,"column":6}},"13":{"start":{"line":78,"column":4},"end":{"line":82,"column":5}},"14":{"start":{"line":81,"column":6},"end":{"line":81,"column":67}},"15":{"start":{"line":86,"column":26},"end":{"line":89,"column":5}},"16":{"start":{"line":92,"column":4},"end":{"line":94,"column":5}},"17":{"start":{"line":93,"column":6},"end":{"line":93,"column":67}},"18":{"start":{"line":99,"column":18},"end":{"line":108,"column":5}},"19":{"start":{"line":112,"column":4},"end":{"line":121,"column":9}},"20":{"start":{"line":123,"column":4},"end":{"line":123,"column":16}},"21":{"start":{"line":127,"column":15},"end":{"line":143,"column":1}},"22":{"start":{"line":128,"column":2},"end":{"line":142,"column":3}},"23":{"start":{"line":129,"column":18},"end":{"line":129,"column":22}},"24":{"start":{"line":130,"column":4},"end":{"line":139,"column":9}},"25":{"start":{"line":141,"column":4},"end":{"line":141,"column":16}},"26":{"start":{"line":145,"column":0},"end":{"line":145,"column":35}}},"fnMap":{"0":{"name":"(anonymous_0)","decl":{"start":{"line":63,"column":14},"end":{"line":63,"column":15}},"loc":{"start":{"line":63,"column":40},"end":{"line":125,"column":1}},"line":63},"1":{"name":"(anonymous_1)","decl":{"start":{"line":127,"column":15},"end":{"line":127,"column":16}},"loc":{"start":{"line":127,"column":41},"end":{"line":143,"column":1}},"line":127}},"branchMap":{"0":{"loc":{"start":{"line":78,"column":4},"end":{"line":82,"column":5}},"type":"if","locations":[{"start":{"line":78,"column":4},"end":{"line":82,"column":5}},{"start":{},"end":{}}],"line":78},"1":{"loc":{"start":{"line":92,"column":4},"end":{"line":94,"column":5}},"type":"if","locations":[{"start":{"line":92,"column":4},"end":{"line":94,"column":5}},{"start":{},"end":{}}],"line":92}},"s":{"0":6,"1":6,"2":6,"3":6,"4":6,"5":6,"6":6,"7":6,"8":6,"9":3,"10":3,"11":3,"12":3,"13":3,"14":1,"15":2,"16":2,"17":1,"18":1,"19":1,"20":2,"21":6,"22":1,"23":1,"24":1,"25":0,"26":6},"f":{"0":3,"1":1},"b":{"0":[1,2],"1":[1,1]},"_coverageSchema":"1a1c01bbd47fc00a2c39e90264f33305004495a9","hash":"85d8f02d3db520ad14323cf4c43ece9479d2defc"}
,"E:\\2024\\01\\laporan masyarakat\\server\\controllers\\homepage.js": {"path":"E:\\2024\\01\\laporan masyarakat\\server\\controllers\\homepage.js","statementMap":{"0":{"start":{"line":1,"column":17},"end":{"line":7,"column":1}},"1":{"start":{"line":2,"column":2},"end":{"line":6,"column":3}},"2":{"start":{"line":3,"column":4},"end":{"line":3,"column":49}},"3":{"start":{"line":5,"column":4},"end":{"line":5,"column":16}},"4":{"start":{"line":9,"column":18},"end":{"line":15,"column":1}},"5":{"start":{"line":10,"column":2},"end":{"line":14,"column":3}},"6":{"start":{"line":11,"column":4},"end":{"line":11,"column":49}},"7":{"start":{"line":13,"column":4},"end":{"line":13,"column":16}},"8":{"start":{"line":17,"column":0},"end":{"line":17,"column":41}}},"fnMap":{"0":{"name":"(anonymous_0)","decl":{"start":{"line":1,"column":17},"end":{"line":1,"column":18}},"loc":{"start":{"line":1,"column":43},"end":{"line":7,"column":1}},"line":1},"1":{"name":"(anonymous_1)","decl":{"start":{"line":9,"column":18},"end":{"line":9,"column":19}},"loc":{"start":{"line":9,"column":44},"end":{"line":15,"column":1}},"line":9}},"branchMap":{},"s":{"0":6,"1":1,"2":1,"3":0,"4":6,"5":0,"6":0,"7":0,"8":6},"f":{"0":1,"1":0},"b":{},"_coverageSchema":"1a1c01bbd47fc00a2c39e90264f33305004495a9","hash":"5e2ebef7c46d16c3eee32df2fe5065a463626559"}
,"E:\\2024\\01\\laporan masyarakat\\server\\controllers\\newAdminController.js": {"path":"E:\\2024\\01\\laporan masyarakat\\server\\controllers\\newAdminController.js","statementMap":{"0":{"start":{"line":1,"column":11},"end":{"line":1,"column":30}},"1":{"start":{"line":2,"column":15},"end":{"line":2,"column":32}},"2":{"start":{"line":3,"column":22},"end":{"line":3,"column":60}},"3":{"start":{"line":4,"column":19},"end":{"line":4,"column":54}},"4":{"start":{"line":5,"column":20},"end":{"line":5,"column":56}},"5":{"start":{"line":7,"column":17},"end":{"line":26,"column":1}},"6":{"start":{"line":8,"column":2},"end":{"line":25,"column":3}},"7":{"start":{"line":9,"column":17},"end":{"line":11,"column":5}},"8":{"start":{"line":13,"column":22},"end":{"line":13,"column":60}},"9":{"start":{"line":14,"column":22},"end":{"line":14,"column":69}},"10":{"start":{"line":15,"column":4},"end":{"line":17,"column":5}},"11":{"start":{"line":16,"column":6},"end":{"line":16,"column":54}},"12":{"start":{"line":19,"column":4},"end":{"line":22,"column":7}},"13":{"start":{"line":24,"column":4},"end":{"line":24,"column":16}},"14":{"start":{"line":28,"column":16},"end":{"line":50,"column":1}},"15":{"start":{"line":29,"column":2},"end":{"line":49,"column":3}},"16":{"start":{"line":30,"column":17},"end":{"line":32,"column":5}},"17":{"start":{"line":34,"column":22},"end":{"line":34,"column":60}},"18":{"start":{"line":35,"column":22},"end":{"line":37,"column":62}},"19":{"start":{"line":39,"column":4},"end":{"line":41,"column":5}},"20":{"start":{"line":40,"column":6},"end":{"line":40,"column":54}},"21":{"start":{"line":43,"column":4},"end":{"line":46,"column":7}},"22":{"start":{"line":48,"column":4},"end":{"line":48,"column":16}},"23":{"start":{"line":52,"column":23},"end":{"line":72,"column":1}},"24":{"start":{"line":53,"column":2},"end":{"line":71,"column":3}},"25":{"start":{"line":54,"column":17},"end":{"line":56,"column":5}},"26":{"start":{"line":58,"column":22},"end":{"line":58,"column":60}},"27":{"start":{"line":59,"column":22},"end":{"line":61,"column":62}},"28":{"start":{"line":62,"column":4},"end":{"line":64,"column":5}},"29":{"start":{"line":63,"column":6},"end":{"line":63,"column":54}},"30":{"start":{"line":65,"column":4},"end":{"line":68,"column":7}},"31":{"start":{"line":70,"column":4},"end":{"line":70,"column":16}},"32":{"start":{"line":74,"column":24},"end":{"line":122,"column":1}},"33":{"start":{"line":75,"column":2},"end":{"line":121,"column":3}},"34":{"start":{"line":76,"column":17},"end":{"line":82,"column":5}},"35":{"start":{"line":84,"column":22},"end":{"line":84,"column":58}},"36":{"start":{"line":86,"column":22},"end":{"line":88,"column":62}},"37":{"start":{"line":90,"column":4},"end":{"line":92,"column":5}},"38":{"start":{"line":91,"column":6},"end":{"line":91,"column":54}},"39":{"start":{"line":94,"column":23},"end":{"line":96,"column":6}},"40":{"start":{"line":98,"column":4},"end":{"line":100,"column":5}},"41":{"start":{"line":99,"column":6},"end":{"line":99,"column":60}},"42":{"start":{"line":101,"column":22},"end":{"line":108,"column":5}},"43":{"start":{"line":110,"column":19},"end":{"line":113,"column":65}},"44":{"start":{"line":115,"column":4},"end":{"line":118,"column":7}},"45":{"start":{"line":120,"column":4},"end":{"line":120,"column":16}},"46":{"start":{"line":124,"column":20},"end":{"line":147,"column":1}},"47":{"start":{"line":125,"column":2},"end":{"line":146,"column":3}},"48":{"start":{"line":126,"column":17},"end":{"line":128,"column":5}},"49":{"start":{"line":130,"column":22},"end":{"line":130,"column":60}},"50":{"start":{"line":132,"column":22},"end":{"line":134,"column":62}},"51":{"start":{"line":136,"column":4},"end":{"line":138,"column":5}},"52":{"start":{"line":137,"column":6},"end":{"line":137,"column":54}},"53":{"start":{"line":140,"column":4},"end":{"line":143,"column":7}},"54":{"start":{"line":145,"column":4},"end":{"line":145,"column":16}},"55":{"start":{"line":149,"column":21},"end":{"line":173,"column":1}},"56":{"start":{"line":150,"column":2},"end":{"line":172,"column":3}},"57":{"start":{"line":151,"column":17},"end":{"line":154,"column":5}},"58":{"start":{"line":156,"column":22},"end":{"line":156,"column":64}},"59":{"start":{"line":158,"column":22},"end":{"line":160,"column":62}},"60":{"start":{"line":162,"column":4},"end":{"line":164,"column":5}},"61":{"start":{"line":163,"column":6},"end":{"line":163,"column":54}},"62":{"start":{"line":166,"column":4},"end":{"line":169,"column":7}},"63":{"start":{"line":171,"column":4},"end":{"line":171,"column":16}},"64":{"start":{"line":175,"column":24},"end":{"line":213,"column":1}},"65":{"start":{"line":176,"column":2},"end":{"line":212,"column":3}},"66":{"start":{"line":177,"column":17},"end":{"line":180,"column":5}},"67":{"start":{"line":181,"column":22},"end":{"line":181,"column":64}},"68":{"start":{"line":182,"column":24},"end":{"line":184,"column":25}},"69":{"start":{"line":186,"column":22},"end":{"line":189,"column":5}},"70":{"start":{"line":191,"column":4},"end":{"line":193,"column":5}},"71":{"start":{"line":192,"column":6},"end":{"line":192,"column":64}},"72":{"start":{"line":195,"column":27},"end":{"line":195,"column":68}},"73":{"start":{"line":197,"column":22},"end":{"line":200,"column":5}},"74":{"start":{"line":201,"column":19},"end":{"line":204,"column":65}},"75":{"start":{"line":206,"column":4},"end":{"line":209,"column":7}},"76":{"start":{"line":211,"column":4},"end":{"line":211,"column":16}},"77":{"start":{"line":215,"column":20},"end":{"line":225,"column":1}},"78":{"start":{"line":216,"column":2},"end":{"line":224,"column":3}},"79":{"start":{"line":217,"column":17},"end":{"line":217,"column":71}},"80":{"start":{"line":218,"column":4},"end":{"line":221,"column":7}},"81":{"start":{"line":223,"column":4},"end":{"line":223,"column":16}},"82":{"start":{"line":227,"column":24},"end":{"line":240,"column":1}},"83":{"start":{"line":228,"column":2},"end":{"line":239,"column":3}},"84":{"start":{"line":229,"column":4},"end":{"line":229,"column":25}},"85":{"start":{"line":230,"column":17},"end":{"line":232,"column":33}},"86":{"start":{"line":233,"column":4},"end":{"line":236,"column":7}},"87":{"start":{"line":238,"column":4},"end":{"line":238,"column":16}},"88":{"start":{"line":242,"column":25},"end":{"line":284,"column":1}},"89":{"start":{"line":243,"column":2},"end":{"line":283,"column":3}},"90":{"start":{"line":244,"column":17},"end":{"line":250,"column":5}},"91":{"start":{"line":252,"column":22},"end":{"line":252,"column":60}},"92":{"start":{"line":254,"column":22},"end":{"line":256,"column":62}},"93":{"start":{"line":258,"column":4},"end":{"line":260,"column":5}},"94":{"start":{"line":259,"column":6},"end":{"line":259,"column":61}},"95":{"start":{"line":262,"column":27},"end":{"line":262,"column":68}},"96":{"start":{"line":264,"column":22},"end":{"line":271,"column":5}},"97":{"start":{"line":273,"column":19},"end":{"line":275,"column":65}},"98":{"start":{"line":277,"column":4},"end":{"line":280,"column":7}},"99":{"start":{"line":282,"column":4},"end":{"line":282,"column":16}},"100":{"start":{"line":286,"column":22},"end":{"line":304,"column":1}},"101":{"start":{"line":287,"column":2},"end":{"line":303,"column":3}},"102":{"start":{"line":288,"column":4},"end":{"line":288,"column":38}},"103":{"start":{"line":289,"column":22},"end":{"line":291,"column":62}},"104":{"start":{"line":292,"column":4},"end":{"line":292,"column":27}},"105":{"start":{"line":293,"column":4},"end":{"line":295,"column":5}},"106":{"start":{"line":294,"column":6},"end":{"line":294,"column":54}},"107":{"start":{"line":297,"column":4},"end":{"line":300,"column":7}},"108":{"start":{"line":302,"column":4},"end":{"line":302,"column":16}},"109":{"start":{"line":306,"column":15},"end":{"line":322,"column":1}},"110":{"start":{"line":307,"column":2},"end":{"line":321,"column":3}},"111":{"start":{"line":308,"column":18},"end":{"line":308,"column":22}},"112":{"start":{"line":309,"column":4},"end":{"line":318,"column":9}},"113":{"start":{"line":320,"column":4},"end":{"line":320,"column":16}},"114":{"start":{"line":324,"column":0},"end":{"line":337,"column":2}}},"fnMap":{"0":{"name":"(anonymous_0)","decl":{"start":{"line":7,"column":17},"end":{"line":7,"column":18}},"loc":{"start":{"line":7,"column":43},"end":{"line":26,"column":1}},"line":7},"1":{"name":"(anonymous_1)","decl":{"start":{"line":28,"column":16},"end":{"line":28,"column":17}},"loc":{"start":{"line":28,"column":42},"end":{"line":50,"column":1}},"line":28},"2":{"name":"(anonymous_2)","decl":{"start":{"line":52,"column":23},"end":{"line":52,"column":24}},"loc":{"start":{"line":52,"column":49},"end":{"line":72,"column":1}},"line":52},"3":{"name":"(anonymous_3)","decl":{"start":{"line":74,"column":24},"end":{"line":74,"column":25}},"loc":{"start":{"line":74,"column":50},"end":{"line":122,"column":1}},"line":74},"4":{"name":"(anonymous_4)","decl":{"start":{"line":124,"column":20},"end":{"line":124,"column":21}},"loc":{"start":{"line":124,"column":46},"end":{"line":147,"column":1}},"line":124},"5":{"name":"(anonymous_5)","decl":{"start":{"line":149,"column":21},"end":{"line":149,"column":22}},"loc":{"start":{"line":149,"column":47},"end":{"line":173,"column":1}},"line":149},"6":{"name":"(anonymous_6)","decl":{"start":{"line":175,"column":24},"end":{"line":175,"column":25}},"loc":{"start":{"line":175,"column":50},"end":{"line":213,"column":1}},"line":175},"7":{"name":"(anonymous_7)","decl":{"start":{"line":215,"column":20},"end":{"line":215,"column":21}},"loc":{"start":{"line":215,"column":46},"end":{"line":225,"column":1}},"line":215},"8":{"name":"(anonymous_8)","decl":{"start":{"line":227,"column":24},"end":{"line":227,"column":25}},"loc":{"start":{"line":227,"column":50},"end":{"line":240,"column":1}},"line":227},"9":{"name":"(anonymous_9)","decl":{"start":{"line":242,"column":25},"end":{"line":242,"column":26}},"loc":{"start":{"line":242,"column":51},"end":{"line":284,"column":1}},"line":242},"10":{"name":"(anonymous_10)","decl":{"start":{"line":286,"column":22},"end":{"line":286,"column":23}},"loc":{"start":{"line":286,"column":48},"end":{"line":304,"column":1}},"line":286},"11":{"name":"(anonymous_11)","decl":{"start":{"line":306,"column":15},"end":{"line":306,"column":16}},"loc":{"start":{"line":306,"column":41},"end":{"line":322,"column":1}},"line":306}},"branchMap":{"0":{"loc":{"start":{"line":15,"column":4},"end":{"line":17,"column":5}},"type":"if","locations":[{"start":{"line":15,"column":4},"end":{"line":17,"column":5}},{"start":{},"end":{}}],"line":15},"1":{"loc":{"start":{"line":39,"column":4},"end":{"line":41,"column":5}},"type":"if","locations":[{"start":{"line":39,"column":4},"end":{"line":41,"column":5}},{"start":{},"end":{}}],"line":39},"2":{"loc":{"start":{"line":62,"column":4},"end":{"line":64,"column":5}},"type":"if","locations":[{"start":{"line":62,"column":4},"end":{"line":64,"column":5}},{"start":{},"end":{}}],"line":62},"3":{"loc":{"start":{"line":90,"column":4},"end":{"line":92,"column":5}},"type":"if","locations":[{"start":{"line":90,"column":4},"end":{"line":92,"column":5}},{"start":{},"end":{}}],"line":90},"4":{"loc":{"start":{"line":98,"column":4},"end":{"line":100,"column":5}},"type":"if","locations":[{"start":{"line":98,"column":4},"end":{"line":100,"column":5}},{"start":{},"end":{}}],"line":98},"5":{"loc":{"start":{"line":136,"column":4},"end":{"line":138,"column":5}},"type":"if","locations":[{"start":{"line":136,"column":4},"end":{"line":138,"column":5}},{"start":{},"end":{}}],"line":136},"6":{"loc":{"start":{"line":162,"column":4},"end":{"line":164,"column":5}},"type":"if","locations":[{"start":{"line":162,"column":4},"end":{"line":164,"column":5}},{"start":{},"end":{}}],"line":162},"7":{"loc":{"start":{"line":191,"column":4},"end":{"line":193,"column":5}},"type":"if","locations":[{"start":{"line":191,"column":4},"end":{"line":193,"column":5}},{"start":{},"end":{}}],"line":191},"8":{"loc":{"start":{"line":258,"column":4},"end":{"line":260,"column":5}},"type":"if","locations":[{"start":{"line":258,"column":4},"end":{"line":260,"column":5}},{"start":{},"end":{}}],"line":258},"9":{"loc":{"start":{"line":293,"column":4},"end":{"line":295,"column":5}},"type":"if","locations":[{"start":{"line":293,"column":4},"end":{"line":295,"column":5}},{"start":{},"end":{}}],"line":293}},"s":{"0":6,"1":6,"2":6,"3":6,"4":6,"5":6,"6":1,"7":1,"8":1,"9":1,"10":1,"11":0,"12":1,"13":0,"14":6,"15":1,"16":1,"17":1,"18":1,"19":1,"20":0,"21":1,"22":0,"23":6,"24":1,"25":1,"26":1,"27":1,"28":1,"29":0,"30":1,"31":0,"32":6,"33":2,"34":2,"35":2,"36":2,"37":2,"38":0,"39":2,"40":2,"41":1,"42":1,"43":1,"44":1,"45":1,"46":6,"47":1,"48":1,"49":1,"50":1,"51":1,"52":0,"53":1,"54":0,"55":6,"56":1,"57":1,"58":1,"59":1,"60":1,"61":0,"62":1,"63":0,"64":6,"65":1,"66":1,"67":1,"68":1,"69":1,"70":1,"71":0,"72":1,"73":1,"74":1,"75":1,"76":0,"77":6,"78":0,"79":0,"80":0,"81":0,"82":6,"83":0,"84":0,"85":0,"86":0,"87":0,"88":6,"89":2,"90":2,"91":2,"92":2,"93":2,"94":1,"95":1,"96":1,"97":1,"98":1,"99":1,"100":6,"101":0,"102":0,"103":0,"104":0,"105":0,"106":0,"107":0,"108":0,"109":6,"110":0,"111":0,"112":0,"113":0,"114":6},"f":{"0":1,"1":1,"2":1,"3":2,"4":1,"5":1,"6":1,"7":0,"8":0,"9":2,"10":0,"11":0},"b":{"0":[0,1],"1":[0,1],"2":[0,1],"3":[0,2],"4":[1,1],"5":[0,1],"6":[0,1],"7":[0,1],"8":[1,1],"9":[0,0]},"_coverageSchema":"1a1c01bbd47fc00a2c39e90264f33305004495a9","hash":"e242fa8f4e2d5023df775146d21868528d84b3b4"}
,"E:\\2024\\01\\laporan masyarakat\\server\\controllers\\newBalasanController.js": {"path":"E:\\2024\\01\\laporan masyarakat\\server\\controllers\\newBalasanController.js","statementMap":{"0":{"start":{"line":1,"column":11},"end":{"line":1,"column":30}},"1":{"start":{"line":2,"column":22},"end":{"line":2,"column":60}},"2":{"start":{"line":3,"column":19},"end":{"line":3,"column":54}},"3":{"start":{"line":4,"column":22},"end":{"line":4,"column":60}},"4":{"start":{"line":5,"column":19},"end":{"line":5,"column":54}},"5":{"start":{"line":7,"column":18},"end":{"line":38,"column":1}},"6":{"start":{"line":8,"column":2},"end":{"line":37,"column":3}},"7":{"start":{"line":9,"column":17},"end":{"line":11,"column":5}},"8":{"start":{"line":12,"column":22},"end":{"line":12,"column":64}},"9":{"start":{"line":14,"column":18},"end":{"line":14,"column":37}},"10":{"start":{"line":15,"column":18},"end":{"line":15,"column":62}},"11":{"start":{"line":16,"column":18},"end":{"line":16,"column":61}},"12":{"start":{"line":18,"column":22},"end":{"line":20,"column":62}},"13":{"start":{"line":22,"column":4},"end":{"line":24,"column":5}},"14":{"start":{"line":23,"column":6},"end":{"line":23,"column":53}},"15":{"start":{"line":26,"column":4},"end":{"line":34,"column":7}},"16":{"start":{"line":36,"column":4},"end":{"line":36,"column":16}},"17":{"start":{"line":40,"column":23},"end":{"line":70,"column":1}},"18":{"start":{"line":41,"column":2},"end":{"line":69,"column":3}},"19":{"start":{"line":42,"column":17},"end":{"line":44,"column":5}},"20":{"start":{"line":46,"column":22},"end":{"line":46,"column":64}},"21":{"start":{"line":48,"column":22},"end":{"line":50,"column":62}},"22":{"start":{"line":52,"column":4},"end":{"line":54,"column":5}},"23":{"start":{"line":53,"column":6},"end":{"line":53,"column":53}},"24":{"start":{"line":56,"column":19},"end":{"line":58,"column":55}},"25":{"start":{"line":60,"column":4},"end":{"line":66,"column":7}},"26":{"start":{"line":68,"column":4},"end":{"line":68,"column":16}},"27":{"start":{"line":72,"column":25},"end":{"line":106,"column":1}},"28":{"start":{"line":73,"column":2},"end":{"line":105,"column":3}},"29":{"start":{"line":74,"column":17},"end":{"line":76,"column":5}},"30":{"start":{"line":78,"column":22},"end":{"line":78,"column":64}},"31":{"start":{"line":80,"column":22},"end":{"line":82,"column":62}},"32":{"start":{"line":84,"column":4},"end":{"line":86,"column":5}},"33":{"start":{"line":85,"column":6},"end":{"line":85,"column":53}},"34":{"start":{"line":88,"column":19},"end":{"line":90,"column":55}},"35":{"start":{"line":92,"column":4},"end":{"line":94,"column":5}},"36":{"start":{"line":93,"column":6},"end":{"line":93,"column":53}},"37":{"start":{"line":96,"column":4},"end":{"line":102,"column":7}},"38":{"start":{"line":104,"column":4},"end":{"line":104,"column":16}},"39":{"start":{"line":108,"column":26},"end":{"line":142,"column":1}},"40":{"start":{"line":109,"column":2},"end":{"line":141,"column":3}},"41":{"start":{"line":110,"column":17},"end":{"line":112,"column":5}},"42":{"start":{"line":114,"column":22},"end":{"line":114,"column":64}},"43":{"start":{"line":116,"column":22},"end":{"line":118,"column":62}},"44":{"start":{"line":120,"column":4},"end":{"line":122,"column":5}},"45":{"start":{"line":121,"column":6},"end":{"line":121,"column":53}},"46":{"start":{"line":124,"column":19},"end":{"line":126,"column":55}},"47":{"start":{"line":128,"column":4},"end":{"line":130,"column":5}},"48":{"start":{"line":129,"column":6},"end":{"line":129,"column":53}},"49":{"start":{"line":132,"column":4},"end":{"line":138,"column":7}},"50":{"start":{"line":140,"column":4},"end":{"line":140,"column":16}},"51":{"start":{"line":144,"column":27},"end":{"line":188,"column":1}},"52":{"start":{"line":145,"column":2},"end":{"line":187,"column":3}},"53":{"start":{"line":147,"column":17},"end":{"line":151,"column":5}},"54":{"start":{"line":154,"column":22},"end":{"line":154,"column":59}},"55":{"start":{"line":157,"column":22},"end":{"line":159,"column":62}},"56":{"start":{"line":162,"column":4},"end":{"line":165,"column":5}},"57":{"start":{"line":164,"column":6},"end":{"line":164,"column":53}},"58":{"start":{"line":169,"column":19},"end":{"line":172,"column":60}},"59":{"start":{"line":174,"column":4},"end":{"line":176,"column":5}},"60":{"start":{"line":175,"column":6},"end":{"line":175,"column":53}},"61":{"start":{"line":178,"column":4},"end":{"line":184,"column":7}},"62":{"start":{"line":186,"column":4},"end":{"line":186,"column":16}},"63":{"start":{"line":190,"column":25},"end":{"line":218,"column":1}},"64":{"start":{"line":191,"column":2},"end":{"line":217,"column":3}},"65":{"start":{"line":192,"column":22},"end":{"line":194,"column":23}},"66":{"start":{"line":195,"column":4},"end":{"line":197,"column":5}},"67":{"start":{"line":196,"column":6},"end":{"line":196,"column":53}},"68":{"start":{"line":199,"column":21},"end":{"line":201,"column":57}},"69":{"start":{"line":203,"column":4},"end":{"line":205,"column":5}},"70":{"start":{"line":204,"column":6},"end":{"line":204,"column":53}},"71":{"start":{"line":207,"column":19},"end":{"line":209,"column":12}},"72":{"start":{"line":211,"column":4},"end":{"line":214,"column":7}},"73":{"start":{"line":216,"column":4},"end":{"line":216,"column":16}},"74":{"start":{"line":220,"column":16},"end":{"line":236,"column":1}},"75":{"start":{"line":221,"column":2},"end":{"line":235,"column":3}},"76":{"start":{"line":222,"column":17},"end":{"line":225,"column":41}},"77":{"start":{"line":226,"column":17},"end":{"line":226,"column":78}},"78":{"start":{"line":228,"column":4},"end":{"line":232,"column":7}},"79":{"start":{"line":234,"column":4},"end":{"line":234,"column":16}},"80":{"start":{"line":238,"column":22},"end":{"line":256,"column":1}},"81":{"start":{
[...]
,"E:\\2024\\01\\laporan masyarakat\\server\\middleware\\responseError.js": {"path":"E:\\2024\\01\\laporan masyarakat\\server\\middleware\\responseError.js","statementMap":{"0":{"start":{"line":3,"column":4},"end":{"line":3,"column":19}},"1":{"start":{"line":4,"column":4},"end":{"line":4,"column":25}},"2":{"start":{"line":8,"column":0},"end":{"line":8,"column":31}}},"fnMap":{"0":{"name":"(anonymous_0)","decl":{"start":{"line":2,"column":2},"end":{"line":2,"column":3}},"loc":{"start":{"line":2,"column":31},"end":{"line":5,"column":3}},"line":2}},"branchMap":{},"s":{"0":14,"1":14,"2":6},"f":{"0":14},"b":{},"_coverageSchema":"1a1c01bbd47fc00a2c39e90264f33305004495a9","hash":"91a4f1579b76d938139eb6920dd050d546f23b99"}
,"E:\\2024\\01\\laporan masyarakat\\server\\routes\\adminRoutes.js": {"path":"E:\\2024\\01\\laporan masyarakat\\server\\routes\\adminRoutes.js","statementMap":{"0":{"start":{"line":1,"column":16},"end":{"line":1,"column":34}},"1":{"start":{"line":2,"column":14},"end":{"line":2,"column":30}},"2":{"start":{"line":3,"column":24},"end":{"line":3,"column":65}},"3":{"start":{"line":4,"column":13},"end":{"line":4,"column":46}},"4":{"start":{"line":5,"column":18},"end":{"line":5,"column":53}},"5":{"start":{"line":6,"column":27},"end":{"line":6,"column":71}},"6":{"start":{"line":7,"column":29},"end":{"line":7,"column":75}},"7":{"start":{"line":8,"column":29},"end":{"line":8,"column":75}},"8":{"start":{"line":49,"column":0},"end":{"line":49,"column":58}},"9":{"start":{"line":50,"column":0},"end":{"line":50,"column":63}},"10":{"start":{"line":51,"column":0},"end":{"line":51,"column":75}},"11":{"start":{"line":52,"column":0},"end":{"line":52,"column":77}},"12":{"start":{"line":54,"column":0},"end":{"line":54,"column":76}},"13":{"start":{"line":55,"column":0},"end":{"line":55,"column":78}},"14":{"start":{"line":56,"column":0},"end":{"line":60,"column":2}},"15":{"start":{"line":63,"column":0},"end":{"line":63,"column":67}},"16":{"start":{"line":64,"column":0},"end":{"line":64,"column":76}},"17":{"start":{"line":65,"column":0},"end":{"line":69,"column":2}},"18":{"start":{"line":70,"column":0},"end":{"line":74,"column":2}},"19":{"start":{"line":75,"column":0},"end":{"line":79,"column":2}},"20":{"start":{"line":80,"column":0},"end":{"line":84,"column":2}},"21":{"start":{"line":86,"column":0},"end":{"line":86,"column":68}},"22":{"start":{"line":87,"column":0},"end":{"line":87,"column":79}},"23":{"start":{"line":88,"column":0},"end":{"line":92,"column":2}},"24":{"start":{"line":93,"column":0},"end":{"line":97,"column":2}},"25":{"start":{"line":99,"column":0},"end":{"line":99,"column":69}},"26":{"start":{"line":100,"column":0},"end":{"line":104,"column":2}},"27":{"start":{"line":105,"column":0},"end":{"line":105,"column":72}},"28":{"start":{"line":107,"column":0},"end":{"line":111,"column":2}},"29":{"start":{"line":112,"column":0},"end":{"line":112,"column":69}},"30":{"start":{"line":113,"column":0},"end":{"line":117,"column":2}},"31":{"start":{"line":118,"column":0},"end":{"line":118,"column":66}},"32":{"start":{"line":119,"column":0},"end":{"line":123,"column":2}},"33":{"start":{"line":125,"column":0},"end":{"line":125,"column":53}},"34":{"start":{"line":127,"column":0},"end":{"line":127,"column":23}}},"fnMap":{},"branchMap":{},"s":{"0":6,"1":6,"2":6,"3":6,"4":6,"5":6,"6":6,"7":6,"8":6,"9":6,"10":6,"11":6,"12":6,"13":6,"14":6,"15":6,"16":6,"17":6,"18":6,"19":6,"20":6,"21":6,"22":6,"23":6,"24":6,"25":6,"26":6,"27":6,"28":6,"29":6,"30":6,"31":6,"32":6,"33":6,"34":6},"f":{},"b":{},"_coverageSchema":"1a1c01bbd47fc00a2c39e90264f33305004495a9","hash":"a55487b68b323af700259b0a30366118be58102b"}
,"E:\\2024\\01\\laporan masyarakat\\server\\routes\\index.js": {"path":"E:\\2024\\01\\laporan masyarakat\\server\\routes\\index.js","statementMap":{"0":{"start":{"line":1,"column":16},"end":{"line":1,"column":34}},"1":{"start":{"line":2,"column":14},"end":{"line":2,"column":30}},"2":{"start":{"line":3,"column":19},"end":{"line":3,"column":43}},"3":{"start":{"line":4,"column":18},"end":{"line":4,"column":41}},"4":{"start":{"line":5,"column":19},"end":{"line":5,"column":55}},"5":{"start":{"line":7,"column":17},"end":{"line":7,"column":51}},"6":{"start":{"line":8,"column":17},"end":{"line":8,"column":51}},"7":{"start":{"line":9,"column":18},"end":{"line":9,"column":53}},"8":{"start":{"line":12,"column":13},"end":{"line":12,"column":46}},"9":{"start":{"line":27,"column":0},"end":{"line":27,"column":34}},"10":{"start":{"line":31,"column":0},"end":{"line":31,"column":43}},"11":{"start":{"line":33,"column":0},"end":{"line":33,"column":32}},"12":{"start":{"line":35,"column":0},"end":{"line":35,"column":49}},"13":{"start":{"line":38,"column":0},"end":{"line":38,"column":48}},"14":{"start":{"line":39,"column":0},"end":{"line":39,"column":46}},"15":{"start":{"line":41,"column":0},"end":{"line":41,"column":51}},"16":{"start":{"line":43,"column":0},"end":{"line":43,"column":23}}},"fnMap":{},"branchMap":{},"s":{"0":6,"1":6,"2":6,"3":6,"4":6,"5":6,"6":6,"7":6,"8":6,"9":6,"10":6,"11":6,"12":6,"13":6,"14":6,"15":6,"16":6},"f":{},"b":{},"_coverageSchema":"1a1c01bbd47fc00a2c39e90264f33305004495a9","hash":"216e8a27ca4e650443231da15fb22c60c1507939"}
,"E:\\2024\\01\\laporan masyarakat\\server\\routes\\userRoutes.js": {"path":"E:\\2024\\01\\laporan masyarakat\\server\\routes\\userRoutes.js","statementMap":{"0":{"start":{"line":1,"column":16},"end":{"line":1,"column":34}},"1":{"start":{"line":2,"column":14},"end":{"line":2,"column":30}},"2":{"start":{"line":3,"column":23},"end":{"line":3,"column":63}},"3":{"start":{"line":4,"column":17},"end":{"line":4,"column":51}},"4":{"start":{"line":5,"column":26},"end":{"line":5,"column":68}},"5":{"start":{"line":6,"column":29},"end":{"line":6,"column":75}},"6":{"start":{"line":8,"column":19},"end":{"line":8,"column":43}},"7":{"start":{"line":9,"column":30},"end":{"line":9,"column":66}},"8":{"start":{"line":10,"column":15},"end":{"line":10,"column":32}},"9":{"start":{"line":12,"column":13},"end":{"line":12,"column":46}},"10":{"start":{"line":14,"column":0},"end":{"line":18,"column":3}},"11":{"start":{"line":20,"column":16},"end":{"line":26,"column":2}},"12":{"start":{"line":28,"column":15},"end":{"line":28,"column":43}},"13":{"start":{"line":49,"column":0},"end":{"line":49,"column":42}},"14":{"start":{"line":50,"column":0},"end":{"line":50,"column":48}},"15":{"start":{"line":51,"column":0},"end":{"line":51,"column":53}},"16":{"start":{"line":52,"column":0},"end":{"line":52,"column":68}},"17":{"start":{"line":53,"column":0},"end":{"line":53,"column":74}},"18":{"start":{"line":54,"column":0},"end":{"line":54,"column":76}},"19":{"start":{"line":55,"column":0},"end":{"line":59,"column":2}},"20":{"start":{"line":61,"column":0},"end":{"line":61,"column":66}},"21":{"start":{"line":62,"column":0},"end":{"line":67,"column":2}},"22":{"start":{"line":68,"column":0},"end":{"line":68,"column":65}},"23":{"start":{"line":69,"column":0},"end":{"line":69,"column":78}},"24":{"start":{"line":70,"column":0},"end":{"line":70,"column":51}},"25":{"start":{"line":72,"column":0},"end":{"line":72,"column":23}}},"fnMap":{},"branchMap":{},"s":{"0":6,"1":6,"2":6,"3":6,"4":6,"5":6,"6":6,"7":6,"8":6,"9":6,"10":6,"11":6,"12":6,"13":6,"14":6,"15":6,"16":6,"17":6,"18":6,"19":6,"20":6,"21":6,"22":6,"23":6,"24":6,"25":6},"f":{},"b":{},"_coverageSchema":"1a1c01bbd47fc00a2c39e90264f33305004495a9","hash":"d8dd5fd76f2ffde73cca515cc90d51ba29a2af4d"}
,"E:\\2024\\01\\laporan masyarakat\\server\\test\\utility.js": {"path":"E:\\2024\\01\\laporan masyarakat\\server\\test\\utility.js","statementMap":{"0":{"start":{"line":1,"column":11},"end":{"line":1,"column":30}},"1":{"start":{"line":2,"column":15},"end":{"line":2,"column":32}},"2":{"start":{"line":3,"column":12},"end":{"line":3,"column":35}},"3":{"start":{"line":5,"column":19},"end":{"line":5,"column":42}},"4":{"start":{"line":6,"column":23},"end":{"line":6,"column":27}},"5":{"start":{"line":8,"column":23},"end":{"line":27,"column":1}},"6":{"start":{"line":9,"column":15},"end":{"line":15,"column":3}},"7":{"start":{"line":17,"column":25},"end":{"line":17,"column":61}},"8":{"start":{"line":18,"column":20},"end":{"line":24,"column":3}},"9":{"start":{"line":26,"column":2},"end":{"line":26,"column":43}},"10":{"start":{"line":29,"column":20},"end":{"line":34,"column":1}},"11":{"start":{"line":30,"column":15},"end":{"line":32,"column":12}},"12":{"start":{"line":33,"column":2},"end":{"line":33,"column":14}},"13":{"start":{"line":36,"column":23},"end":{"line":38,"column":1}},"14":{"start":{"line":37,"column":2},"end":{"line":37,"column":66}},"15":{"start":{"line":40,"column":21},"end":{"line":53,"column":1}},"16":{"start":{"line":41,"column":15},"end":{"line":41,"column":34}},"17":{"start":{"line":42,"column":16},"end":{"line":51,"column":3}},"18":{"start":{"line":52,"column":2},"end":{"line":52,"column":15}},"19":{"start":{"line":55,"column":24},"end":{"line":73,"column":1}},"20":{"start":{"line":56,"column":15},"end":{"line":62,"column":3}},"21":{"start":{"line":64,"column":25},"end":{"line":64,"column":61}},"22":{"start":{"line":65,"column":20},"end":{"line":71,"column":3}},"23":{"start":{"line":72,"column":2},"end":{"line":72,"column":40}},"24":{"start":{"line":75,"column":21},"end":{"line":78,"column":1}},"25":{"start":{"line":76,"column":16},"end":{"line":76,"column":72}},"26":{"start":{"line":77,"column":2},"end":{"line":77,"column":15}},"27":{"start":{"line":80,"column":24},"end":{"line":82,"column":1}},"28":{"start":{"line":81,"column":2},"end":{"line":81,"column":57}},"29":{"start":{"line":84,"column":22},"end":{"line":97,"column":1}},"30":{"start":{"line":85,"column":16},"end":{"line":85,"column":36}},"31":{"start":{"line":86,"column":16},"end":{"line":95,"column":3}},"32":{"start":{"line":96,"column":2},"end":{"line":96,"column":15}},"33":{"start":{"line":99,"column":24},"end":{"line":112,"column":1}},"34":{"start":{"line":100,"column":16},"end":{"line":100,"column":74}},"35":{"start":{"line":101,"column":16},"end":{"line":110,"column":3}},"36":{"start":{"line":111,"column":2},"end":{"line":111,"column":15}},"37":{"start":{"line":114,"column":22},"end":{"line":127,"column":1}},"38":{"start":{"line":115,"column":15},"end":{"line":115,"column":34}},"39":{"start":{"line":116,"column":22},"end":{"line":121,"column":3}},"40":{"start":{"line":123,"column":18},"end":{"line":125,"column":24}},"41":{"start":{"line":126,"column":2},"end":{"line":126,"column":17}},"42":{"start":{"line":129,"column":19},"end":{"line":134,"column":1}},"43":{"start":{"line":130,"column":15},"end":{"line":130,"column":34}},"44":{"start":{"line":131,"column":18},"end":{"line":131,"column":79}},"45":{"start":{"line":133,"column":2},"end":{"line":133,"column":17}},"46":{"start":{"line":136,"column":22},"end":{"line":139,"column":1}},"47":{"start":{"line":137,"column":15},"end":{"line":137,"column":34}},"48":{"start":{"line":138,"column":2},"end":{"line":138,"column":62}},"49":{"start":{"line":141,"column":22},"end":{"line":155,"column":1}},"50":{"start":{"line":142,"column":18},"end":{"line":142,"column":36}},"51":{"start":{"line":143,"column":16},"end":{"line":143,"column":36}},"52":{"start":{"line":144,"column":22},"end":{"line":148,"column":3}},"53":{"start":{"line":149,"column":2},"end":{"line":151,"column":30}},"54":{"start":{"line":152,"column":18},"end":{"line":152,"column":57}},"55":{"start":{"line":154,"column":2},"end":{"line":154,"column":17}},"56":{"start":{"line":157,"column":19},"end":{"line":161,"column":1}},"57":{"start":{"line":158,"column":18},"end":{"line":158,"column":36}},"58":{"start":{"line":159,"column":18},"end":{"line":159,"column":79}},"59":{"start":{"line":160,"column":2},"end":{"line":160,"column":17}},"60":{"start":{"line":163,"column":22},"end":{"line":165,"column":1}},"61":{"start":{"line":164,"column":2},"end":{"line":164,"column":67}},"62":{"start":{"line":167,"column":0},"end":{"line":187,"column":2}}},"fnMap":{"0":{"name":"(anonymous_0)","decl":{"start":{"line":8,"column":23},"end":{"line":8,"column":24}},"loc":{"start":{"line":8,"column":35},"end":{"line":27,"column":1}},"line":8},"1":{"name":"(anonymous_1)","decl":{"start":{"line":29,"column":20},"end":{"line":29,"column":21}},"loc":{"start":{"line":29,"column":32},"end":{"line":34,"column":1}},"line":29},"2":{"name":"(anonymous_2)","decl":{"start":{"line":36,"column":23},"end":{"line":36,"column":24}},"loc":{"start":{"line":36,"column":35},"end":{"line":38,"column":1}},"line":36},"3":{"name":"(anonymous_3)","decl":{"start":{"line":40,"column":21},"end":{"line":40,"column":22}},"loc":{"start":{"line":40,"column":33},"end":{"line":53,"column":1}},"line":40},"4":{"name":"(anonymous_4)","decl":{"start":{"line":55,"column":24},"end":{"line":55,"column":25}},"loc":{"start":{"line":55,"column":36},"end":{"line":73,"column":1}},"line":55},"5":{"name":"(anonymous_5)","decl":{"start":{"line":75,"column":21},"end":{"line":75,"column":22}},"loc":{"start":{"line":75,"column":33},"end":{"line":78,"column":1}},"line":75},"6":{"name":"(anonymous_6)","decl":{"start":{"line":80,"column":24},"end":{"line":80,"column":25}},"loc":{"start":{"line":80,"column":36},"end":{"line":82,"column":1}},"line":80},"7":{"name":"(anonymous_7)","decl":{"start":{"line":84,"column":22},"end":{"line":84,"column":23}},"loc":{"start":{"line":84,"column":34},"end":{"line":97,"column":1}},"line":84},"8":{"name":"(anonymous_8)","decl":{"start":{"line":99,"column":24},"end":{"line":99,"column":25}},"loc":{"start":{"line":99,"column":36},"end":{"line":112,"column":1}},"line":99},"9":{"name":"(anonymous_9)","decl":{"start":{"line":114,"column":22},"end":{"line":114,"column":23}},"loc":{"start":{"line":114,"column":34},"end":{"line":127,"column":1}},"line":114},"10":{"name":"(anonymous_10)","decl":{"start":{"line":129,"column":19},"end":{"line":129,"column":20}},"loc":{"start":{"line":129,"column":31},"end":{"line":134,"column":1}},"line":129},"11":{"name":"(anonymous_11)","decl":{"start":{"line":136,"column":22},"end":{"line":136,"column":23}},"loc":{"start":{"line":136,"column":34},"end":{"line":139,"column":1}},"line":136},"12":{"name":"(anonymous_12)","decl":{"start":{"line":141,"column":22},"end":{"line":141,"column":23}},"loc":{"start":{"line":141,"column":34},"end":{"line":155,"column":1}},"line":141},"13":{"name":"(anonymous_13)","decl":{"start":{"line":157,"column":19},"end":{"line":157,"column":20}},"loc":{"start":{"line":157,"column":31},"end":{"line":161,"column":1}},"line":157},"14":{"name":"(anonymous_14)","decl":{"start":{"line":163,"column":22},"end":{"line":163,"column":23}},"loc":{"start":{"line":163,"column":34},"end":{"line":165,"column":1}},"line":163}},"branchMap":{},"s":{"0":5,"1":5,"2":5,"3":5,"4":5,"5":5,"6":45,"7":45,"8":45,"9":45,"10":5,"11":62,"12":62,"13":5,"14":51,"15":5,"16":18,"17":18,"18":18,"19":5,"20":33,"21":33,"22":33,"23":33,"24":5,"25":20,"26":20,"27":5,"28":35,"29":5,"30":14,"31":14,"32":14,"33":5,"34":3,"35":3,"36":3,"37":5,"38":15,"39":15,"40":15,"41":15,"42":5,"43":6,"44":6,"45":6,"46":5,"47":15,"48":15,"49":5,"50":4,"51":4,"52":4,"53":4,"54":4,"55":4,"56":5,"57":0,"58":0,"59":0,"60":5,"61":2,"62":5},"f":{"0":45,"1":62,"2":51,"3":18,"4":33,"5":20,"6":35,"7":14,"8":3,"9":15,"10":6,"11":15,"12":4,"13":0,"14":2},"b":{},"_coverageSchema":"1a1c01bbd47fc00a2c39e90264f33305004495a9","hash":"6590e3bb53a6a4d30466fafb43277fcd27735853"}
,"E:\\2024\\01\\laporan masyarakat\\server\\validation\\adminSchema.js": {"path":"E:\\2024\\01\\laporan masyarakat\\server\\validation\\adminSchema.js","statementMap":{"0":{"start":{"line":1,"column":12},"end":{"line":1,"column":26}},"1":{"start":{"line":3,"column":17},"end":{"line":9,"column":2}},"2":{"start":{"line":11,"column":14},"end":{"line":14,"column":2}},"3":{"start":{"line":16,"column":17},"end":{"line":18,"column":2}},"4":{"start":{"line":20,"column":15},"end":{"line":26,"column":2}},"5":{"start":{"line":28,"column":21},"end":{"line":31,"column":2}},"6":{"start":{"line":33,"column":0},"end":{"line":33,"column":69}}},"fnMap":{},"branchMap":{},"s":{"0":6,"1":6,"2":6,"3":6,"4":6,"5":6,"6":6},"f":{},"b":{},"_coverageSchema":"1a1c01bbd47fc00a2c39e90264f33305004495a9","hash":"9429cf14c09eabc7ad6cd8aacc4cf57212f4a3d9"}
,"E:\\2024\\01\\laporan masyarakat\\server\\validation\\balasanSchema.js": {"path":"E:\\2024\\01\\laporan masyarakat\\server\\validation\\balasanSchema.js","statementMap":{"0":{"start":{"line":1,"column":12},"end":{"line":1,"column":26}},"1":{"start":{"line":3,"column":19},"end":{"line":5,"column":2}},"2":{"start":{"line":7,"column":0},"end":{"line":9,"column":2}}},"fnMap":{},"branchMap":{},"s":{"0":6,"1":6,"2":6},"f":{},"b":{},"_coverageSchema":"1a1c01bbd47fc00a2c39e90264f33305004495a9","hash":"7a933786ba165c8acef13b9a079054300b325c9a"}
,"E:\\2024\\01\\laporan masyarakat\\server\\validation\\laporanSchema.js": {"path":"E:\\2024\\01\\laporan masyarakat\\server\\validation\\laporanSchema.js","statementMap":{"0":{"start":{"line":1,"column":12},"end":{"line":1,"column":26}},"1":{"start":{"line":3,"column":19},"end":{"line":5,"column":2}},"2":{"start":{"line":7,"column":22},"end":{"line":12,"column":2}},"3":{"start":{"line":14,"column":22},"end":{"line":17,"column":2}},"4":{"start":{"line":19,"column":0},"end":{"line":19,"column":62}}},"fnMap":{},"branchMap":{},"s":{"0":6,"1":6,"2":6,"3":6,"4":6},"f":{},"b":{},"_coverageSchema":"1a1c01bbd47fc00a2c39e90264f33305004495a9","hash":"5618bce7c6d6728df7d9175239e432ffe2b775cb"}
,"E:\\2024\\01\\laporan masyarakat\\server\\validation\\userSchema.js": {"path":"E:\\2024\\01\\laporan masyarakat\\server\\validation\\userSchema.js","statementMap":{"0":{"start":{"line":1,"column":12},"end":{"line":1,"column":26}},"1":{"start":{"line":3,"column":14},"end":{"line":6,"column":2}},"2":{"start":{"line":8,"column":17},"end":{"line":14,"column":2}},"3":{"start":{"line":16,"column":16},"end":{"line":18,"column":2}},"4":{"start":{"line":20,"column":17},"end":{"line":26,"column":2}},"5":{"start":{"line":28,"column":17},"end":{"line":32,"column":2}},"6":{"start":{"line":34,"column":21},"end":{"line":37,"column":2}},"7":{"start":{"line":39,"column":0},"end":{"line":39,"column":80}}},"fnMap":{},"branchMap":{},"s":{"0":6,"1":6,"2":6,"3":6,"4":6,"5":6,"6":6,"7":6},"f":{},"b":{},"_coverageSchema":"1a1c01bbd47fc00a2c39e90264f33305004495a9","hash":"6df22d44e0e757d1d2c805fda107dbe15b93877a"}
,"E:\\2024\\01\\laporan masyarakat\\server\\validation\\validation.js": {"path":"E:\\2024\\01\\laporan masyarakat\\server\\validation\\validation.js","statementMap":{"0":{"start":{"line":1,"column":22},"end":{"line":1,"column":60}},"1":{"start":{"line":3,"column":19},"end":{"line":13,"column":1}},"2":{"start":{"line":4,"column":17},"end":{"line":7,"column":4}},"3":{"start":{"line":8,"column":2},"end":{"line":12,"column":3}},"4":{"start":{"line":9,"column":4},"end":{"line":9,"column":55}},"5":{"start":{"line":11,"column":4},"end":{"line":11,"column":24}},"6":{"start":{"line":15,"column":0},"end":{"line":15,"column":28}}},"fnMap":{"0":{"name":"(anonymous_0)","decl":{"start":{"line":3,"column":19},"end":{"line":3,"column":20}},"loc":{"start":{"line":3,"column":37},"end":{"line":13,"column":1}},"line":3}},"branchMap":{"0":{"loc":{"start":{"line":8,"column":2},"end":{"line":12,"column":3}},"type":"if","locations":[{"start":{"line":8,"column":2},"end":{"line":12,"column":3}},{"start":{"line":10,"column":9},"end":{"line":12,"column":3}}],"line":8}},"s":{"0":6,"1":6,"2":40,"3":40,"4":6,"5":34,"6":6},"f":{"0":40},"b":{"0":[6,34]},"_coverageSchema":"1a1c01bbd47fc00a2c39e90264f33305004495a9","hash":"9d1eaf97a4e86c956de4d65d12968713bb26dd23"}
}
