{"E:\\2024\\01\\laporan masyarakat\\server\\app.js": {"path":"E:\\2024\\01\\laporan masyarakat\\server\\app.js","statementMap":{"0":{"start":{"line":1,"column":16},"end":{"line":1,"column":34}},"1":{"start":{"line":2,"column":21},"end":{"line":2,"column":45}},"2":{"start":{"line":3,"column":12},"end":{"line":3,"column":21}},"3":{"start":{"line":4,"column":15},"end":{"line":4,"column":32}},"4":{"start":{"line":6,"column":15},"end":{"line":6,"column":35}},"5":{"start":{"line":7,"column":22},"end":{"line":7,"column":59}},"6":{"start":{"line":8,"column":24},"end":{"line":8,"column":62}},"7":{"start":{"line":9,"column":17},"end":{"line":9,"column":53}},"8":{"start":{"line":12,"column":16},"end":{"line":12,"column":42}},"9":{"start":{"line":16,"column":0},"end":{"line":16,"column":30}},"10":{"start":{"line":18,"column":0},"end":{"line":18,"column":24}},"11":{"start":{"line":19,"column":0},"end":{"line":19,"column":49}},"12":{"start":{"line":22,"column":0},"end":{"line":31,"column":2}},"13":{"start":{"line":34,"column":0},"end":{"line":34,"column":24}},"14":{"start":{"line":35,"column":0},"end":{"line":35,"column":31}},"15":{"start":{"line":36,"column":0},"end":{"line":36,"column":23}},"16":{"start":{"line":38,"column":0},"end":{"line":38,"column":16}},"17":{"start":{"line":47,"column":0},"end":{"line":50,"column":3}},"18":{"start":{"line":48,"column":19},"end":{"line":48,"column":34}},"19":{"start":{"line":49,"column":2},"end":{"line":49,"column":67}},"20":{"start":{"line":52,"column":0},"end":{"line":52,"column":25}},"21":{"start":{"line":54,"column":0},"end":{"line":54,"column":21}}},"fnMap":{"0":{"name":"(anonymous_0)","decl":{"start":{"line":47,"column":13},"end":{"line":47,"column":14}},"loc":{"start":{"line":47,"column":33},"end":{"line":50,"column":1}},"line":47}},"branchMap":{},"s":{"0":3,"1":3,"2":3,"3":3,"4":3,"5":3,"6":3,"7":3,"8":3,"9":3,"10":3,"11":3,"12":3,"13":3,"14":3,"15":3,"16":3,"17":3,"18":1,"19":1,"20":3,"21":3},"f":{"0":1},"b":{},"_coverageSchema":"1a1c01bbd47fc00a2c39e90264f33305004495a9","hash":"a9efaf0d05a5e0564628c9728ec5b17adeb2130d"}
,"E:\\2024\\01\\laporan masyarakat\\server\\authentication\\auth.js": {"path":"E:\\2024\\01\\laporan masyarakat\\server\\authentication\\auth.js","statementMap":{"0":{"start":{"line":1,"column":17},"end":{"line":1,"column":38}},"1":{"start":{"line":2,"column":22},"end":{"line":2,"column":60}},"2":{"start":{"line":4,"column":21},"end":{"line":4,"column":69}},"3":{"start":{"line":6,"column":15},"end":{"line":12,"column":1}},"4":{"start":{"line":7,"column":2},"end":{"line":11,"column":3}},"5":{"start":{"line":8,"column":4},"end":{"line":8,"column":11}},"6":{"start":{"line":10,"column":4},"end":{"line":10,"column":49}},"7":{"start":{"line":14,"column":16},"end":{"line":20,"column":1}},"8":{"start":{"line":15,"column":2},"end":{"line":19,"column":3}},"9":{"start":{"line":16,"column":4},"end":{"line":16,"column":11}},"10":{"start":{"line":18,"column":4},"end":{"line":18,"column":49}},"11":{"start":{"line":22,"column":0},"end":{"line":22,"column":51}}},"fnMap":{"0":{"name":"(anonymous_0)","decl":{"start":{"line":6,"column":15},"end":{"line":6,"column":16}},"loc":{"start":{"line":6,"column":35},"end":{"line":12,"column":1}},"line":6},"1":{"name":"(anonymous_1)","decl":{"start":{"line":14,"column":16},"end":{"line":14,"column":17}},"loc":{"start":{"line":14,"column":36},"end":{"line":20,"column":1}},"line":14}},"branchMap":{"0":{"loc":{"start":{"line":7,"column":2},"end":{"line":11,"column":3}},"type":"if","locations":[{"start":{"line":7,"column":2},"end":{"line":11,"column":3}},{"start":{"line":9,"column":9},"end":{"line":11,"column":3}}],"line":7},"1":{"loc":{"start":{"line":15,"column":2},"end":{"line":19,"column":3}},"type":"if","locations":[{"start":{"line":15,"column":2},"end":{"line":19,"column":3}},{"start":{"line":17,"column":9},"end":{"line":19,"column":3}}],"line":15}},"s":{"0":3,"1":3,"2":3,"3":3,"4":2,"5":2,"6":0,"7":3,"8":0,"9":0,"10":0,"11":3},"f":{"0":2,"1":0},"b":{"0":[2,0],"1":[0,0]},"_coverageSchema":"1a1c01bbd47fc00a2c39e90264f33305004495a9","hash":"d21b3dbe83369cd707cd0188612de322a7b2c459"}
,"E:\\2024\\01\\laporan masyarakat\\server\\authentication\\passport.js": {"path":"E:\\2024\\01\\laporan masyarakat\\server\\authentication\\passport.js","statementMap":{"0":{"start":{"line":1,"column":17},"end":{"line":1,"column":36}},"1":{"start":{"line":2,"column":21},"end":{"line":2,"column":44}},"2":{"start":{"line":3,"column":11},"end":{"line":3,"column":30}},"3":{"start":{"line":5,"column":19},"end":{"line":5,"column":42}},"4":{"start":{"line":7,"column":16},"end":{"line":12,"column":1}},"5":{"start":{"line":9,"column":4},"end":{"line":9,"column":37}},"6":{"start":{"line":14,"column":21},"end":{"line":25,"column":1}},"7":{"start":{"line":15,"column":2},"end":{"line":24,"column":3}},"8":{"start":{"line":16,"column":17},"end":{"line":16,"column":79}},"9":{"start":{"line":17,"column":4},"end":{"line":17,"column":29}},"10":{"start":{"line":18,"column":4},"end":{"line":20,"column":5}},"11":{"start":{"line":19,"column":6},"end":{"line":19,"column":31}},"12":{"start":{"line":21,"column":4},"end":{"line":21,"column":28}},"13":{"start":{"line":23,"column":4},"end":{"line":23,"column":30}},"14":{"start":{"line":27,"column":0},"end":{"line":27,"column":50}},"15":{"start":{"line":29,"column":0},"end":{"line":29,"column":26}}},"fnMap":{"0":{"name":"(anonymous_0)","decl":{"start":{"line":8,"column":18},"end":{"line":8,"column":19}},"loc":{"start":{"line":8,"column":27},"end":{"line":10,"column":3}},"line":8},"1":{"name":"(anonymous_1)","decl":{"start":{"line":14,"column":21},"end":{"line":14,"column":22}},"loc":{"start":{"line":14,"column":46},"end":{"line":25,"column":1}},"line":14}},"branchMap":{"0":{"loc":{"start":{"line":18,"column":4},"end":{"line":20,"column":5}},"type":"if","locations":[{"start":{"line":18,"column":4},"end":{"line":20,"column":5}},{"start":{},"end":{}}],"line":18}},"s":{"0":3,"1":3,"2":3,"3":3,"4":3,"5":15,"6":3,"7":5,"8":5,"9":5,"10":5,"11":0,"12":5,"13":0,"14":3,"15":3},"f":{"0":15,"1":5},"b":{"0":[0,5]},"_coverageSchema":"1a1c01bbd47fc00a2c39e90264f33305004495a9","hash":"e4a8c2d7ac5ff8fc7b1db50479de8a18a5cf636e"}
,"E:\\2024\\01\\laporan masyarakat\\server\\controllers\\AdminController.js": {"path":"E:\\2024\\01\\laporan masyarakat\\server\\controllers\\AdminController.js","statementMap":{"0":{"start":{"line":1,"column":11},"end":{"line":1,"column":30}},"1":{"start":{"line":2,"column":15},"end":{"line":2,"column":32}},"2":{"start":{"line":6,"column":8},"end":{"line":16,"column":9}},"3":{"start":{"line":7,"column":25},"end":{"line":7,"column":89}},"4":{"start":{"line":9,"column":12},"end":{"line":13,"column":14}},"5":{"start":{"line":15,"column":12},"end":{"line":15,"column":58}},"6":{"start":{"line":20,"column":8},"end":{"line":32,"column":9}},"7":{"start":{"line":21,"column":25},"end":{"line":21,"column":74}},"8":{"start":{"line":23,"column":12},"end":{"line":29,"column":14}},"9":{"start":{"line":31,"column":12},"end":{"line":31,"column":58}},"10":{"start":{"line":36,"column":8},"end":{"line":46,"column":9}},"11":{"start":{"line":37,"column":25},"end":{"line":37,"column":74}},"12":{"start":{"line":38,"column":12},"end":{"line":43,"column":14}},"13":{"start":{"line":45,"column":12},"end":{"line":45,"column":58}},"14":{"start":{"line":50,"column":8},"end":{"line":93,"column":9}},"15":{"start":{"line":51,"column":54},"end":{"line":51,"column":62}},"16":{"start":{"line":52,"column":27},"end":{"line":52,"column":29}},"17":{"start":{"line":54,"column":33},"end":{"line":54,"column":146}},"18":{"start":{"line":55,"column":31},"end":{"line":55,"column":141}},"19":{"start":{"line":57,"column":12},"end":{"line":59,"column":13}},"20":{"start":{"line":58,"column":16},"end":{"line":58,"column":65}},"21":{"start":{"line":61,"column":12},"end":{"line":63,"column":13}},"22":{"start":{"line":62,"column":16},"end":{"line":62,"column":71}},"23":{"start":{"line":65,"column":12},"end":{"line":67,"column":13}},"24":{"start":{"line":66,"column":16},"end":{"line":66,"column":67}},"25":{"start":{"line":69,"column":12},"end":{"line":90,"column":13}},"26":{"start":{"line":70,"column":16},"end":{"line":78,"column":18}},"27":{"start":{"line":79,"column":16},"end":{"line":79,"column":63}},"28":{"start":{"line":80,"column":16},"end":{"line":80,"column":45}},"29":{"start":{"line":82,"column":29},"end":{"line":82,"column":78}},"30":{"start":{"line":83,"column":16},"end":{"line":89,"column":18}},"31":{"start":{"line":92,"column":12},"end":{"line":92,"column":58}},"32":{"start":{"line":97,"column":8},"end":{"line":107,"column":9}},"33":{"start":{"line":98,"column":25},"end":{"line":98,"column":89}},"34":{"start":{"line":99,"column":12},"end":{"line":104,"column":14}},"35":{"start":{"line":106,"column":12},"end":{"line":106,"column":58}},"36":{"start":{"line":111,"column":8},"end":{"line":135,"column":9}},"37":{"start":{"line":112,"column":31},"end":{"line":112,"column":39}},"38":{"start":{"line":114,"column":32},"end":{"line":114,"column":108}},"39":{"start":{"line":115,"column":30},"end":{"line":115,"column":85}},"40":{"start":{"line":117,"column":12},"end":{"line":132,"column":13}},"41":{"start":{"line":118,"column":16},"end":{"line":123,"column":18}},"42":{"start":{"line":125,"column":16},"end":{"line":131,"column":18}},"43":{"start":{"line":134,"column":12},"end":{"line":134,"column":58}},"44":{"start":{"line":139,"column":8},"end":{"line":171,"column":9}},"45":{"start":{"line":140,"column":31},"end":{"line":140,"column":39}},"46":{"start":{"line":141,"column":32},"end":{"line":141,"column":108}},"47":{"start":{"line":142,"column":31},"end":{"line":142,"column":50}},"48":{"start":{"line":143,"column":33},"end":{"line":143,"column":88}},"49":{"start":{"line":145,"column":12},"end":{"line":168,"column":13}},"50":{"start":{"line":146,"column":16},"end":{"line":152,"column":18}},"51":{"start":{"line":153,"column":19},"end":{"line":168,"column":13}},"52":{"start":{"line":154,"column":16},"end":{"line":160,"column":18}},"53":{"start":{"line":162,"column":16},"end":{"line":165,"column":18}},"54":{"start":{"line":166,"column":16},"end":{"line":166,"column":65}},"55":{"start":{"line":167,"column":16},"end":{"line":167,"column":45}},"56":{"start":{"line":170,"column":12},"end":{"line":170,"column":58}},"57":{"start":{"line":175,"column":8},"end":{"line":192,"column":9}},"58":{"start":{"line":176,"column":26},"end":{"line":176,"column":45}},"59":{"start":{"line":177,"column":26},"end":{"line":177,"column":68}},"60":{"start":{"line":178,"column":26},"end":{"line":178,"column":67}},"61":{"start":{"line":180,"column":25},"end":{"line":180,"column":89}},"62":{"start":{"line":182,"column":12},"end":{"line":189,"column":14}},"63":{"start":{"line":191,"column":12},"end":{"line":191,"column":58}},"64":{"start":{"line":196,"column":8},"end":{"line":209,"column":9}},"65":{"start":{"line":197,"column":25},"end":{"line":197,"column":89}},"66":{"start":{"line":198,"column":25},"end":{"line":198,"column":68}},"67":{"start":{"line":200,"column":12},"end":{"line":206,"column":14}},"68":{"start":{"line":208,"column":12},"end":{"line":208,"column":58}},"69":{"start":{"line":213,"column":8},"end":{"line":225,"column":9}},"70":{"start":{"line":214,"column":25},"end":{"line":214,"column":84}},"71":{"start":{"line":215,"column":25},"end":{"line":215,"column":89}},"72":{"start":{"line":217,"column":12},"end":{"line":222,"column":14}},"73":{"start":{"line":224,"column":12},"end":{"line":224,"column":58}},"74":{"start":{"line":229,"column":8},"end":{"line":241,"column":9}},"75":{"start":{"line":230,"column":25},"end":{"line":230,"column":84}},"76":{"start":{"line":231,"column":25},"end":{"line":231,"column":89}},"77":{"start":{"line":233,"column":12},"end":{"line":238,"column":14}},"78":{"start":{"line":240,"column":12},"end":{"line":240,"column":58}},"79":{"start":{"line":245,"column":8},"end":{"line":292,"column":9}},"80":{"start":{"line":246,"column":49},"end":{"line":246,"column":57}},"81":{"start":{"line":247,"column":27},"end":{"line":247,"column":29}},"82":{"start":{"line":248,"column":25},"end":{"line":248,"column":89}},"83":{"start":{"line":250,"column":28},"end":{"line":250,"column":128}},"84":{"start":{"line":251,"column":31},"end":{"line":251,"column":151}},"85":{"start":{"line":253,"column":12},"end":{"line":255,"column":13}},"86":{"start":{"line":254,"column":16},"end":{"line":254,"column":60}},"87":{"start":{"line":257,"column":12},"end":{"line":259,"column":13}},"88":{"start":{"line":258,"column":16},"end":{"line":258,"column":57}},"89":{"start":{"line":261,"column":12},"end":{"line":263,"column":13}},"90":{"start":{"line":262,"column":16},"end":{"line":262,"column":71}},"91":{"start":{"line":265,"column":12},"end":{"line":267,"column":13}},"92":{"start":{"line":266,"column":16},"end":{"line":266,"column":67}},"93":{"start":{"line":269,"column":12},"end":{"line":289,"column":13}},"94":{"start":{"line":270,"column":29},"end":{"line":270,"column":88}},"95":{"start":{"line":272,"column":16},"end":{"line":278,"column":18}},"96":{"start":{"line":280,"column":16},"end":{"line":286,"column":18}},"97":{"start":{"line":287,"column":16},"end":{"line":287,"column":61}},"98":{"start":{"line":288,"column":16},"end":{"line":288,"column":49}},"99":{"start":{"line":291,"column":12},"end":{"line":291,"column":58}},"100":{"start":{"line":296,"column":8},"end":{"line":302,"column":9}},"101":{"start":{"line":297,"column":12},"end":{"line":297,"column":77}},"102":{"start":{"line":298,"column":12},"end":{"line":298,"column":58}},"103":{"start":{"line":299,"column":12},"end":{"line":299,"column":45}},"104":{"start":{"line":301,"column":12},"end":{"line":301,"column":58}},"105":{"start":{"line":306,"column":8},"end":{"line":319,"column":9}},"106":{"start":{"line":307,"column":25},"end":{"line":307,"column":77}},"107":{"start":{"line":308,"column":25},"end":{"line":308,"column":89}},"108":{"start":{"line":310,"column":12},"end":{"line":316,"column":14}},"109":{"start":{"line":318,"column":12},"end":{"line":318,"column":58}},"110":{"start":{"line":323,"column":8},"end":{"line":332,"column":9}},"111":{"start":{"line":324,"column":25},"end":{"line":324,"column":89}},"112":{"start":{"line":325,"column":12},"end":{"line":329,"column":14}},"113":{"start":{"line":331,"column":12},"end":{"line":331,"column":58}},"114":{"start":{"line":336,"column":8},"end":{"line":378,"column":9}},"115":{"start":{"line":337,"column":54},"end":{"line":337,"column":62}},"116":{"start":{"line":338,"column":27},"end":{"line":338,"column":29}},"117":{"start":{"line":340,"column":25},"end":{"line":340,"column":89}},"118":{"start":{"line":341,"column":33},"end":{"line":341,"column":113}},"119":{"start":{"line":342,"column":31},"end":{"line":342,"column":108}},"120":{"start":{"line":344,"column":12},"end":{"line":346,"column":13}},"121":{"start":{"line":345,"column":16},"end":{"line":345,"column":65}},"122":{"start":{"line":348,"column":12},"end":{"line":350,"column":13}},"123":{"start":{"line":349,"column":16},"end":{"line":349,"column":70}},"124":{"start":{"line":352,"column":12},"end":{"line":354,"column":13}},"125":{"start":{"line":353,"column":16},"end":{"line":353,"column":67}},"126":{"start":{"line":356,"column":12},"end":{"line":375,"column":13}},"127":{"start":{"line":357,"column":16},"end":{"line":365,"column":18}},"128":{"start":{"line":366,"column":16},"end":{"line":366,"column":60}},"129":{"start":{"line":367,"column":16},"end":{"line":367,"column":46}},"130":{"start":{"line":369,"column":16},"end":{"line":374,"column":18}},"131":{"start":{"line":377,"column":12},"end":{"line":377,"column":58}},"132":{"start":{"line":382,"column":8},"end":{"line":394,"column":9}},"133":{"start":{"line":383,"column":25},"end":{"line":383,"column":89}},"134":{"start":{"line":384,"column":25},"end":{"line":384,"column":78}},"135":{"start":{"line":386,"column":12},"end":{"line":391,"column":14}},"136":{"start":{"line":393,"column":12},"end":{"line":393,"column":58}},"137":{"start":{"line":398,"column":8},"end":{"line":411,"column":9}},"138":{"start":{"line":399,"column":25},"end":{"line":399,"column":146}},"139":{"start":{"line":400,"column":25},"end":{"line":400,"column":89}},"140":{"start":{"line":402,"column":12},"end":{"line":408,"column":14}},"141":{"start":{"line":410,"column":12},"end":{"line":410,"column":58}},"142":{"start":{"line":415,"column":8},"end":{"line":429,"column":9}},"143":{"start":{"line":416,"column":28},"end":{"line":416,"column":85}},"144":{"start":{"line":417,"column":29},"end":{"line":417,"column":89}},"145":{"start":{"line":418,"column":25},"end":{"line":418,"column":89}},"146":{"start":{"line":420,"column":12},"end":{"line":426,"column":14}},"147":{"start":{"line":428,"column":12},"end":{"line":428,"column":58}},"148":{"start":{"line":433,"column":8},"end":{"line":448,"column":9}},"149":{"start":{"line":434,"column":34},"end":{"line":434,"column":42}},"150":{"start":{"line":436,"column":12},"end":{"line":443,"column":14}},"151":{"start":{"line":442,"column":16},"end":{"line":442,"column":97}},"152":{"start":{"line":444,"column":12},"end":{"line":444,"column":62}},"153":{"start":{"line":445,"column":12},"end":{"line":445,"column":42}},"154":{"start":{"line":447,"column":12},"end":{"line":447,"column":58}},"155":{"start":{"line":452,"column":8},"end":{"line":458,"column":9}},"156":{"start":{"line":453,"column":12},"end":{"line":453,"column":75}},"157":{"start":{"line":454,"column":12},"end":{"line":454,"column":63}},"158":{"start":{"line":455,"column":12},"end":{"line":455,"column":42}},"159":{"start":{"line":457,"column":12},"end":{"line":457,"column":58}},"160":{"start":{"line":462,"column":8},"end":{"line":474,"column":9}},"161":{"start":{"line":463,"column":25},"end":{"line":463,"column":157}},"162":{"start":{"line":464,"column":25},"end":{"line":464,"column":89}},"163":{"start":{"line":466,"column":12},"end":{"line":471,"column":14}},"164":{"start":{"line":473,"column":12},"end":{"line":473,"column":58}},"165":{"start":{"line":478,"column":8},"end":{"line":498,"column":9}},"166":{"start":{"line":479,"column":25},"end":{"line":479,"column":89}},"167":{"start":{"line":481,"column":28},"end":{"line":481,"column":85}},"168":{"start":{"line":482,"column":29},"end":{"line":482,"column":89}},"169":{"start":{"line":483,"column":30},"end":{"line":483,"column":87}},"170":{"start":{"line":484,"column":30},"end":{"line":484,"column":86}},"171":{"start":{"line":486,"column":12},"end":{"line":494,"column":14}},"172":{"start":{"line":497,"column":12},"end":{"line":497,"column":58}},"173":{"start":{"line":502,"column":8},"end":{"line":514,"column":9}},"174":{"start":{"line":503,"column":25},"end":{"line":503,"column":213}},"175":{"start":{"line":504,"column":25},"end":{"line":504,"column":89}},"176":{"start":{"line":506,"column":12},"end":{"line":511,"column":14}},"177":{"start":{"line":513,"column":12},"end":{"line":513,"column":58}},"178":{"start":{"line":518,"column":8},"end":{"line":530,"column":9}},"179":{"start":{"line":519,"column":25},"end":{"line":519,"column":217}},"180":{"start":{"line":520,"column":30},"end":{"line":520,"column":115}},"181":{"start":{"line":521,"column":12},"end":{"line":527,"column":14}},"182":{"start":{"line":529,"column":12},"end":{"line":529,"column":58}},"183":{"start":{"line":534,"column":8},"end":{"line":539,"column":9}},"184":{"start":{"line":535,"column":12},"end":{"line":535,"column":33}},"185":{"start":{"line":536,"column":12},"end":{"line":536,"column":29}},"186":{"start":{"line":538,"column":12},"end":{"line":538,"column":58}},"187":{"start":{"line":543,"column":0},"end":{"line":543,"column":32}}},"fnMap":{"0":{"name":"(anonymous_0)","decl":{"start":{"line":5,"column":4},"end":{"line":5,"column":5}},"loc":{"start":{"line":5,"column":37},"end":{"line":17,"column":5}},"line":5},"1":{"name":"(anonymous_1)","decl":{"start":{"line":19,"column":4},"end":{"line":19,"column":5}},"loc":{"start":{"line":19,"column":35},"end":{"line":33,"column":5}},"line":19},"2":{"name":"(anonymous_2)","decl":{"start":{"line":35,"column":4},"end":{"line":35,"column":5}},"loc":{"start":{"line":35,"column":42},"end":{"line":47,"column":5}},"line":35},"3":{"name":"(anonymous_3)","decl":{"start":{"line":49,"column":4},"end":{"line":49,"column":5}},"loc":{"start":{"line":49,"column":44},"end":{"line":94,"column":5}},"line":49},"4":{"name":"(anonymous_4)","decl":{"start":{"line":96,"column":4},"end":{"line":96,"column":5}},"loc":{"start":{"line":96,"column":39},"end":{"line":108,"column":5}},"line":96},"5":{"name":"(anonymous_5)","decl":{"start":{"line":110,"column":4},"end":{"line":110,"column":5}},"loc":{"start":{"line":110,"column":40},"end":{"line":136,"column":5}},"line":110},"6":{"name":"(anonymous_6)","decl":{"start":{"line":138,"column":4},"end":{"line":138,"column":5}},"loc":{"start":{"line":138,"column":43},"end":{"line":172,"column":5}},"line":138},"7":{"name":"(anonymous_7)","decl":{"start":{"line":174,"column":4},"end":{"line":174,"column":5}},"loc":{"start":{"line":174,"column":37},"end":{"line":193,"column":5}},"line":174},"8":{"name":"(anonymous_8)","decl":{"start":{"line":195,"column":4},"end":{"line":195,"column":5}},"loc":{"start":{"line":195,"column":42},"end":{"line":210,"column":5}},"line":195},"9":{"name":"(anonymous_9)","decl":{"start":{"line":212,"column":4},"end":{"line":212,"column":5}},"loc":{"start":{"line":212,"column":44},"end":{"line":226,"column":5}},"line":212},"10":{"name":"(anonymous_10)","decl":{"start":{"line":228,"column":4},"end":{"line":228,"column":5}},"loc":{"start":{"line":228,"column":45},"end":{"line":242,"column":5}},"line":228},"11":{"name":"(anonymous_11)","decl":{"start":{"line":244,"column":4},"end":{"line":244,"column":5}},"loc":{"start":{"line":244,"column":47},"end":{"line":293,"column":5}},"line":244},"12":{"name":"(anonymous_12)","decl":{"start":{"line":295,"column":4},"end":{"line":295,"column":5}},"loc":{"start":{"line":295,"column":44},"end":{"line":303,"column":5}},"line":295},"13":{"name":"(anonymous_13)","decl":{"start":{"line":305,"column":4},"end":{"line":305,"column":5}},"loc":{"start":{"line":305,"column":39},"end":{"line":320,"column":5}},"line":305},"14":{"name":"(anonymous_14)","decl":{"start":{"line":322,"column":4},"end":{"line":322,"column":5}},"loc":{"start":{"line":322,"column":43},"end":{"line":333,"column":5}},"line":322},"15":{"name":"(anonymous_15)","decl":{"start":{"line":335,"column":4},"end":{"line":335,"column":5}},"loc":{"start":{"line":335,"column":44},"end":{"line":379,"column":5}},"line":335},"16":{"name":"(anonymous_16)","decl":{"start":{"line":381,"column":4},"end":{"line":381,"column":5}},"loc":{"start":{"line":381,"column":41},"end":{"line":395,"column":5}},"line":381},"17":{"name":"(anonymous_17)","decl":{"start":{"line":397,"column":4},"end":{"line":397,"column":5}},"loc":{"start":{"line":397,"column":38},"end":{"line":412,"column":5}},"line":397},"18":{"name":"(anonymous_18)","decl":{"start":{"line":414,"column":4},"end":{"line":414,"column":5}},"loc":{"start":{"line":414,"column":44},"end":{"line":430,"column":5}},"line":414},"19":{"name":"(anonymous_19)","decl":{"start":{"line":432,"column":4},"end":{"line":432,"column":5}},"loc":{"start":{"line":432,"column":34},"end":{"line":449,"column":5}},"line":432},"20":{"name":"(anonymous_20)","decl":{"start":{"line":441,"column":20},"end":{"line":441,"column":21}},"loc":{"start":{"line":441,"column":26},"end":{"line":443,"column":13}},"line":441},"21":{"name":"(anonymous_21)","decl":{"start":{"line":451,"column":4},"end":{"line":451,"column":5}},"loc":{"start":{"line":451,"column":40},"end":{"line":459,"column":5}},"line":451},"22":{"name":"(anonymous_22)","decl":{"start":{"line":461,"column":4},"end":{"line":461,"column":5}},"loc":{"start":{"line":461,"column":38},"end":{"line":475,"column":5}},"line":461},"23":{"name":"(anonymous_23)","decl":{"start":{"line":477,"column":4},"end":{"line":477,"column":5}},"loc":{"start":{"line":477,"column":44},"end":{"line":499,"column":5}},"line":477},"24":{"name":"(anonymous_24)","decl":{"start":{"line":501,"column":4},"end":{"line":501,"column":5}},"loc":{"start":{"line":501,"column":35},"end":{"line":515,"column":5}},"line":501},"25":{"name":"(anonymous_25)","decl":{"start":{"line":517,"column":4},"end":{"line":517,"column":5}},"loc":{"start":{"line":517,"column":41},"end":{"line":531,"column":5}},"line":517},"26":{"name":"(anonymous_26)","decl":{"start":{"line":533,"column":4},"end":{"line":533,"column":5}},"loc":{"start":{"line":533,"column":34},"end":{"line":540,"column":5}},"line":533}},"branchMap":{"0":{"loc":{"start":{"line":57,"column":12},"end":{"line":59,"column":13}},"type":"if","locations":[{"start":{"line":57,"column":12},"end":{"line":59,"column":13}},{"start":{},"end":{}}],"line":57},"1":{"loc":{"start":{"line":61,"column":12},"end":{"line":63,"column":13}},"type":"if","locations":[{"start":{"line":61,"column":12},"end":{"line":63,"column":13}},{"start":{},"end":{}}],"line":61},"2":{"loc":{"start":{"line":65,"column":12},"end":{"line":67,"column":13}},"type":"if","locations":[{"start":{"line":65,"column":12},"end":{"line":67,"column":13}},{"start":{},"end":{}}],"line":65},"3":{"loc":{"start":{"line":65,"column":16},"end":{"line":65,"column":95}},"type":"binary-expr","locations":[{"start":{"line":65,"column":16},"end":{"line":65,"column":53}},{"start":{"line":65,"column":57},"end":{"line":65,"column":95}}],"line":65},"4":{"loc":{"start":{"line":69,"column":12},"end":{"line":90,"column":13}},"type":"if","locations":[{"start":{"line":69,"column":12},"end":{"line":90,"column":13}},{"start":{"line":81,"column":19},"end":{"line":90,"column":13}}],"line":69},"5":{"loc":{"start":{"line":117,"column":12},"end":{"line":132,"column":13}},"type":"if","locations":[{"start":{"line":117,"column":12},"end":{"line":132,"column":13}},{"start":{"line":124,"column":19},"end":{"line":132,"column":13}}],"line":117},"6":{"loc":{"start":{"line":145,"column":12},"end":{"line":168,"column":13}},"type":"if","locations":[{"start":{"line":145,"column":12},"end":{"line":168,"column":13}},{"start":{"line":153,"column":19},"end":{"line":168,"column":13}}],"line":145},"7":{"loc":{"start":{"line":153,"column":19},"end":{"line":168,"column":13}},"type":"if","locations":[{"start":{"line":153,"column":19},"end":{"line":168,"column":13}},{"start":{"line":161,"column":19},"end":{"line":168,"column":13}}],"line":153},"8":{"loc":{"start":{"line":253,"column":12},"end":{"line":255,"column":13}},"type":"if","locations":[{"start":{"line":253,"column":12},"end":{"line":255,"column":13}},{"start":{},"end":{}}],"line":253},"9":{"loc":{"start":{"line":257,"column":12},"end":{"line":259,"column":13}},"type":"if","locations":[{"start":{"line":257,"column":12},"end":{"line":259,"column":13}},{"start":{},"end":{}}],"line":257},"10":{"loc":{"start":{"line":261,"column":12},"end":{"line":263,"column":13}},"type":"if","locations":[{"start":{"line":261,"column":12},"end":{"line":263,"column":13}},{"start":{},"end":{}}],"line":261},"11":{"loc":{"start":{"line":265,"column":12},"end":{"line":267,"column":13}},"type":"if","locations":[{"start":{"line":265,"column":12},"end":{"line":267,"column":13}},{"start":{},"end":{}}],"line":265},"12":{"loc":{"start":{"line":265,"column":16},"end":{"line":265,"column":95}},"type":"binary-expr","locations":[{"start":{"line":265,"column":16},"end":{"line":265,"column":53}},{"start":{"line":265,"column":57},"end":{"line":265,"column":95}}],"line":265},"13":{"loc":{"start":{"line":269,"column":12},"end":{"line":289,"column":13}},"type":"if","locations":[{"start":{"line":269,"column":12},"end":{"line":289,"column":13}},{"start":{"line":279,"column":19},"end":{"line":289,"column":13}}],"line":269},"14":{"loc":{"start":{"line":344,"column":12},"end":{"line":346,"column":13}},"type":"if","locations":[{"start":{"line":344,"column":12},"end":{"line":346,"column":13}},{"start":{},"end":{}}],"line":344},"15":{"loc":{"start":{"line":348,"column":12},"end":{"line":350,"column":13}},"type":"if","locations":[{"start":{"line":348,"column":12},"end":{"line":350,"column":13}},{"start":{},"end":{}}],"line":348},"16":{"loc":{"start":{"line":352,"column":12},"end":{"line":354,"column":13}},"type":"if","locations":[{"start":{"line":352,"column":12},"end":{"line":354,"column":13}},{"start":{},"end":{}}],"line":352},"17":{"loc":{"start":{"line":352,"column":16},"end":{"line":352,"column":95}},"type":"binary-expr","locations":[{"start":{"line":352,"column":16},"end":{"line":352,"column":53}},{"start":{"line":352,"column":57},"end":{"line":352,"column":95}}],"line":352},"18":{"loc":{"start":{"line":356,"column":12},"end":{"line":375,"column":13}},"type":"if","locations":[{"start":{"line":356,"column":12},"end":{"line":375,"column":13}},{"start":{"line":368,"column":19},"end":{"line":375,"column":13}}],"line":356}},"s":{"0":3,"1":3,"2":0,"3":0,"4":0,"5":0,"6":0,"7":0,"8":0,"9":0,"10":0,"11":0,"12":0,"13":0,"14":0,"15":0,"16":0,"17":0,"18":0,"19":0,"20":0,"21":0,"22":0,"23":0,"24":0,"25":0,"26":0,"27":0,"28":0,"29":0,"30":0,"31":0,"32":0,"33":0,"34":0,"35":0,"36":0,"37":0,"38":0,"39":0,"40":0,"41":0,"42":0,"43":0,"44":0,"45":0,"46":0,"47":0,"48":0,"49":0,"50":0,"51":0,"52":0,"53":0,"54":0,"55":0,"56":0,"57":0,"58":0,"59":0,"60":0,"61":0,"62":0,"63":0,"64":0,"65":0,"66":0,"67":0,"68":0,"69":0,"70":0,"71":0,"72":0,"73":0,"74":0,"75":0,"76":0,"77":0,"78":0,"79":0,"80":0,"81":0,"82":0,"83":0,"84":0,"85":0,"86":0,"87":0,"88":0,"89":0,"90":0,"91":0,"92":0,"93":0,"94":0,"95":0,"96":0,"97":0,"98":0,"99":0,"100":0,"101":0,"102":0,"103":0,"104":0,"105":0,"106":0,"107":0,"108":0,"109":0,"110":0,"111":0,"112":0,"113":0,"114":0,"115":0,"116":0,"117":0,"118":0,"119":0,"120":0,"121":0,"122":0,"123":0,"124":0,"125":0,"126":0,"127":0,"128":0,"129":0,"130":0,"131":0,"132":0,"133":0,"134":0,"135":0,"136":0,"137":0,"138":0,"139":0,"140":0,"141":0,"142":0,"143":0,"144":0,"145":0,"146":0,"147":0,"148":0,"149":0,"150":0,"151":0,"152":0,"153":0,"154":0,"155":0,"156":0,"157":0,"158":0,"159":0,"160":0,"161":0,"162":0,"163":0,"164":0,"165":0,"166":0,"167":0,"168":0,"169":0,"170":0,"171":0,"172":0,"173":0,"174":0,"175":0,"176":0,"177":0,"178":0,"179":0,"180":0,"181":0,"182":0,"183":0,"184":0,"185":0,"186":0,"187":3},"f":{"0":0,"1":0,"2":0,"3":0,"4":0,"5":0,"6":0,"7":0,"8":0,"9":0,"10":0,"11":0,"12":0,"13":0,"14":0,"15":0,"16":0,"17":0,"18":0,"19":0,"20":0,"21":0,"22":0,"23":0,"24":0,"25":0,"26":0},"b":{"0":[0,0],"1":[0,0],"2":[0,0],"3":[0,0],"4":[0,0],"5":[0,0],"6":[0,0],"7":[0,0],"8":[0,0],"9":[0,0],"10":[0,0],"11":[0,0],"12":[0,0],"13":[0,0],"14":[0,0],"15":[0,0],"16":[0,0],"17":[0,0],"18":[0,0]},"_coverageSchema":"1a1c01bbd47fc00a2c39e90264f33305004495a9","hash":"d465b926a39eab8e625a59b0820e8ec647b25823"}
,"E:\\2024\\01\\laporan masyarakat\\server\\controllers\\Controller.js": {"path":"E:\\2024\\01\\laporan masyarakat\\server\\controllers\\Controller.js","statementMap":{"0":{"start":{"line":1,"column":11},"end":{"line":1,"column":30}},"1":{"start":{"line":2,"column":15},"end":{"line":2,"column":32}},"2":{"start":{"line":3,"column":14},"end":{"line":3,"column":38}},"3":{"start":{"line":7,"column":4},"end":{"line":15,"column":5}},"4":{"start":{"line":8,"column":6},"end":{"line":8,"column":13}},"5":{"start":{"line":10,"column":6},"end":{"line":14,"column":7}},"6":{"start":{"line":11,"column":8},"end":{"line":11,"column":31}},"7":{"start":{"line":13,"column":8},"end":{"line":13,"column":26}},"8":{"start":{"line":19,"column":4},"end":{"line":27,"column":5}},"9":{"start":{"line":20,"column":6},"end":{"line":20,"column":13}},"10":{"start":{"line":22,"column":6},"end":{"line":26,"column":7}},"11":{"start":{"line":23,"column":8},"end":{"line":23,"column":30}},"12":{"start":{"line":25,"column":8},"end":{"line":25,"column":26}},"13":{"start":{"line":31,"column":4},"end":{"line":39,"column":5}},"14":{"start":{"line":32,"column":6},"end":{"line":32,"column":13}},"15":{"start":{"line":34,"column":6},"end":{"line":38,"column":7}},"16":{"start":{"line":35,"column":8},"end":{"line":35,"column":30}},"17":{"start":{"line":37,"column":8},"end":{"line":37,"column":31}},"18":{"start":{"line":43,"column":4},"end":{"line":51,"column":5}},"19":{"start":{"line":44,"column":6},"end":{"line":48,"column":9}},"20":{"start":{"line":50,"column":6},"end":{"line":50,"column":53}},"21":{"start":{"line":55,"column":4},"end":{"line":86,"column":5}},"22":{"start":{"line":56,"column":32},"end":{"line":56,"column":40}},"23":{"start":{"line":57,"column":21},"end":{"line":57,"column":23}},"24":{"start":{"line":59,"column":19},"end":{"line":59,"column":61}},"25":{"start":{"line":61,"column":6},"end":{"line":83,"column":7}},"26":{"start":{"line":62,"column":26},"end":{"line":62,"column":74}},"27":{"start":{"line":63,"column":8},"end":{"line":75,"column":9}},"28":{"start":{"line":64,"column":10},"end":{"line":64,"column":34}},"29":{"start":{"line":65,"column":10},"end":{"line":65,"column":36}},"30":{"start":{"line":66,"column":10},"end":{"line":66,"column":40}},"31":{"start":{"line":67,"column":10},"end":{"line":67,"column":32}},"32":{"start":{"line":69,"column":10},"end":{"line":69,"column":62}},"33":{"start":{"line":70,"column":10},"end":{"line":74,"column":13}},"34":{"start":{"line":77,"column":8},"end":{"line":77,"column":60}},"35":{"start":{"line":78,"column":8},"end":{"line":82,"column":11}},"36":{"start":{"line":85,"column":6},"end":{"line":85,"column":53}},"37":{"start":{"line":90,"column":4},"end":{"line":97,"column":5}},"38":{"start":{"line":91,"column":6},"end":{"line":94,"column":9}},"39":{"start":{"line":96,"column":6},"end":{"line":96,"column":53}},"40":{"start":{"line":101,"column":4},"end":{"line":131,"column":5}},"41":{"start":{"line":102,"column":37},"end":{"line":102,"column":45}},"42":{"start":{"line":103,"column":21},"end":{"line":103,"column":23}},"43":{"start":{"line":105,"column":19},"end":{"line":105,"column":68}},"44":{"start":{"line":106,"column":6},"end":{"line":128,"column":7}},"45":{"start":{"line":107,"column":26},"end":{"line":107,"column":74}},"46":{"start":{"line":108,"column":8},"end":{"line":120,"column":9}},"47":{"start":{"line":109,"column":10},"end":{"line":109,"column":34}},"48":{"start":{"line":110,"column":10},"end":{"line":110,"column":37}},"49":{"start":{"line":111,"column":10},"end":{"line":111,"column":40}},"50":{"start":{"line":112,"column":10},"end":{"line":112,"column":33}},"51":{"start":{"line":114,"column":10},"end":{"line":114,"column":67}},"52":{"start":{"line":115,"column":10},"end":{"line":119,"column":13}},"53":{"start":{"line":122,"column":8},"end":{"line":122,"column":65}},"54":{"start":{"line":123,"column":8},"end":{"line":127,"column":11}},"55":{"start":{"line":130,"column":6},"end":{"line":130,"column":53}},"56":{"start":{"line":135,"column":4},"end":{"line":142,"column":5}},"57":{"start":{"line":136,"column":6},"end":{"line":139,"column":9}},"58":{"start":{"line":141,"column":6},"end":{"line":141,"column":53}},"59":{"start":{"line":146,"column":4},"end":{"line":198,"column":5}},"60":{"start":{"line":147,"column":55},"end":{"line":147,"column":63}},"61":{"start":{"line":149,"column":21},"end":{"line":149,"column":23}},"62":{"start":{"line":151,"column":22},"end":{"line":153,"column":8}},"63":{"start":{"line":154,"column":25},"end":{"line":156,"column":8}},"64":{"start":{"line":158,"column":6},"end":{"line":160,"column":7}},"65":{"start":{"line":159,"column":8},"end":{"line":159,"column":56}},"66":{"start":{"line":162,"column":6},"end":{"line":164,"column":7}},"67":{"start":{"line":163,"column":8},"end":{"line":163,"column":52}},"68":{"start":{"line":166,"column":6},"end":{"line":168,"column":7}},"69":{"start":{"line":167,"column":8},"end":{"line":167,"column":66}},"70":{"start":{"line":170,"column":6},"end":{"line":175,"column":7}},"71":{"start":{"line":174,"column":8},"end":{"line":174,"column":62}},"72":{"start":{"line":177,"column":6},"end":{"line":195,"column":7}},"73":{"start":{"line":178,"column":8},"end":{"line":186,"column":11}},"74":{"start":{"line":187,"column":8},"end":{"line":187,"column":69}},"75":{"start":{"line":188,"column":8},"end":{"line":188,"column":26}},"76":{"start":{"line":190,"column":8},"end":{"line":194,"column":11}},"77":{"start":{"line":197,"column":6},"end":{"line":197,"column":53}},"78":{"start":{"line":202,"column":0},"end":{"line":202,"column":28}}},"fnMap":{"0":{"name":"(anonymous_0)","decl":{"start":{"line":6,"column":2},"end":{"line":6,"column":3}},"loc":{"start":{"line":6,"column":40},"end":{"line":16,"column":3}},"line":6},"1":{"name":"(anonymous_1)","decl":{"start":{"line":18,"column":2},"end":{"line":18,"column":3}},"loc":{"start":{"line":18,"column":41},"end":{"line":28,"column":3}},"line":18},"2":{"name":"(anonymous_2)","decl":{"start":{"line":30,"column":2},"end":{"line":30,"column":3}},"loc":{"start":{"line":30,"column":37},"end":{"line":40,"column":3}},"line":30},"3":{"name":"(anonymous_3)","decl":{"start":{"line":42,"column":2},"end":{"line":42,"column":3}},"loc":{"start":{"line":42,"column":28},"end":{"line":52,"column":3}},"line":42},"4":{"name":"(anonymous_4)","decl":{"start":{"line":54,"column":2},"end":{"line":54,"column":3}},"loc":{"start":{"line":54,"column":31},"end":{"line":87,"column":3}},"line":54},"5":{"name":"(anonymous_5)","decl":{"start":{"line":89,"column":2},"end":{"line":89,"column":3}},"loc":{"start":{"line":89,"column":41},"end":{"line":98,"column":3}},"line":89},"6":{"name":"(anonymous_6)","decl":{"start":{"line":100,"column":2},"end":{"line":100,"column":3}},"loc":{"start":{"line":100,"column":42},"end":{"line":132,"column":3}},"line":100},"7":{"name":"(anonymous_7)","decl":{"start":{"line":134,"column":2},"end":{"line":134,"column":3}},"loc":{"start":{"line":134,"column":37},"end":{"line":143,"column":3}},"line":134},"8":{"name":"(anonymous_8)","decl":{"start":{"line":145,"column":2},"end":{"line":145,"column":3}},"loc":{"start":{"line":145,"column":38},"end":{"line":199,"column":3}},"line":145}},"branchMap":{"0":{"loc":{"start":{"line":7,"column":4},"end":{"line":15,"column":5}},"type":"if","locations":[{"start":{"line":7,"column":4},"end":{"line":15,"column":5}},{"start":{"line":9,"column":11},"end":{"line":15,"column":5}}],"line":7},"1":{"loc":{"start":{"line":7,"column":8},"end":{"line":7,"column":54}},"type":"binary-expr","locations":[{"start":{"line":7,"column":8},"end":{"line":7,"column":24}},{"start":{"line":7,"column":28},"end":{"line":7,"column":54}}],"line":7},"2":{"loc":{"start":{"line":10,"column":6},"end":{"line":14,"column":7}},"type":"if","locations":[{"start":{"line":10,"column":6},"end":{"line":14,"column":7}},{"start":{"line":12,"column":13},"end":{"line":14,"column":7}}],"line":10},"3":{"loc":{"start":{"line":19,"column":4},"end":{"line":27,"column":5}},"type":"if","locations":[{"start":{"line":19,"column":4},"end":{"line":27,"column":5}},{"start":{"line":21,"column":11},"end":{"line":27,"column":5}}],"line":19},"4":{"loc":{"start":{"line":22,"column":6},"end":{"line":26,"column":7}},"type":"if","locations":[{"start":{"line":22,"column":6},"end":{"line":26,"column":7}},{"start":{"line":24,"column":13},"end":{"line":26,"column":7}}],"line":22},"5":{"loc":{"start":{"line":31,"column":4},"end":{"line":39,"column":5}},"type":"if","locations":[{"start":{"line":31,"column":4},"end":{"line":39,"column":5}},{"start":{"line":33,"column":11},"end":{"line":39,"column":5}}],"line":31},"6":{"loc":{"start":{"line":34,"column":6},"end":{"line":38,"column":7}},"type":"if","locations":[{"start":{"line":34,"column":6},"end":{"line":38,"column":7}},{"start":{"line":36,"column":13},"end":{"line":38,"column":7}}],"line":34},"7":{"loc":{"start":{"line":61,"column":6},"end":{"line":83,"column":7}},"type":"if","locations":[{"start":{"line":61,"column":6},"end":{"line":83,"column":7}},{"start":{"line":76,"column":13},"end":{"line":83,"column":7}}],"line":61},"8":{"loc":{"start":{"line":63,"column":8},"end":{"line":75,"column":9}},"type":"if","locations":[{"start":{"line":63,"column":8},"end":{"line":75,"column":9}},{"start":{"line":68,"column":15},"end":{"line":75,"column":9}}],"line":63},"9":{"loc":{"start":{"line":106,"column":6},"end":{"line":128,"column":7}},"type":"if","locations":[{"start":{"line":106,"column":6},"end":{"line":128,"column":7}},{"start":{"line":121,"column":13},"end":{"line":128,"column":7}}],"line":106},"10":{"loc":{"start":{"line":108,"column":8},"end":{"line":120,"column":9}},"type":"if","locations":[{"start":{"line":108,"column":8},"end":{"line":120,"column":9}},{"start":{"line":113,"column":15},"end":{"line":120,"column":9}}],"line":108},"11":{"loc":{"start":{"line":158,"column":6},"end":{"line":160,"column":7}},"type":"if","locations":[{"start":{"line":158,"column":6},"end":{"line":160,"column":7}},{"start":{},"end":{}}],"line":158},"12":{"loc":{"start":{"line":162,"column":6},"end":{"line":164,"column":7}},"type":"if","locations":[{"start":{"line":162,"column":6},"end":{"line":164,"column":7}},{"start":{},"end":{}}],"line":162},"13":{"loc":{"start":{"line":166,"column":6},"end":{"line":168,"column":7}},"type":"if","locations":[{"start":{"line":166,"column":6},"end":{"line":168,"column":7}},{"start":{},"end":{}}],"line":166},"14":{"loc":{"start":{"line":170,"column":6},"end":{"line":175,"column":7}},"type":"if","locations":[{"start":{"line":170,"column":6},"end":{"line":175,"column":7}},{"start":{},"end":{}}],"line":170},"15":{"loc":{"start":{"line":171,"column":8},"end":{"line":172,"column":47}},"type":"binary-expr","locations":[{"start":{"line":171,"column":8},"end":{"line":171,"column":46}},{"start":{"line":172,"column":8},"end":{"line":172,"column":47}}],"line":171},"16":{"loc":{"start":{"line":177,"column":6},"end":{"line":195,"column":7}},"type":"if","locations":[{"start":{"line":177,"column":6},"end":{"line":195,"column":7}},{"start":{"line":189,"column":13},"end":{"line":195,"column":7}}],"line":177}},"s":{"0":3,"1":3,"2":3,"3":0,"4":0,"5":0,"6":0,"7":0,"8":0,"9":0,"10":0,"11":0,"12":0,"13":0,"14":0,"15":0,"16":0,"17":0,"18":0,"19":0,"20":0,"21":0,"22":0,"23":0,"24":0,"25":0,"26":0,"27":0,"28":0,"29":0,"30":0,"31":0,"32":0,"33":0,"34":0,"35":0,"36":0,"37":0,"38":0,"39":0,"40":0,"41":0,"42":0,"43":0,"44":0,"45":0,"46":0,"47":0,"48":0,"49":0,"50":0,"51":0,"52":0,"53":0,"54":0,"55":0,"56":0,"57":0,"58":0,"59":0,"60":0,"61":0,"62":0,"63":0,"64":0,"65":0,"66":0,"67":0,"68":0,"69":0,"70":0,"71":0,"72":0,"73":0,"74":0,"75":0,"76":0,"77":0,"78":3},"f":{"0":0,"1":0,"2":0,"3":0,"4":0,"5":0,"6":0,"7":0,"8":0},"b":{"0":[0,0],"1":[0,0],"2":[0,0],"3":[0,0],"4":[0,0],"5":[0,0],"6":[0,0],"7":[0,0],"8":[0,0],"9":[0,0],"10":[0,0],"11":[0,0],"12":[0,0],"13":[0,0],"14":[0,0],"15":[0,0],"16":[0,0]},"_coverageSchema":"1a1c01bbd47fc00a2c39e90264f33305004495a9","hash":"c96e158d9bb60ba3164ba92ad7469e9631b21467"}
,"E:\\2024\\01\\laporan masyarakat\\server\\controllers\\UserController.js": {"path":"E:\\2024\\01\\laporan masyarakat\\server\\controllers\\UserController.js","statementMap":{"0":{"start":{"line":1,"column":11},"end":{"line":1,"column":30}},"1":{"start":{"line":2,"column":15},"end":{"line":2,"column":32}},"2":{"start":{"line":7,"column":4},"end":{"line":19,"column":5}},"3":{"start":{"line":8,"column":19},"end":{"line":10,"column":23}},"4":{"start":{"line":11,"column":6},"end":{"line":16,"column":9}},"5":{"start":{"line":18,"column":6},"end":{"line":18,"column":53}},"6":{"start":{"line":23,"column":4},"end":{"line":35,"column":5}},"7":{"start":{"line":24,"column":19},"end":{"line":24,"column":73}},"8":{"start":{"line":26,"column":6},"end":{"line":32,"column":9}},"9":{"start":{"line":34,"column":6},"end":{"line":34,"column":53}},"10":{"start":{"line":39,"column":4},"end":{"line":50,"column":5}},"11":{"start":{"line":40,"column":19},"end":{"line":40,"column":73}},"12":{"start":{"line":42,"column":6},"end":{"line":47,"column":9}},"13":{"start":{"line":49,"column":6},"end":{"line":49,"column":53}},"14":{"start":{"line":54,"column":4},"end":{"line":108,"column":5}},"15":{"start":{"line":55,"column":45},"end":{"line":55,"column":53}},"16":{"start":{"line":56,"column":21},"end":{"line":56,"column":23}},"17":{"start":{"line":58,"column":22},"end":{"line":60,"column":48}},"18":{"start":{"line":61,"column":25},"end":{"line":63,"column":69}},"19":{"start":{"line":65,"column":6},"end":{"line":67,"column":7}},"20":{"start":{"line":66,"column":8},"end":{"line":66,"column":55}},"21":{"start":{"line":69,"column":6},"end":{"line":71,"column":7}},"22":{"start":{"line":70,"column":8},"end":{"line":70,"column":52}},"23":{"start":{"line":73,"column":6},"end":{"line":75,"column":7}},"24":{"start":{"line":74,"column":8},"end":{"line":74,"column":66}},"25":{"start":{"line":77,"column":6},"end":{"line":82,"column":7}},"26":{"start":{"line":81,"column":8},"end":{"line":81,"column":62}},"27":{"start":{"line":84,"column":6},"end":{"line":105,"column":7}},"28":{"start":{"line":85,"column":8},"end":{"line":93,"column":13}},"29":{"start":{"line":94,"column":8},"end":{"line":94,"column":56}},"30":{"start":{"line":95,"column":8},"end":{"line":95,"column":37}},"31":{"start":{"line":97,"column":21},"end":{"line":97,"column":75}},"32":{"start":{"line":98,"column":8},"end":{"line":104,"column":11}},"33":{"start":{"line":107,"column":6},"end":{"line":107,"column":53}},"34":{"start":{"line":112,"column":4},"end":{"line":124,"column":5}},"35":{"start":{"line":113,"column":19},"end":{"line":115,"column":23}},"36":{"start":{"line":116,"column":6},"end":{"line":121,"column":9}},"37":{"start":{"line":123,"column":6},"end":{"line":123,"column":53}},"38":{"start":{"line":128,"column":4},"end":{"line":157,"column":5}},"39":{"start":{"line":129,"column":27},"end":{"line":129,"column":35}},"40":{"start":{"line":131,"column":19},"end":{"line":133,"column":23}},"41":{"start":{"line":134,"column":26},"end":{"line":136,"column":27}},"42":{"start":{"line":137,"column":24},"end":{"line":137,"column":79}},"43":{"start":{"line":139,"column":6},"end":{"line":154,"column":7}},"44":{"start":{"line":140,"column":8},"end":{"line":145,"column":11}},"45":{"start":{"line":147,"column":8},"end":{"line":153,"column":11}},"46":{"start":{"line":156,"column":6},"end":{"line":156,"column":53}},"47":{"start":{"line":161,"column":4},"end":{"line":203,"column":5}},"48":{"start":{"line":162,"column":27},"end":{"line":162,"column":35}},"49":{"start":{"line":164,"column":25},"end":{"line":164,"column":44}},"50":{"start":{"line":165,"column":19},"end":{"line":165,"column":73}},"51":{"start":{"line":166,"column":26},"end":{"line":168,"column":27}},"52":{"start":{"line":170,"column":27},"end":{"line":173,"column":7}},"53":{"start":{"line":175,"column":6},"end":{"line":200,"column":7}},"54":{"start":{"line":176,"column":8},"end":{"line":182,"column":11}},"55":{"start":{"line":183,"column":13},"end":{"line":200,"column":7}},"56":{"start":{"line":184,"column":8},"end":{"line":190,"column":11}},"57":{"start":{"line":192,"column":8},"end":{"line":197,"column":13}},"58":{"start":{"line":198,"column":8},"end":{"line":198,"column":58}},"59":{"start":{"line":199,"column":8},"end":{"line":199,"column":37}},"60":{"start":{"line":202,"column":6},"end":{"line":202,"column":53}},"61":{"start":{"line":207,"column":4},"end":{"line":218,"column":5}},"62":{"start":{"line":208,"column":19},"end":{"line":210,"column":23}},"63":{"start":{"line":211,"column":6},"end":{"line":215,"column":9}},"64":{"start":{"line":217,"column":6},"end":{"line":217,"column":53}},"65":{"start":{"line":222,"column":4},"end":{"line":260,"column":5}},"66":{"start":{"line":223,"column":30},"end":{"line":223,"column":38}},"67":{"start":{"line":224,"column":19},"end":{"line":224,"column":27}},"68":{"start":{"line":226,"column":19},"end":{"line":228,"column":23}},"69":{"start":{"line":230,"column":6},"end":{"line":245,"column":7}},"70":{"start":{"line":231,"column":8},"end":{"line":236,"column":11}},"71":{"start":{"line":238,"column":8},"end":{"line":244,"column":11}},"72":{"start":{"line":247,"column":6},"end":{"line":252,"column":9}},"73":{"start":{"line":259,"column":6},"end":{"line":259,"column":53}},"74":{"start":{"line":264,"column":4},"end":{"line":280,"column":5}},"75":{"start":{"line":265,"column":19},"end":{"line":267,"column":8}},"76":{"start":{"line":268,"column":23},"end":{"line":270,"column":23}},"77":{"start":{"line":272,"column":6},"end":{"line":277,"column":9}},"78":{"start":{"line":279,"column":6},"end":{"line":279,"column":53}},"79":{"start":{"line":284,"column":4},"end":{"line":317,"column":5}},"80":{"start":{"line":285,"column":26},"end":{"line":287,"column":8}},"81":{"start":{"line":288,"column":26},"end":{"line":290,"column":8}},"82":{"start":{"line":291,"column":23},"end":{"line":291,"column":77}},"83":{"start":{"line":293,"column":6},"end":{"line":314,"column":7}},"84":{"start":{"line":294,"column":26},"end":{"line":296,"column":10}},"85":{"start":{"line":297,"column":8},"end":{"line":305,"column":11}},"86":{"start":{"line":307,"column":8},"end":{"line":313,"column":11}},"87":{"start":{"line":316,"column":6},"end":{"line":316,"column":53}},"88":{"start":{"line":321,"column":4},"end":{"line":326,"column":5}},"89":{"start":{"line":322,"column":6},"end":{"line":322,"column":28}},"90":{"start":{"line":323,"column":6},"end":{"line":323,"column":24}},"91":{"start":{"line":325,"column":6},"end":{"line":325,"column":53}},"92":{"start":{"line":330,"column":0},"end":{"line":330,"column":32}}},"fnMap":{"0":{"name":"(anonymous_0)","decl":{"start":{"line":6,"column":2},"end":{"line":6,"column":3}},"loc":{"start":{"line":6,"column":34},"end":{"line":20,"column":3}},"line":6},"1":{"name":"(anonymous_1)","decl":{"start":{"line":22,"column":2},"end":{"line":22,"column":3}},"loc":{"start":{"line":22,"column":32},"end":{"line":36,"column":3}},"line":22},"2":{"name":"(anonymous_2)","decl":{"start":{"line":38,"column":2},"end":{"line":38,"column":3}},"loc":{"start":{"line":38,"column":39},"end":{"line":51,"column":3}},"line":38},"3":{"name":"(anonymous_3)","decl":{"start":{"line":53,"column":2},"end":{"line":53,"column":3}},"loc":{"start":{"line":53,"column":40},"end":{"line":109,"column":3}},"line":53},"4":{"name":"(anonymous_4)","decl":{"start":{"line":111,"column":2},"end":{"line":111,"column":3}},"loc":{"start":{"line":111,"column":37},"end":{"line":125,"column":3}},"line":111},"5":{"name":"(anonymous_5)","decl":{"start":{"line":127,"column":2},"end":{"line":127,"column":3}},"loc":{"start":{"line":127,"column":38},"end":{"line":158,"column":3}},"line":127},"6":{"name":"(anonymous_6)","decl":{"start":{"line":160,"column":2},"end":{"line":160,"column":3}},"loc":{"start":{"line":160,"column":41},"end":{"line":204,"column":3}},"line":160},"7":{"name":"(anonymous_7)","decl":{"start":{"line":206,"column":2},"end":{"line":206,"column":3}},"loc":{"start":{"line":206,"column":34},"end":{"line":219,"column":3}},"line":206},"8":{"name":"(anonymous_8)","decl":{"start":{"line":221,"column":2},"end":{"line":221,"column":3}},"loc":{"start":{"line":221,"column":35},"end":{"line":261,"column":3}},"line":221},"9":{"name":"(anonymous_9)","decl":{"start":{"line":263,"column":2},"end":{"line":263,"column":3}},"loc":{"start":{"line":263,"column":33},"end":{"line":281,"column":3}},"line":263},"10":{"name":"(anonymous_10)","decl":{"start":{"line":283,"column":2},"end":{"line":283,"column":3}},"loc":{"start":{"line":283,"column":39},"end":{"line":318,"column":3}},"line":283},"11":{"name":"(anonymous_11)","decl":{"start":{"line":320,"column":2},"end":{"line":320,"column":3}},"loc":{"start":{"line":320,"column":32},"end":{"line":327,"column":3}},"line":320}},"branchMap":{"0":{"loc":{"start":{"line":65,"column":6},"end":{"line":67,"column":7}},"type":"if","locations":[{"start":{"line":65,"column":6},"end":{"line":67,"column":7}},{"start":{},"end":{}}],"line":65},"1":{"loc":{"start":{"line":69,"column":6},"end":{"line":71,"column":7}},"type":"if","locations":[{"start":{"line":69,"column":6},"end":{"line":71,"column":7}},{"start":{},"end":{}}],"line":69},"2":{"loc":{"start":{"line":73,"column":6},"end":{"line":75,"column":7}},"type":"if","locations":[{"start":{"line":73,"column":6},"end":{"line":75,"column":7}},{"start":{},"end":{}}],"line":73},"3":{"loc":{"start":{"line":77,"column":6},"end":{"line":82,"column":7}},"type":"if","locations":[{"start":{"line":77,"column":6},"end":{"line":82,"column":7}},{"start":{},"end":{}}],"line":77},"4":{"loc":{"start":{"line":78,"column":8},"end":{"line":79,"column":47}},"type":"binary-expr","locations":[{"start":{"line":78,"column":8},"end":{"line":78,"column":46}},{"start":{"line":79,"column":8},"end":{"line":79,"column":47}}],"line":78},"5":{"loc":{"start":{"line":84,"column":6},"end":{"line":105,"column":7}},"type":"if","locations":[{"start":{"line":84,"column":6},"end":{"line":105,"column":7}},{"start":{"line":96,"column":13},"end":{"line":105,"column":7}}],"line":84},"6":{"loc":{"start":{"line":139,"column":6},"end":{"line":154,"column":7}},"type":"if","locations":[{"start":{"line":139,"column":6},"end":{"line":154,"column":7}},{"start":{"line":146,"column":13},"end":{"line":154,"column":7}}],"line":139},"7":{"loc":{"start":{"line":175,"column":6},"end":{"line":200,"column":7}},"type":"if","locations":[{"start":{"line":175,"column":6},"end":{"line":200,"column":7}},{"start":{"line":183,"column":13},"end":{"line":200,"column":7}}],"line":175},"8":{"loc":{"start":{"line":183,"column":13},"end":{"line":200,"column":7}},"type":"if","locations":[{"start":{"line":183,"column":13},"end":{"line":200,"column":7}},{"start":{"line":191,"column":13},"end":{"line":200,"column":7}}],"line":183},"9":{"loc":{"start":{"line":230,"column":6},"end":{"line":245,"column":7}},"type":"if","locations":[{"start":{"line":230,"column":6},"end":{"line":245,"column":7}},{"start":{"line":237,"column":13},"end":{"line":245,"column":7}}],"line":230},"10":{"loc":{"start":{"line":230,"column":10},"end":{"line":230,"column":29}},"type":"binary-expr","locations":[{"start":{"line":230,"column":10},"end":{"line":230,"column":15}},{"start":{"line":230,"column":19},"end":{"line":230,"column":29}}],"line":230},"11":{"loc":{"start":{"line":293,"column":6},"end":{"line":314,"column":7}},"type":"if","locations":[{"start":{"line":293,"column":6},"end":{"line":314,"column":7}},{"start":{"line":306,"column":13},"end":{"line":314,"column":7}}],"line":293}},"s":{"0":3,"1":3,"2":0,"3":0,"4":0,"5":0,"6":0,"7":0,"8":0,"9":0,"10":0,"11":0,"12":0,"13":0,"14":0,"15":0,"16":0,"17":0,"18":0,"19":0,"20":0,"21":0,"22":0,"23":0,"24":0,"25":0,"26":0,"27":0,"28":0,"29":0,"30":0,"31":0,"32":0,"33":0,"34":0,"35":0,"36":0,"37":0,"38":0,"39":0,"40":0,"41":0,"42":0,"43":0,"44":0,"45":0,"46":0,"47":0,"48":0,"49":0,"50":0,"51":0,"52":0,"53":0,"54":0,"55":0,"56":0,"57":0,"58":0,"59":0,"60":0,"61":0,"62":0,"63":0,"64":0,"65":0,"66":0,"67":0,"68":0,"69":0,"70":0,"71":0,"72":0,"73":0,"74":0,"75":0,"76":0,"77":0,"78":0,"79":0,"80":0,"81":0,"82":0,"83":0,"84":0,"85":0,"86":0,"87":0,"88":0,"89":0,"90":0,"91":0,"92":3},"f":{"0":0,"1":0,"2":0,"3":0,"4":0,"5":0,"6":0,"7":0,"8":0,"9":0,"10":0,"11":0},"b":{"0":[0,0],"1":[0,0],"2":[0,0],"3":[0,0],"4":[0,0],"5":[0,0],"6":[0,0],"7":[0,0],"8":[0,0],"9":[0,0],"10":[0,0],"11":[0,0]},"_coverageSchema":"1a1c01bbd47fc00a2c39e90264f33305004495a9","hash":"e87b7b14f4fabd3ef4c0578fb9bc6577fc3e0984"}
,"E:\\2024\\01\\laporan masyarakat\\server\\controllers\\homepage.js": {"path":"E:\\2024\\01\\laporan masyarakat\\server\\controllers\\homepage.js","statementMap":{"0":{"start":{"line":1,"column":17},"end":{"line":7,"column":1}},"1":{"start":{"line":2,"column":2},"end":{"line":6,"column":3}},"2":{"start":{"line":3,"column":4},"end":{"line":3,"column":49}},"3":{"start":{"line":5,"column":4},"end":{"line":5,"column":16}},"4":{"start":{"line":9,"column":0},"end":{"line":9,"column":30}}},"fnMap":{"0":{"name":"(anonymous_0)","decl":{"start":{"line":1,"column":17},"end":{"line":1,"column":18}},"loc":{"start":{"line":1,"column":43},"end":{"line":7,"column":1}},"line":1}},"branchMap":{},"s":{"0":3,"1":1,"2":1,"3":0,"4":3},"f":{"0":1},"b":{},"_coverageSchema":"1a1c01bbd47fc00a2c39e90264f33305004495a9","hash":"deb5a05bcfe724ce390622c0d70f4d4285054e38"}
,"E:\\2024\\01\\laporan masyarakat\\server\\controllers\\newUserControler.js": {"path":"E:\\2024\\01\\laporan masyarakat\\server\\controllers\\newUserControler.js","statementMap":{"0":{"start":{"line":1,"column":11},"end":{"line":1,"column":30}},"1":{"start":{"line":2,"column":15},"end":{"line":2,"column":32}},"2":{"start":{"line":3,"column":22},"end":{"line":3,"column":60}},"3":{"start":{"line":4,"column":19},"end":{"line":4,"column":54}},"4":{"start":{"line":5,"column":19},"end":{"line":5,"column":54}},"5":{"start":{"line":7,"column":16},"end":{"line":32,"column":1}},"6":{"start":{"line":8,"column":2},"end":{"line":31,"column":3}},"7":{"start":{"line":9,"column":17},"end":{"line":11,"column":5}},"8":{"start":{"line":12,"column":22},"end":{"line":12,"column":58}},"9":{"start":{"line":13,"column":21},"end":{"line":13,"column":71}},"10":{"start":{"line":14,"column":4},"end":{"line":16,"column":5}},"11":{"start":{"line":15,"column":6},"end":{"line":15,"column":53}},"12":{"start":{"line":18,"column":19},"end":{"line":24,"column":5}},"13":{"start":{"line":25,"column":4},"end":{"line":28,"column":7}},"14":{"start":{"line":30,"column":4},"end":{"line":30,"column":16}},"15":{"start":{"line":34,"column":17},"end":{"line":78,"column":1}},"16":{"start":{"line":35,"column":2},"end":{"line":77,"column":3}},"17":{"start":{"line":36,"column":17},"end":{"line":42,"column":5}},"18":{"start":{"line":43,"column":22},"end":{"line":43,"column":59}},"19":{"start":{"line":44,"column":20},"end":{"line":44,"column":72}},"20":{"start":{"line":45,"column":23},"end":{"line":47,"column":6}},"21":{"start":{"line":49,"column":4},"end":{"line":51,"column":5}},"22":{"start":{"line":50,"column":6},"end":{"line":50,"column":56}},"23":{"start":{"line":53,"column":4},"end":{"line":55,"column":5}},"24":{"start":{"line":54,"column":6},"end":{"line":54,"column":60}},"25":{"start":{"line":57,"column":22},"end":{"line":64,"column":5}},"26":{"start":{"line":66,"column":19},"end":{"line":69,"column":60}},"27":{"start":{"line":71,"column":4},"end":{"line":74,"column":7}},"28":{"start":{"line":76,"column":4},"end":{"line":76,"column":16}},"29":{"start":{"line":80,"column":20},"end":{"line":103,"column":1}},"30":{"start":{"line":81,"column":2},"end":{"line":102,"column":3}},"31":{"start":{"line":82,"column":17},"end":{"line":84,"column":5}},"32":{"start":{"line":85,"column":22},"end":{"line":85,"column":58}},"33":{"start":{"line":86,"column":21},"end":{"line":88,"column":21}},"34":{"start":{"line":90,"column":4},"end":{"line":92,"column":5}},"35":{"start":{"line":91,"column":6},"end":{"line":91,"column":53}},"36":{"start":{"line":93,"column":19},"end":{"line":95,"column":5}},"37":{"start":{"line":96,"column":4},"end":{"line":99,"column":7}},"38":{"start":{"line":101,"column":4},"end":{"line":101,"column":16}},"39":{"start":{"line":105,"column":0},"end":{"line":105,"column":52}}},"fnMap":{"0":{"name":"(anonymous_0)","decl":{"start":{"line":7,"column":16},"end":{"line":7,"column":17}},"loc":{"start":{"line":7,"column":42},"end":{"line":32,"column":1}},"line":7},"1":{"name":"(anonymous_1)","decl":{"start":{"line":34,"column":17},"end":{"line":34,"column":18}},"loc":{"start":{"line":34,"column":43},"end":{"line":78,"column":1}},"line":34},"2":{"name":"(anonymous_2)","decl":{"start":{"line":80,"column":20},"end":{"line":80,"column":21}},"loc":{"start":{"line":80,"column":46},"end":{"line":103,"column":1}},"line":80}},"branchMap":{"0":{"loc":{"start":{"line":14,"column":4},"end":{"line":16,"column":5}},"type":"if","locations":[{"start":{"line":14,"column":4},"end":{"line":16,"column":5}},{"start":{},"end":{}}],"line":14},"1":{"loc":{"start":{"line":49,"column":4},"end":{"line":51,"column":5}},"type":"if","locations":[{"start":{"line":49,"column":4},"end":{"line":51,"column":5}},{"start":{},"end":{}}],"line":49},"2":{"loc":{"start":{"line":53,"column":4},"end":{"line":55,"column":5}},"type":"if","locations":[{"start":{"line":53,"column":4},"end":{"line":55,"column":5}},{"start":{},"end":{}}],"line":53},"3":{"loc":{"start":{"line":90,"column":4},"end":{"line":92,"column":5}},"type":"if","locations":[{"start":{"line":90,"column":4},"end":{"line":92,"column":5}},{"start":{},"end":{}}],"line":90}},"s":{"0":3,"1":3,"2":3,"3":3,"4":3,"5":3,"6":3,"7":3,"8":3,"9":3,"10":3,"11":0,"12":3,"13":3,"14":0,"15":3,"16":1,"17":1,"18":1,"19":1,"20":1,"21":1,"22":0,"23":1,"24":0,"25":1,"26":1,"27":1,"28":0,"29":3,"30":1,"31":1,"32":1,"33":1,"34":1,"35":0,"36":1,"37":1,"38":0,"39":3},"f":{"0":3,"1":1,"2":1},"b":{"0":[0,3],"1":[0,1],"2":[0,1],"3":[0,1]},"_coverageSchema":"1a1c01bbd47fc00a2c39e90264f33305004495a9","hash":"d7006e7a38bdba7357c3f0cc19619a59e02bdb65"}
,"E:\\2024\\01\\laporan masyarakat\\server\\controllers\\userAuth.js": {"path":"E:\\2024\\01\\laporan masyarakat\\server\\controllers\\userAuth.js","statementMap":{"0":{"start":{"line":1,"column":11},"end":{"line":1,"column":30}},"1":{"start":{"line":2,"column":15},"end":{"line":2,"column":32}},"2":{"start":{"line":3,"column":22},"end":{"line":3,"column":60}},"3":{"start":{"line":4,"column":19},"end":{"line":4,"column":54}},"4":{"start":{"line":5,"column":19},"end":{"line":5,"column":54}},"5":{"start":{"line":6,"column":12},"end":{"line":6,"column":35}},"6":{"start":{"line":8,"column":19},"end":{"line":8,"column":42}},"7":{"start":{"line":9,"column":23},"end":{"line":9,"column":27}},"8":{"start":{"line":11,"column":17},"end":{"line":59,"column":1}},"9":{"start":{"line":12,"column":2},"end":{"line":58,"column":3}},"10":{"start":{"line":14,"column":17},"end":{"line":20,"column":5}},"11":{"start":{"line":22,"column":22},"end":{"line":22,"column":59}},"12":{"start":{"line":25,"column":20},"end":{"line":25,"column":72}},"13":{"start":{"line":26,"column":4},"end":{"line":30,"column":5}},"14":{"start":{"line":29,"column":6},"end":{"line":29,"column":58}},"15":{"start":{"line":33,"column":27},"end":{"line":33,"column":68}},"16":{"start":{"line":35,"column":22},"end":{"line":41,"column":5}},"17":{"start":{"line":45,"column":19},"end":{"line":47,"column":60}},"18":{"start":{"line":52,"column":4},"end":{"line":55,"column":7}},"19":{"start":{"line":57,"column":4},"end":{"line":57,"column":16}},"20":{"start":{"line":61,"column":14},"end":{"line":121,"column":1}},"21":{"start":{"line":62,"column":2},"end":{"line":120,"column":3}},"22":{"start":{"line":64,"column":17},"end":{"line":67,"column":5}},"23":{"start":{"line":69,"column":22},"end":{"line":69,"column":56}},"24":{"start":{"line":72,"column":20},"end":{"line":72,"column":72}},"25":{"start":{"line":75,"column":4},"end":{"line":79,"column":5}},"26":{"start":{"line":78,"column":6},"end":{"line":78,"column":62}},"27":{"start":{"line":83,"column":26},"end":{"line":86,"column":5}},"28":{"start":{"line":88,"column":4},"end":{"line":90,"column":5}},"29":{"start":{"line":89,"column":6},"end":{"line":89,"column":62}},"30":{"start":{"line":95,"column":18},"end":{"line":104,"column":5}},"31":{"start":{"line":108,"column":4},"end":{"line":117,"column":9}},"32":{"start":{"line":119,"column":4},"end":{"line":119,"column":16}},"33":{"start":{"line":123,"column":0},"end":{"line":123,"column":37}}},"fnMap":{"0":{"name":"(anonymous_0)","decl":{"start":{"line":11,"column":17},"end":{"line":11,"column":18}},"loc":{"start":{"line":11,"column":43},"end":{"line":59,"column":1}},"line":11},"1":{"name":"(anonymous_1)","decl":{"start":{"line":61,"column":14},"end":{"line":61,"column":15}},"loc":{"start":{"line":61,"column":40},"end":{"line":121,"column":1}},"line":61}},"branchMap":{"0":{"loc":{"start":{"line":26,"column":4},"end":{"line":30,"column":5}},"type":"if","locations":[{"start":{"line":26,"column":4},"end":{"line":30,"column":5}},{"start":{},"end":{}}],"line":26},"1":{"loc":{"start":{"line":75,"column":4},"end":{"line":79,"column":5}},"type":"if","locations":[{"start":{"line":75,"column":4},"end":{"line":79,"column":5}},{"start":{},"end":{}}],"line":75},"2":{"loc":{"start":{"line":88,"column":4},"end":{"line":90,"column":5}},"type":"if","locations":[{"start":{"line":88,"column":4},"end":{"line":90,"column":5}},{"start":{},"end":{}}],"line":88}},"s":{"0":3,"1":3,"2":3,"3":3,"4":3,"5":3,"6":3,"7":3,"8":3,"9":4,"10":4,"11":4,"12":2,"13":2,"14":1,"15":1,"16":1,"17":1,"18":1,"19":3,"20":3,"21":4,"22":4,"23":4,"24":2,"25":2,"26":0,"27":2,"28":2,"29":1,"30":1,"31":1,"32":3,"33":3},"f":{"0":4,"1":4},"b":{"0":[1,1],"1":[0,2],"2":[1,1]},"_coverageSchema":"1a1c01bbd47fc00a2c39e90264f33305004495a9","hash":"4b9e007b575e12dade0ad0f9cd9fca826bb949fc"}
,"E:\\2024\\01\\laporan masyarakat\\server\\db\\db.js": {"path":"E:\\2024\\01\\laporan masyarakat\\server\\db\\db.js","statementMap":{"0":{"start":{"line":1,"column":13},"end":{"line":1,"column":28}},"1":{"start":{"line":2,"column":17},"end":{"line":2,"column":38}},"2":{"start":{"line":3,"column":11},"end":{"line":3,"column":37}},"3":{"start":{"line":5,"column":0},"end":{"line":5,"column":19}}},"fnMap":{},"branchMap":{},"s":{"0":3,"1":3,"2":3,"3":3},"f":{},"b":{},"_coverageSchema":"1a1c01bbd47fc00a2c39e90264f33305004495a9","hash":"c9abe9484e11b6035d457d5e924b1ea931a2a2ef"}
,"E:\\2024\\01\\laporan masyarakat\\server\\db\\knexfile.js": {"path":"E:\\2024\\01\\laporan masyarakat\\server\\db\\knexfile.js","statementMap":{"0":{"start":{"line":6,"column":0},"end":{"line":17,"column":2}}},"fnMap":{},"branchMap":{},"s":{"0":3},"f":{},"b":{},"_coverageSchema":"1a1c01bbd47fc00a2c39e90264f33305004495a9","hash":"60014883b8de848904030014d4679d6dea367618"}
,"E:\\2024\\01\\laporan masyarakat\\server\\middleware\\errorMidleware.js": {"path":"E:\\2024\\01\\laporan masyarakat\\server\\middleware\\errorMidleware.js","statementMap":{"0":{"start":{"line":1,"column":22},"end":{"line":1,"column":48}},"1":{"start":{"line":3,"column":24},"end":{"line":23,"column":1}},"2":{"start":{"line":4,"column":2},"end":{"line":22,"column":3}},"3":{"start":{"line":5,"column":4},"end":{"line":8,"column":5}},"4":{"start":{"line":6,"column":6},"end":{"line":6,"column":13}},"5":{"start":{"line":7,"column":6},"end":{"line":7,"column":13}},"6":{"start":{"line":9,"column":4},"end":{"line":19,"column":5}},"7":{"start":{"line":10,"column":6},"end":{"line":13,"column":9}},"8":{"start":{"line":15,"column":6},"end":{"line":18,"column":9}},"9":{"start":{"line":21,"column":4},"end":{"line":21,"column":16}},"10":{"start":{"line":25,"column":0},"end":{"line":25,"column":33}}},"fnMap":{"0":{"name":"(anonymous_0)","decl":{"start":{"line":3,"column":24},"end":{"line":3,"column":25}},"loc":{"start":{"line":3,"column":55},"end":{"line":23,"column":1}},"line":3}},"branchMap":{"0":{"loc":{"start":{"line":5,"column":4},"end":{"line":8,"column":5}},"type":"if","locations":[{"start":{"line":5,"column":4},"end":{"line":8,"column":5}},{"start":{},"end":{}}],"line":5},"1":{"loc":{"start":{"line":9,"column":4},"end":{"line":19,"column":5}},"type":"if","locations":[{"start":{"line":9,"column":4},"end":{"line":19,"column":5}},{"start":{"line":14,"column":11},"end":{"line":19,"column":5}}],"line":9}},"s":{"0":3,"1":3,"2":7,"3":7,"4":0,"5":0,"6":7,"7":7,"8":0,"9":0,"10":3},"f":{"0":7},"b":{"0":[0,7],"1":[7,0]},"_coverageSchema":"1a1c01bbd47fc00a2c39e90264f33305004495a9","hash":"7646a3fd96ddd89e4d29a30c8abb31f51e057792"}
,"E:\\2024\\01\\laporan masyarakat\\server\\middleware\\responseError.js": {"path":"E:\\2024\\01\\laporan masyarakat\\server\\middleware\\responseError.js","statementMap":{"0":{"start":{"line":3,"column":4},"end":{"line":3,"column":19}},"1":{"start":{"line":4,"column":4},"end":{"line":4,"column":25}},"2":{"start":{"line":8,"column":0},"end":{"line":8,"column":31}}},"fnMap":{"0":{"name":"(anonymous_0)","decl":{"start":{"line":2,"column":2},"end":{"line":2,"column":3}},"loc":{"start":{"line":2,"column":31},"end":{"line":5,"column":3}},"line":2}},"branchMap":{},"s":{"0":7,"1":7,"2":3},"f":{"0":7},"b":{},"_coverageSchema":"1a1c01bbd47fc00a2c39e90264f33305004495a9","hash":"91a4f1579b76d938139eb6920dd050d546f23b99"}
,"E:\\2024\\01\\laporan masyarakat\\server\\routes\\adminRoutes.js": {"path":"E:\\2024\\01\\laporan masyarakat\\server\\routes\\adminRoutes.js","statementMap":{"0":{"start":{"line":1,"column":16},"end":{"line":1,"column":34}},"1":{"start":{"line":2,"column":14},"end":{"line":2,"column":30}},"2":{"start":{"line":3,"column":24},"end":{"line":3,"column":65}},"3":{"start":{"line":5,"column":0},"end":{"line":5,"column":40}},"4":{"start":{"line":7,"column":0},"end":{"line":7,"column":45}},"5":{"start":{"line":8,"column":0},"end":{"line":8,"column":57}},"6":{"start":{"line":9,"column":0},"end":{"line":9,"column":59}},"7":{"start":{"line":10,"column":0},"end":{"line":10,"column":58}},"8":{"start":{"line":11,"column":0},"end":{"line":11,"column":60}},"9":{"start":{"line":12,"column":0},"end":{"line":12,"column":68}},"10":{"start":{"line":14,"column":0},"end":{"line":14,"column":47}},"11":{"start":{"line":16,"column":0},"end":{"line":16,"column":56}},"12":{"start":{"line":17,"column":0},"end":{"line":17,"column":72}},"13":{"start":{"line":18,"column":0},"end":{"line":18,"column":78}},"14":{"start":{"line":19,"column":0},"end":{"line":19,"column":80}},"15":{"start":{"line":20,"column":0},"end":{"line":20,"column":79}},"16":{"start":{"line":22,"column":0},"end":{"line":22,"column":50}},"17":{"start":{"line":23,"column":0},"end":{"line":23,"column":61}},"18":{"start":{"line":24,"column":0},"end":{"line":24,"column":63}},"19":{"start":{"line":25,"column":0},"end":{"line":25,"column":63}},"20":{"start":{"line":27,"column":0},"end":{"line":27,"column":49}},"21":{"start":{"line":28,"column":0},"end":{"line":28,"column":62}},"22":{"start":{"line":29,"column":0},"end":{"line":29,"column":52}},"23":{"start":{"line":30,"column":0},"end":{"line":30,"column":65}},"24":{"start":{"line":32,"column":0},"end":{"line":32,"column":49}},"25":{"start":{"line":33,"column":0},"end":{"line":33,"column":62}},"26":{"start":{"line":35,"column":0},"end":{"line":35,"column":46}},"27":{"start":{"line":36,"column":0},"end":{"line":36,"column":63}},"28":{"start":{"line":38,"column":0},"end":{"line":38,"column":44}},"29":{"start":{"line":40,"column":0},"end":{"line":40,"column":22}}},"fnMap":{},"branchMap":{},"s":{"0":3,"1":3,"2":3,"3":3,"4":3,"5":3,"6":3,"7":3,"8":3,"9":3,"10":3,"11":3,"12":3,"13":3,"14":3,"15":3,"16":3,"17":3,"18":3,"19":3,"20":3,"21":3,"22":3,"23":3,"24":3,"25":3,"26":3,"27":3,"28":3,"29":3},"f":{},"b":{},"_coverageSchema":"1a1c01bbd47fc00a2c39e90264f33305004495a9","hash":"11267cd829e2ee4b2a6e33f980fd06c7177e0ab9"}
,"E:\\2024\\01\\laporan masyarakat\\server\\routes\\index.js": {"path":"E:\\2024\\01\\laporan masyarakat\\server\\routes\\index.js","statementMap":{"0":{"start":{"line":1,"column":16},"end":{"line":1,"column":34}},"1":{"start":{"line":2,"column":14},"end":{"line":2,"column":30}},"2":{"start":{"line":3,"column":19},"end":{"line":3,"column":43}},"3":{"start":{"line":4,"column":18},"end":{"line":4,"column":41}},"4":{"start":{"line":5,"column":19},"end":{"line":5,"column":55}},"5":{"start":{"line":7,"column":17},"end":{"line":7,"column":51}},"6":{"start":{"line":8,"column":17},"end":{"line":8,"column":51}},"7":{"start":{"line":11,"column":13},"end":{"line":11,"column":46}},"8":{"start":{"line":21,"column":0},"end":{"line":21,"column":80}},"9":{"start":{"line":22,"column":0},"end":{"line":22,"column":58}},"10":{"start":{"line":23,"column":0},"end":{"line":23,"column":60}},"11":{"start":{"line":26,"column":0},"end":{"line":26,"column":34}},"12":{"start":{"line":30,"column":0},"end":{"line":30,"column":43}},"13":{"start":{"line":32,"column":0},"end":{"line":32,"column":32}},"14":{"start":{"line":35,"column":0},"end":{"line":35,"column":49}},"15":{"start":{"line":37,"column":0},"end":{"line":37,"column":23}}},"fnMap":{},"branchMap":{},"s":{"0":3,"1":3,"2":3,"3":3,"4":3,"5":3,"6":3,"7":3,"8":3,"9":3,"10":3,"11":3,"12":3,"13":3,"14":3,"15":3},"f":{},"b":{},"_coverageSchema":"1a1c01bbd47fc00a2c39e90264f33305004495a9","hash":"8d0cee3356cd20bcbafab6978ee6cbdb131a3686"}
,"E:\\2024\\01\\laporan masyarakat\\server\\routes\\userRoutes.js": {"path":"E:\\2024\\01\\laporan masyarakat\\server\\routes\\userRoutes.js","statementMap":{"0":{"start":{"line":1,"column":16},"end":{"line":1,"column":34}},"1":{"start":{"line":2,"column":14},"end":{"line":2,"column":30}},"2":{"start":{"line":3,"column":23},"end":{"line":3,"column":63}},"3":{"start":{"line":4,"column":26},"end":{"line":4,"column":68}},"4":{"start":{"line":5,"column":19},"end":{"line":5,"column":43}},"5":{"start":{"line":6,"column":30},"end":{"line":6,"column":66}},"6":{"start":{"line":7,"column":15},"end":{"line":7,"column":32}},"7":{"start":{"line":9,"column":13},"end":{"line":9,"column":46}},"8":{"start":{"line":11,"column":0},"end":{"line":15,"column":3}},"9":{"start":{"line":17,"column":16},"end":{"line":23,"column":2}},"10":{"start":{"line":25,"column":15},"end":{"line":25,"column":43}},"11":{"start":{"line":34,"column":0},"end":{"line":34,"column":60}},"12":{"start":{"line":35,"column":0},"end":{"line":35,"column":68}},"13":{"start":{"line":37,"column":0},"end":{"line":37,"column":45}},"14":{"start":{"line":38,"column":0},"end":{"line":38,"column":70}},"15":{"start":{"line":40,"column":0},"end":{"line":40,"column":46}},"16":{"start":{"line":41,"column":0},"end":{"line":41,"column":59}},"17":{"start":{"line":43,"column":0},"end":{"line":43,"column":44}},"18":{"start":{"line":46,"column":0},"end":{"line":46,"column":42}},"19":{"start":{"line":47,"column":0},"end":{"line":47,"column":48}},"20":{"start":{"line":48,"column":0},"end":{"line":48,"column":53}},"21":{"start":{"line":49,"column":0},"end":{"line":49,"column":68}},"22":{"start":{"line":50,"column":0},"end":{"line":50,"column":74}},"23":{"start":{"line":52,"column":0},"end":{"line":52,"column":23}}},"fnMap":{},"branchMap":{},"s":{"0":3,"1":3,"2":3,"3":3,"4":3,"5":3,"6":3,"7":3,"8":3,"9":3,"10":3,"11":3,"12":3,"13":3,"14":3,"15":3,"16":3,"17":3,"18":3,"19":3,"20":3,"21":3,"22":3,"23":3},"f":{},"b":{},"_coverageSchema":"1a1c01bbd47fc00a2c39e90264f33305004495a9","hash":"4c8657422703219d22065d6bcc87c309d2cf7e6f"}
,"E:\\2024\\01\\laporan masyarakat\\server\\test\\utility.js": {"path":"E:\\2024\\01\\laporan masyarakat\\server\\test\\utility.js","statementMap":{"0":{"start":{"line":1,"column":11},"end":{"line":1,"column":30}},"1":{"start":{"line":2,"column":15},"end":{"line":2,"column":32}},"2":{"start":{"line":3,"column":12},"end":{"line":3,"column":35}},"3":{"start":{"line":5,"column":19},"end":{"line":5,"column":42}},"4":{"start":{"line":6,"column":23},"end":{"line":6,"column":27}},"5":{"start":{"line":8,"column":23},"end":{"line":27,"column":1}},"6":{"start":{"line":9,"column":15},"end":{"line":15,"column":3}},"7":{"start":{"line":17,"column":25},"end":{"line":17,"column":61}},"8":{"start":{"line":18,"column":20},"end":{"line":24,"column":3}},"9":{"start":{"line":26,"column":2},"end":{"line":26,"column":43}},"10":{"start":{"line":29,"column":20},"end":{"line":34,"column":1}},"11":{"start":{"line":30,"column":15},"end":{"line":32,"column":12}},"12":{"start":{"line":33,"column":2},"end":{"line":33,"column":14}},"13":{"start":{"line":36,"column":23},"end":{"line":38,"column":1}},"14":{"start":{"line":37,"column":2},"end":{"line":37,"column":66}},"15":{"start":{"line":40,"column":21},"end":{"line":53,"column":1}},"16":{"start":{"line":41,"column":15},"end":{"line":41,"column":34}},"17":{"start":{"line":42,"column":16},"end":{"line":51,"column":3}},"18":{"start":{"line":52,"column":2},"end":{"line":52,"column":15}},"19":{"start":{"line":55,"column":0},"end":{"line":55,"column":79}}},"fnMap":{"0":{"name":"(anonymous_0)","decl":{"start":{"line":8,"column":23},"end":{"line":8,"column":24}},"loc":{"start":{"line":8,"column":35},"end":{"line":27,"column":1}},"line":8},"1":{"name":"(anonymous_1)","decl":{"start":{"line":29,"column":20},"end":{"line":29,"column":21}},"loc":{"start":{"line":29,"column":32},"end":{"line":34,"column":1}},"line":29},"2":{"name":"(anonymous_2)","decl":{"start":{"line":36,"column":23},"end":{"line":36,"column":24}},"loc":{"start":{"line":36,"column":35},"end":{"line":38,"column":1}},"line":36},"3":{"name":"(anonymous_3)","decl":{"start":{"line":40,"column":21},"end":{"line":40,"column":22}},"loc":{"start":{"line":40,"column":33},"end":{"line":53,"column":1}},"line":40}},"branchMap":{},"s":{"0":2,"1":2,"2":2,"3":2,"4":2,"5":2,"6":19,"7":19,"8":19,"9":19,"10":2,"11":10,"12":10,"13":2,"14":25,"15":2,"16":10,"17":10,"18":10,"19":2},"f":{"0":19,"1":10,"2":25,"3":10},"b":{},"_coverageSchema":"1a1c01bbd47fc00a2c39e90264f33305004495a9","hash":"e057e6d39d4aba9063012c760e60fa6efcce8e31"}
,"E:\\2024\\01\\laporan masyarakat\\server\\validation\\userSchema.js": {"path":"E:\\2024\\01\\laporan masyarakat\\server\\validation\\userSchema.js","statementMap":{"0":{"start":{"line":1,"column":12},"end":{"line":1,"column":26}},"1":{"start":{"line":3,"column":14},"end":{"line":6,"column":2}},"2":{"start":{"line":8,"column":17},"end":{"line":14,"column":2}},"3":{"start":{"line":16,"column":16},"end":{"line":18,"column":2}},"4":{"start":{"line":20,"column":17},"end":{"line":26,"column":2}},"5":{"start":{"line":28,"column":0},"end":{"line":28,"column":56}}},"fnMap":{},"branchMap":{},"s":{"0":3,"1":3,"2":3,"3":3,"4":3,"5":3},"f":{},"b":{},"_coverageSchema":"1a1c01bbd47fc00a2c39e90264f33305004495a9","hash":"265507f407a6333e6eae7dc4c2fae2e9fce9469f"}
,"E:\\2024\\01\\laporan masyarakat\\server\\validation\\validation.js": {"path":"E:\\2024\\01\\laporan masyarakat\\server\\validation\\validation.js","statementMap":{"0":{"start":{"line":1,"column":22},"end":{"line":1,"column":60}},"1":{"start":{"line":3,"column":19},"end":{"line":13,"column":1}},"2":{"start":{"line":4,"column":17},"end":{"line":7,"column":4}},"3":{"start":{"line":8,"column":2},"end":{"line":12,"column":3}},"4":{"start":{"line":9,"column":4},"end":{"line":9,"column":55}},"5":{"start":{"line":11,"column":4},"end":{"line":11,"column":24}},"6":{"start":{"line":15,"column":0},"end":{"line":15,"column":28}}},"fnMap":{"0":{"name":"(anonymous_0)","decl":{"start":{"line":3,"column":19},"end":{"line":3,"column":20}},"loc":{"start":{"line":3,"column":37},"end":{"line":13,"column":1}},"line":3}},"branchMap":{"0":{"loc":{"start":{"line":8,"column":2},"end":{"line":12,"column":3}},"type":"if","locations":[{"start":{"line":8,"column":2},"end":{"line":12,"column":3}},{"start":{"line":10,"column":9},"end":{"line":12,"column":3}}],"line":8}},"s":{"0":3,"1":3,"2":13,"3":13,"4":4,"5":9,"6":3},"f":{"0":13},"b":{"0":[4,9]},"_coverageSchema":"1a1c01bbd47fc00a2c39e90264f33305004495a9","hash":"9d1eaf97a4e86c956de4d65d12968713bb26dd23"}
}
