TN:
SF:app.js
FN:47,(anonymous_0)
FNF:1
FNH:1
FNDA:1,(anonymous_0)
DA:1,5
DA:2,5
DA:3,5
DA:4,5
DA:6,5
DA:7,5
DA:8,5
DA:9,5
DA:12,5
DA:16,5
DA:18,5
DA:19,5
DA:22,5
DA:34,5
DA:35,5
DA:38,5
DA:47,5
DA:48,1
DA:49,1
DA:52,5
DA:54,5
LF:21
LH:21
BRF:0
BRH:0
end_of_record
TN:
SF:authentication\auth.js
FN:6,(anonymous_0)
FN:14,(anonymous_1)
FNF:2
FNH:1
FNDA:10,(anonymous_0)
FNDA:0,(anonymous_1)
DA:1,5
DA:2,5
DA:4,5
DA:6,5
DA:7,10
DA:8,10
DA:10,0
DA:14,5
DA:15,0
DA:16,0
DA:18,0
DA:22,5
LF:12
LH:8
BRDA:7,0,0,10
BRDA:7,0,1,0
BRDA:15,1,0,0
BRDA:15,1,1,0
BRF:4
BRH:1
end_of_record
TN:
SF:authentication\passport.js
FN:8,(anonymous_0)
FN:14,(anonymous_1)
FNF:2
FNH:2
FNDA:29,(anonymous_0)
FNDA:13,(anonymous_1)
DA:1,5
DA:2,5
DA:3,5
DA:5,5
DA:7,5
DA:9,29
DA:14,5
DA:15,13
DA:16,13
DA:17,13
DA:20,13
DA:21,13
DA:22,0
DA:24,13
DA:26,0
DA:27,0
DA:28,0
DA:29,0
DA:30,0
DA:32,0
DA:35,0
DA:39,5
DA:41,5
LF:23
LH:15
BRDA:16,0,0,13
BRDA:16,0,1,0
BRDA:21,1,0,0
BRDA:21,1,1,13
BRDA:26,2,0,0
BRDA:26,2,1,0
BRDA:29,3,0,0
BRDA:29,3,1,0
BRF:8
BRH:2
end_of_record
TN:
SF:controllers\AdminController.js
FN:5,(anonymous_0)
FN:21,(anonymous_1)
FN:37,(anonymous_2)
FN:51,(anonymous_3)
FN:107,(anonymous_4)
FN:123,(anonymous_5)
FN:153,(anonymous_6)
FN:196,(anonymous_7)
FN:219,(anonymous_8)
FN:238,(anonymous_9)
FN:258,(anonymous_10)
FN:278,(anonymous_11)
FN:342,(anonymous_12)
FN:352,(anonymous_13)
FN:371,(anonymous_14)
FN:386,(anonymous_15)
FN:441,(anonymous_16)
FN:459,(anonymous_17)
FN:480,(anonymous_18)
FN:504,(anonymous_19)
FN:515,(anonymous_20)
FN:527,(anonymous_21)
FN:537,(anonymous_22)
FN:558,(anonymous_23)
FN:591,(anonymous_24)
FN:612,(anonymous_25)
FN:633,(anonymous_26)
FNF:27
FNH:0
FNDA:0,(anonymous_0)
FNDA:0,(anonymous_1)
FNDA:0,(anonymous_2)
FNDA:0,(anonymous_3)
FNDA:0,(anonymous_4)
FNDA:0,(anonymous_5)
FNDA:0,(anonymous_6)
FNDA:0,(anonymous_7)
FNDA:0,(anonymous_8)
FNDA:0,(anonymous_9)
FNDA:0,(anonymous_10)
FNDA:0,(anonymous_11)
FNDA:0,(anonymous_12)
FNDA:0,(anonymous_13)
FNDA:0,(anonymous_14)
FNDA:0,(anonymous_15)
FNDA:0,(anonymous_16)
FNDA:0,(anonymous_17)
FNDA:0,(anonymous_18)
FNDA:0,(anonymous_19)
FNDA:0,(anonymous_20)
FNDA:0,(anonymous_21)
FNDA:0,(anonymous_22)
FNDA:0,(anonymous_23)
FNDA:0,(anonymous_24)
FNDA:0,(anonymous_25)
FNDA:0,(anonymous_26)
DA:1,5
DA:2,5
DA:6,0
DA:7,0
DA:11,0
DA:17,0
DA:22,0
DA:23,0
DA:25,0
DA:33,0
DA:38,0
DA:39,0
DA:40,0
DA:47,0
DA:52,0
DA:53,0
DA:54,0
DA:56,0
DA:59,0
DA:63,0
DA:64,0
DA:67,0
DA:68,0
DA:71,0
DA:75,0
DA:78,0
DA:79,0
DA:90,0
DA:91,0
DA:93,0
DA:94,0
DA:103,0
DA:108,0
DA:109,0
DA:112,0
DA:119,0
DA:124,0
DA:125,0
DA:127,0
DA:130,0
DA:132,0
DA:133,0
DA:140,0
DA:149,0
DA:154,0
DA:155,0
DA:156,0
DA:159,0
DA:160,0
DA:165,0
DA:166,0
DA:173,0
DA:174,0
DA:182,0
DA:188,0
DA:189,0
DA:192,0
DA:197,0
DA:198,0
DA:199,0
DA:200,0
DA:202,0
DA:206,0
DA:215,0
DA:220,0
DA:221,0
DA:224,0
DA:226,0
DA:234,0
DA:239,0
DA:240,0
DA:243,0
DA:247,0
DA:254,0
DA:259,0
DA:260,0
DA:263,0
DA:267,0
DA:274,0
DA:279,0
DA:280,0
DA:281,0
DA:282,0
DA:286,0
DA:289,0
DA:293,0
DA:294,0
DA:297,0
DA:298,0
DA:301,0
DA:302,0
DA:305,0
DA:309,0
DA:312,0
DA:313,0
DA:317,0
DA:325,0
DA:334,0
DA:335,0
DA:338,0
DA:343,0
DA:344,0
DA:345,0
DA:346,0
DA:348,0
DA:353,0
DA:354,0
DA:355,0
DA:359,0
DA:367,0
DA:372,0
DA:373,0
DA:376,0
DA:382,0
DA:387,0
DA:388,0
DA:389,0
DA:391,0
DA:394,0
DA:397,0
DA:401,0
DA:402,0
DA:405,0
DA:406,0
DA:409,0
DA:413,0
DA:416,0
DA:417,0
DA:426,0
DA:427,0
DA:429,0
DA:437,0
DA:442,0
DA:443,0
DA:446,0
DA:448,0
DA:455,0
DA:460,0
DA:461,0
DA:464,0
DA:468,0
DA:476,0
DA:481,0
DA:482,0
DA:485,0
DA:488,0
DA:492,0
DA:500,0
DA:505,0
DA:506,0
DA:508,0
DA:516,0
DA:520,0
DA:521,0
DA:523,0
DA:528,0
DA:529,0
DA:530,0
DA:531,0
DA:533,0
DA:538,0
DA:539,0
DA:543,0
DA:547,0
DA:554,0
DA:559,0
DA:560,0
DA:564,0
DA:567,0
DA:570,0
DA:573,0
DA:577,0
DA:587,0
DA:592,0
DA:593,0
DA:597,0
DA:601,0
DA:608,0
DA:613,0
DA:614,0
DA:618,0
DA:621,0
DA:629,0
DA:634,0
DA:635,0
DA:636,0
DA:638,0
DA:643,5
LF:188
LH:3
BRDA:63,0,0,0
BRDA:63,0,1,0
BRDA:67,1,0,0
BRDA:67,1,1,0
BRDA:71,2,0,0
BRDA:71,2,1,0
BRDA:72,3,0,0
BRDA:72,3,1,0
BRDA:78,4,0,0
BRDA:78,4,1,0
BRDA:132,5,0,0
BRDA:132,5,1,0
BRDA:165,6,0,0
BRDA:165,6,1,0
BRDA:173,7,0,0
BRDA:173,7,1,0
BRDA:293,8,0,0
BRDA:293,8,1,0
BRDA:297,9,0,0
BRDA:297,9,1,0
BRDA:301,10,0,0
BRDA:301,10,1,0
BRDA:305,11,0,0
BRDA:305,11,1,0
BRDA:306,12,0,0
BRDA:306,12,1,0
BRDA:312,13,0,0
BRDA:312,13,1,0
BRDA:401,14,0,0
BRDA:401,14,1,0
BRDA:405,15,0,0
BRDA:405,15,1,0
BRDA:409,16,0,0
BRDA:409,16,1,0
BRDA:410,17,0,0
BRDA:410,17,1,0
BRDA:416,18,0,0
BRDA:416,18,1,0
BRF:38
BRH:0
end_of_record
TN:
SF:controllers\Controller.js
FN:6,(anonymous_0)
FN:18,(anonymous_1)
FN:30,(anonymous_2)
FN:42,(anonymous_3)
FN:54,(anonymous_4)
FN:89,(anonymous_5)
FN:100,(anonymous_6)
FN:134,(anonymous_7)
FN:145,(anonymous_8)
FNF:9
FNH:0
FNDA:0,(anonymous_0)
FNDA:0,(anonymous_1)
FNDA:0,(anonymous_2)
FNDA:0,(anonymous_3)
FNDA:0,(anonymous_4)
FNDA:0,(anonymous_5)
FNDA:0,(anonymous_6)
FNDA:0,(anonymous_7)
FNDA:0,(anonymous_8)
DA:1,5
DA:2,5
DA:3,5
DA:7,0
DA:8,0
DA:10,0
DA:11,0
DA:13,0
DA:19,0
DA:20,0
DA:22,0
DA:23,0
DA:25,0
DA:31,0
DA:32,0
DA:34,0
DA:35,0
DA:37,0
DA:43,0
DA:44,0
DA:50,0
DA:55,0
DA:56,0
DA:57,0
DA:59,0
DA:61,0
DA:62,0
DA:63,0
DA:64,0
DA:65,0
DA:66,0
DA:67,0
DA:69,0
DA:70,0
DA:77,0
DA:78,0
DA:85,0
DA:90,0
DA:91,0
DA:96,0
DA:101,0
DA:102,0
DA:103,0
DA:105,0
DA:106,0
DA:107,0
DA:108,0
DA:109,0
DA:110,0
DA:111,0
DA:112,0
DA:114,0
DA:115,0
DA:122,0
DA:123,0
DA:130,0
DA:135,0
DA:136,0
DA:141,0
DA:146,0
DA:147,0
DA:149,0
DA:151,0
DA:154,0
DA:158,0
DA:159,0
DA:162,0
DA:163,0
DA:166,0
DA:167,0
DA:170,0
DA:174,0
DA:177,0
DA:178,0
DA:187,0
DA:188,0
DA:190,0
DA:197,0
DA:202,5
LF:79
LH:4
BRDA:7,0,0,0
BRDA:7,0,1,0
BRDA:7,1,0,0
BRDA:7,1,1,0
BRDA:10,2,0,0
BRDA:10,2,1,0
BRDA:19,3,0,0
BRDA:19,3,1,0
BRDA:22,4,0,0
BRDA:22,4,1,0
BRDA:31,5,0,0
BRDA:31,5,1,0
BRDA:34,6,0,0
BRDA:34,6,1,0
BRDA:61,7,0,0
BRDA:61,7,1,0
BRDA:63,8,0,0
BRDA:63,8,1,0
BRDA:106,9,0,0
BRDA:106,9,1,0
BRDA:108,10,0,0
BRDA:108,10,1,0
BRDA:158,11,0,0
BRDA:158,11,1,0
BRDA:162,12,0,0
BRDA:162,12,1,0
BRDA:166,13,0,0
BRDA:166,13,1,0
BRDA:170,14,0,0
BRDA:170,14,1,0
BRDA:171,15,0,0
BRDA:171,15,1,0
BRDA:177,16,0,0
BRDA:177,16,1,0
BRF:34
BRH:0
end_of_record
TN:
SF:controllers\UserController.js
FN:6,(anonymous_0)
FN:22,(anonymous_1)
FN:38,(anonymous_2)
FN:53,(anonymous_3)
FN:111,(anonymous_4)
FN:127,(anonymous_5)
FN:160,(anonymous_6)
FN:206,(anonymous_7)
FN:221,(anonymous_8)
FN:263,(anonymous_9)
FN:283,(anonymous_10)
FN:320,(anonymous_11)
FNF:12
FNH:0
FNDA:0,(anonymous_0)
FNDA:0,(anonymous_1)
FNDA:0,(anonymous_2)
FNDA:0,(anonymous_3)
FNDA:0,(anonymous_4)
FNDA:0,(anonymous_5)
FNDA:0,(anonymous_6)
FNDA:0,(anonymous_7)
FNDA:0,(anonymous_8)
FNDA:0,(anonymous_9)
FNDA:0,(anonymous_10)
FNDA:0,(anonymous_11)
DA:1,5
DA:2,5
DA:7,0
DA:8,0
DA:11,0
DA:18,0
DA:23,0
DA:24,0
DA:26,0
DA:34,0
DA:39,0
DA:40,0
DA:42,0
DA:49,0
DA:54,0
DA:55,0
DA:56,0
DA:58,0
DA:61,0
DA:65,0
DA:66,0
DA:69,0
DA:70,0
DA:73,0
DA:74,0
DA:77,0
DA:81,0
DA:84,0
DA:85,0
DA:94,0
DA:95,0
DA:97,0
DA:98,0
DA:107,0
DA:112,0
DA:113,0
DA:116,0
DA:123,0
DA:128,0
DA:129,0
DA:131,0
DA:134,0
DA:137,0
DA:139,0
DA:140,0
DA:147,0
DA:156,0
DA:161,0
DA:162,0
DA:164,0
DA:165,0
DA:166,0
DA:170,0
DA:175,0
DA:176,0
DA:183,0
DA:184,0
DA:192,0
DA:198,0
DA:199,0
DA:202,0
DA:207,0
DA:208,0
DA:211,0
DA:217,0
DA:222,0
DA:223,0
DA:224,0
DA:226,0
DA:230,0
DA:231,0
DA:238,0
DA:247,0
DA:259,0
DA:264,0
DA:265,0
DA:268,0
DA:272,0
DA:279,0
DA:284,0
DA:285,0
DA:288,0
DA:291,0
DA:293,0
DA:294,0
DA:297,0
DA:307,0
DA:316,0
DA:321,0
DA:322,0
DA:323,0
DA:325,0
DA:330,5
LF:93
LH:3
BRDA:65,0,0,0
BRDA:65,0,1,0
BRDA:69,1,0,0
BRDA:69,1,1,0
BRDA:73,2,0,0
BRDA:73,2,1,0
BRDA:77,3,0,0
BRDA:77,3,1,0
BRDA:78,4,0,0
BRDA:78,4,1,0
BRDA:84,5,0,0
BRDA:84,5,1,0
BRDA:139,6,0,0
BRDA:139,6,1,0
BRDA:175,7,0,0
BRDA:175,7,1,0
BRDA:183,8,0,0
BRDA:183,8,1,0
BRDA:230,9,0,0
BRDA:230,9,1,0
BRDA:230,10,0,0
BRDA:230,10,1,0
BRDA:293,11,0,0
BRDA:293,11,1,0
BRF:24
BRH:0
end_of_record
TN:
SF:controllers\adminAuth.js
FN:11,(anonymous_0)
FN:63,(anonymous_1)
FN:127,(anonymous_2)
FNF:3
FNH:1
FNDA:0,(anonymous_0)
FNDA:3,(anonymous_1)
FNDA:0,(anonymous_2)
DA:1,5
DA:2,5
DA:3,5
DA:4,5
DA:5,5
DA:6,5
DA:8,5
DA:9,5
DA:11,5
DA:12,0
DA:14,0
DA:22,0
DA:25,0
DA:28,0
DA:31,0
DA:35,0
DA:37,0
DA:47,0
DA:54,0
DA:59,0
DA:63,5
DA:64,3
DA:66,3
DA:71,3
DA:73,3
DA:78,3
DA:81,1
DA:86,2
DA:92,2
DA:93,1
DA:99,1
DA:112,1
DA:123,2
DA:127,5
DA:128,0
DA:129,0
DA:130,0
DA:141,0
DA:145,5
LF:39
LH:24
BRDA:28,0,0,0
BRDA:28,0,1,0
BRDA:78,1,0,1
BRDA:78,1,1,2
BRDA:92,2,0,1
BRDA:92,2,1,1
BRF:6
BRH:4
end_of_record
TN:
SF:controllers\homepage.js
FN:1,(anonymous_0)
FN:9,(anonymous_1)
FNF:2
FNH:1
FNDA:1,(anonymous_0)
FNDA:0,(anonymous_1)
DA:1,5
DA:2,1
DA:3,1
DA:5,0
DA:9,5
DA:10,0
DA:11,0
DA:13,0
DA:17,5
LF:9
LH:5
BRF:0
BRH:0
end_of_record
TN:
SF:controllers\newAdminController.js
FN:7,(anonymous_0)
FN:28,(anonymous_1)
FN:51,(anonymous_2)
FN:74,(anonymous_3)
FN:120,(anonymous_4)
FN:144,(anonymous_5)
FN:161,(anonymous_6)
FN:201,(anonymous_7)
FN:213,(anonymous_8)
FN:228,(anonymous_9)
FN:262,(anonymous_10)
FN:282,(anonymous_11)
FNF:12
FNH:0
FNDA:0,(anonymous_0)
FNDA:0,(anonymous_1)
FNDA:0,(anonymous_2)
FNDA:0,(anonymous_3)
FNDA:0,(anonymous_4)
FNDA:0,(anonymous_5)
FNDA:0,(anonymous_6)
FNDA:0,(anonymous_7)
FNDA:0,(anonymous_8)
FNDA:0,(anonymous_9)
FNDA:0,(anonymous_10)
FNDA:0,(anonymous_11)
DA:1,5
DA:2,5
DA:3,5
DA:4,5
DA:5,5
DA:7,5
DA:8,0
DA:9,0
DA:13,0
DA:14,0
DA:15,0
DA:16,0
DA:19,0
DA:24,0
DA:28,5
DA:29,0
DA:30,0
DA:34,0
DA:35,0
DA:38,0
DA:39,0
DA:42,0
DA:47,0
DA:51,5
DA:52,0
DA:53,0
DA:57,0
DA:58,0
DA:61,0
DA:62,0
DA:65,0
DA:70,0
DA:74,5
DA:75,0
DA:76,0
DA:84,0
DA:85,0
DA:88,0
DA:89,0
DA:91,0
DA:94,0
DA:95,0
DA:97,0
DA:106,0
DA:111,0
DA:116,0
DA:120,5
DA:121,0
DA:122,0
DA:126,0
DA:127,0
DA:131,0
DA:132,0
DA:135,0
DA:140,0
DA:144,5
DA:145,0
DA:146,0
DA:150,0
DA:151,0
DA:152,0
DA:157,0
DA:161,5
DA:162,0
DA:163,0
DA:167,0
DA:168,0
DA:172,0
DA:177,0
DA:178,0
DA:181,0
DA:183,0
DA:187,0
DA:192,0
DA:197,0
DA:201,5
DA:202,0
DA:203,0
DA:204,0
DA:209,0
DA:213,5
DA:214,0
DA:215,0
DA:216,0
DA:219,0
DA:224,0
DA:228,5
DA:229,0
DA:230,0
DA:238,0
DA:240,0
DA:242,0
DA:251,0
DA:253,0
DA:258,0
DA:262,5
DA:263,0
DA:264,0
DA:265,0
DA:268,0
DA:269,0
DA:270,0
DA:273,0
DA:278,0
DA:282,5
DA:283,0
DA:284,0
DA:285,0
DA:296,0
DA:300,5
LF:110
LH:18
BRDA:15,0,0,0
BRDA:15,0,1,0
BRDA:38,1,0,0
BRDA:38,1,1,0
BRDA:61,2,0,0
BRDA:61,2,1,0
BRDA:88,3,0,0
BRDA:88,3,1,0
BRDA:94,4,0,0
BRDA:94,4,1,0
BRDA:131,5,0,0
BRDA:131,5,1,0
BRDA:177,6,0,0
BRDA:177,6,1,0
BRDA:269,7,0,0
BRDA:269,7,1,0
BRF:16
BRH:0
end_of_record
TN:
SF:controllers\newBalasanController.js
FN:6,(anonymous_0)
FN:38,(anonymous_1)
FN:56,(anonymous_2)
FN:74,(anonymous_3)
FN:92,(anonymous_4)
FN:121,(anonymous_5)
FN:151,(anonymous_6)
FN:169,(anonymous_7)
FNF:8
FNH:0
FNDA:0,(anonymous_0)
FNDA:0,(anonymous_1)
FNDA:0,(anonymous_2)
FNDA:0,(anonymous_3)
FNDA:0,(anonymous_4)
FNDA:0,(anonymous_5)
FNDA:0,(anonymous_6)
FNDA:0,(anonymous_7)
DA:1,5
DA:2,5
DA:3,5
DA:4,5
DA:6,5
DA:7,0
DA:8,0
DA:11,0
DA:13,0
DA:14,0
DA:15,0
DA:17,0
DA:20,0
DA:21,0
DA:24,0
DA:34,0
DA:38,5
DA:39,0
DA:40,0
DA:43,0
DA:46,0
DA:52,0
DA:56,5
DA:57,0
DA:58,0
DA:61,0
DA:64,0
DA:70,0
DA:74,5
DA:75,0
DA:76,0
DA:79,0
DA:82,0
DA:88,0
DA:92,5
DA:93,0
DA:94,0
DA:100,0
DA:103,0
DA:104,0
DA:107,0
DA:112,0
DA:117,0
DA:121,5
DA:122,0
DA:123,0
DA:126,0
DA:127,0
DA:130,0
DA:134,0
DA:135,0
DA:138,0
DA:142,0
DA:147,0
DA:151,5
DA:152,0
DA:153,0
DA:157,0
DA:159,0
DA:165,0
DA:169,5
DA:170,0
DA:171,0
DA:175,0
DA:179,0
DA:185,0
DA:189,5
LF:67
LH:13
BRDA:20,0,0,0
BRDA:20,0,1,0
BRDA:103,1,0,0
BRDA:103,1,1,0
BRDA:126,2,0,0
BRDA:126,2,1,0
BRDA:134,3,0,0
BRDA:134,3,1,0
BRF:8
BRH:0
end_of_record
TN:
SF:controllers\newLaporanController.js
FN:6,(anonymous_0)
FN:34,(anonymous_1)
FN:69,(anonymous_2)
FN:101,(anonymous_3)
FN:169,(anonymous_4)
FN:186,(anonymous_5)
FN:207,(anonymous_6)
FN:241,(anonymous_7)
FN:260,(anonymous_8)
FN:284,(anonymous_9)
FNF:10
FNH:4
FNDA:1,(anonymous_0)
FNDA:2,(anonymous_1)
FNDA:1,(anonymous_2)
FNDA:1,(anonymous_3)
FNDA:0,(anonymous_4)
FNDA:0,(anonymous_5)
FNDA:0,(anonymous_6)
FNDA:0,(anonymous_7)
FNDA:0,(anonymous_8)
FNDA:0,(anonymous_9)
DA:1,5
DA:2,5
DA:3,5
DA:4,5
DA:6,5
DA:7,1
DA:8,1
DA:12,1
DA:13,1
DA:19,1
DA:20,0
DA:23,1
DA:30,0
DA:34,5
DA:35,2
DA:36,2
DA:41,2
DA:42,2
DA:44,0
DA:48,2
DA:50,1
DA:54,1
DA:55,0
DA:58,1
DA:60,1
DA:65,1
DA:69,5
DA:70,1
DA:71,1
DA:75,1
DA:77,1
DA:80,1
DA:81,0
DA:84,1
DA:87,1
DA:88,0
DA:91,1
DA:97,0
DA:101,5
DA:102,1
DA:103,1
DA:107,1
DA:109,1
DA:112,1
DA:113,0
DA:116,1
DA:121,1
DA:122,0
DA:141,1
DA:148,1
DA:155,1
DA:165,0
DA:169,5
DA:170,0
DA:171,0
DA:174,0
DA:176,0
DA:182,0
DA:186,5
DA:187,0
DA:188,0
DA:193,0
DA:197,0
DA:203,0
DA:207,5
DA:208,0
DA:209,0
DA:210,0
DA:215,0
DA:217,0
DA:221,0
DA:222,0
DA:225,0
DA:227,0
DA:232,0
DA:238,0
DA:241,5
DA:242,0
DA:243,0
DA:246,0
DA:247,0
DA:248,0
DA:250,0
DA:251,0
DA:256,0
DA:260,5
DA:261,0
DA:262,0
DA:266,0
DA:268,0
DA:269,0
DA:270,0
DA:272,0
DA:274,0
DA:280,0
DA:284,5
DA:285,0
DA:286,0
DA:290,0
DA:291,0
DA:292,0
DA:294,0
DA:295,0
DA:298,0
DA:301,0
DA:304,0
DA:308,0
DA:316,0
DA:320,5
LF:109
LH:49
BRDA:19,0,0,0
BRDA:19,0,1,1
BRDA:42,1,0,0
BRDA:42,1,1,2
BRDA:54,2,0,0
BRDA:54,2,1,1
BRDA:80,3,0,0
BRDA:80,3,1,1
BRDA:87,4,0,0
BRDA:87,4,1,1
BRDA:112,5,0,0
BRDA:112,5,1,1
BRDA:121,6,0,0
BRDA:121,6,1,1
BRDA:221,7,0,0
BRDA:221,7,1,0
BRDA:247,8,0,0
BRDA:247,8,1,0
BRDA:269,9,0,0
BRDA:269,9,1,0
BRDA:291,10,0,0
BRDA:291,10,1,0
BRF:22
BRH:7
end_of_record
TN:
SF:controllers\newUserControler.js
FN:7,(anonymous_0)
FN:34,(anonymous_1)
FN:80,(anonymous_2)
FN:105,(anonymous_3)
FN:122,(anonymous_4)
FNF:5
FNH:4
FNDA:3,(anonymous_0)
FNDA:1,(anonymous_1)
FNDA:1,(anonymous_2)
FNDA:0,(anonymous_3)
FNDA:2,(anonymous_4)
DA:1,5
DA:2,5
DA:3,5
DA:4,5
DA:5,5
DA:7,5
DA:8,3
DA:9,3
DA:12,3
DA:13,3
DA:14,3
DA:15,0
DA:18,3
DA:25,3
DA:30,0
DA:34,5
DA:35,1
DA:36,1
DA:43,1
DA:44,1
DA:45,1
DA:49,1
DA:50,0
DA:53,1
DA:54,0
DA:57,1
DA:66,1
DA:71,1
DA:76,0
DA:80,5
DA:81,1
DA:82,1
DA:85,1
DA:86,1
DA:90,1
DA:91,0
DA:93,1
DA:96,1
DA:101,0
DA:105,5
DA:106,0
DA:107,0
DA:111,0
DA:112,0
DA:113,0
DA:118,0
DA:122,5
DA:123,2
DA:124,2
DA:128,2
DA:129,2
DA:133,2
DA:138,2
DA:139,1
DA:142,1
DA:144,1
DA:148,1
DA:153,1
DA:158,1
DA:162,5
LF:60
LH:47
BRDA:14,0,0,0
BRDA:14,0,1,3
BRDA:49,1,0,0
BRDA:49,1,1,1
BRDA:53,2,0,0
BRDA:53,2,1,1
BRDA:90,3,0,0
BRDA:90,3,1,1
BRDA:138,4,0,1
BRDA:138,4,1,1
BRF:10
BRH:6
end_of_record
TN:
SF:controllers\userAuth.js
FN:11,(anonymous_0)
FN:61,(anonymous_1)
FN:123,(anonymous_2)
FNF:3
FNH:3
FNDA:4,(anonymous_0)
FNDA:4,(anonymous_1)
FNDA:1,(anonymous_2)
DA:1,5
DA:2,5
DA:3,5
DA:4,5
DA:5,5
DA:6,5
DA:8,5
DA:9,5
DA:11,5
DA:12,4
DA:14,4
DA:22,4
DA:25,2
DA:26,2
DA:29,1
DA:33,1
DA:35,1
DA:45,1
DA:52,1
DA:57,3
DA:61,5
DA:62,4
DA:64,4
DA:69,4
DA:72,2
DA:75,2
DA:78,0
DA:83,2
DA:88,2
DA:89,1
DA:95,1
DA:108,1
DA:119,3
DA:123,5
DA:124,1
DA:125,1
DA:126,1
DA:137,0
DA:141,5
LF:39
LH:37
BRDA:26,0,0,1
BRDA:26,0,1,1
BRDA:75,1,0,0
BRDA:75,1,1,2
BRDA:88,2,0,1
BRDA:88,2,1,1
BRF:6
BRH:5
end_of_record
TN:
SF:db\db.js
FNF:0
FNH:0
DA:1,5
DA:2,5
DA:3,5
DA:5,5
LF:4
LH:4
BRF:0
BRH:0
end_of_record
TN:
SF:db\knexfile.js
FNF:0
FNH:0
DA:6,5
LF:1
LH:1
BRF:0
BRH:0
end_of_record
TN:
SF:middleware\errorMidleware.js
FN:3,(anonymous_0)
FNF:1
FNH:1
FNDA:11,(anonymous_0)
DA:1,5
DA:3,5
DA:4,11
DA:5,11
DA:6,0
DA:7,0
DA:9,11
DA:10,11
DA:15,0
DA:21,0
DA:25,5
LF:11
LH:7
BRDA:5,0,0,0
BRDA:5,0,1,11
BRDA:9,1,0,11
BRDA:9,1,1,0
BRF:4
BRH:2
end_of_record
TN:
SF:middleware\responseError.js
FN:2,(anonymous_0)
FNF:1
FNH:1
FNDA:11,(anonymous_0)
DA:3,11
DA:4,11
DA:8,5
LF:3
LH:3
BRF:0
BRH:0
end_of_record
TN:
SF:routes\adminRoutes.js
FNF:0
FNH:0
DA:1,5
DA:2,5
DA:3,5
DA:4,5
DA:5,5
DA:6,5
DA:7,5
DA:48,5
DA:49,5
DA:50,5
DA:51,5
DA:52,5
DA:53,5
DA:54,5
DA:60,5
DA:61,5
DA:62,5
DA:67,5
DA:72,5
DA:77,5
DA:83,5
DA:84,5
DA:85,5
DA:90,5
DA:96,5
DA:97,5
DA:102,5
DA:104,5
DA:109,5
DA:110,5
DA:115,5
DA:116,5
DA:122,5
DA:124,5
LF:34
LH:34
BRF:0
BRH:0
end_of_record
TN:
SF:routes\index.js
FNF:0
FNH:0
DA:1,5
DA:2,5
DA:3,5
DA:4,5
DA:5,5
DA:7,5
DA:8,5
DA:9,5
DA:12,5
DA:27,5
DA:31,5
DA:33,5
DA:35,5
DA:38,5
DA:39,5
DA:41,5
DA:43,5
LF:17
LH:17
BRF:0
BRH:0
end_of_record
TN:
SF:routes\userRoutes.js
FNF:0
FNH:0
DA:1,5
DA:2,5
DA:3,5
DA:4,5
DA:5,5
DA:6,5
DA:8,5
DA:9,5
DA:10,5
DA:12,5
DA:14,5
DA:20,5
DA:28,5
DA:49,5
DA:50,5
DA:51,5
DA:52,5
DA:53,5
DA:54,5
DA:55,5
DA:61,5
DA:62,5
DA:68,5
DA:69,5
DA:70,5
DA:72,5
LF:26
LH:26
BRF:0
BRH:0
end_of_record
TN:
SF:test\utility.js
FN:8,(anonymous_0)
FN:29,(anonymous_1)
FN:36,(anonymous_2)
FN:40,(anonymous_3)
FN:55,(anonymous_4)
FN:75,(anonymous_5)
FN:80,(anonymous_6)
FN:84,(anonymous_7)
FN:99,(anonymous_8)
FN:114,(anonymous_9)
FN:121,(anonymous_10)
FN:126,(anonymous_11)
FN:142,(anonymous_12)
FN:148,(anonymous_13)
FNF:14
FNH:12
FNDA:33,(anonymous_0)
FNDA:33,(anonymous_1)
FNDA:39,(anonymous_2)
FNDA:18,(anonymous_3)
FNDA:5,(anonymous_4)
FNDA:5,(anonymous_5)
FNDA:5,(anonymous_6)
FNDA:0,(anonymous_7)
FNDA:4,(anonymous_8)
FNDA:6,(anonymous_9)
FNDA:4,(anonymous_10)
FNDA:4,(anonymous_11)
FNDA:0,(anonymous_12)
FNDA:2,(anonymous_13)
DA:1,4
DA:2,4
DA:3,4
DA:5,4
DA:6,4
DA:8,4
DA:9,33
DA:17,33
DA:18,33
DA:26,33
DA:29,4
DA:30,33
DA:33,33
DA:36,4
DA:37,39
DA:40,4
DA:41,18
DA:42,18
DA:52,18
DA:55,4
DA:56,5
DA:64,5
DA:65,5
DA:72,5
DA:75,4
DA:76,5
DA:77,5
DA:80,4
DA:81,5
DA:84,4
DA:85,0
DA:86,0
DA:96,0
DA:99,4
DA:100,4
DA:101,4
DA:108,4
DA:111,4
DA:114,4
DA:115,6
DA:116,6
DA:118,6
DA:121,4
DA:122,4
DA:123,4
DA:126,4
DA:127,4
DA:128,4
DA:129,4
DA:134,4
DA:137,4
DA:139,4
DA:142,4
DA:143,0
DA:144,0
DA:145,0
DA:148,4
DA:149,2
DA:152,4
LF:59
LH:53
BRF:0
BRH:0
end_of_record
TN:
SF:validation\adminSchema.js
FNF:0
FNH:0
DA:1,5
DA:3,5
DA:11,5
DA:16,5
DA:20,5
DA:28,5
DA:33,5
LF:7
LH:7
BRF:0
BRH:0
end_of_record
TN:
SF:validation\balasanSchema.js
FNF:0
FNH:0
DA:1,5
DA:3,5
DA:7,5
LF:3
LH:3
BRF:0
BRH:0
end_of_record
TN:
SF:validation\laporanSchema.js
FNF:0
FNH:0
DA:1,5
DA:3,5
DA:7,5
DA:14,5
DA:19,5
LF:5
LH:5
BRF:0
BRH:0
end_of_record
TN:
SF:validation\userSchema.js
FNF:0
FNH:0
DA:1,5
DA:3,5
DA:8,5
DA:16,5
DA:20,5
DA:28,5
DA:33,5
LF:7
LH:7
BRF:0
BRH:0
end_of_record
TN:
SF:validation\validation.js
FN:3,(anonymous_0)
FNF:1
FNH:1
FNDA:23,(anonymous_0)
DA:1,5
DA:3,5
DA:4,23
DA:8,23
DA:9,5
DA:11,18
DA:15,5
LF:7
LH:7
BRDA:8,0,0,5
BRDA:8,0,1,18
BRF:2
BRH:2
end_of_record
